{"/Users/dhairyads/Desktop/Main/CPSC 310/project_team216/src/controller/IInsightFacade.ts":{"path":"/Users/dhairyads/Desktop/Main/CPSC 310/project_team216/src/controller/IInsightFacade.ts","statementMap":{"0":{"start":{"line":2,"column":0},"end":{"line":2,"column":62}},"1":{"start":{"line":3,"column":0},"end":{"line":3,"column":113}},"2":{"start":{"line":5,"column":0},"end":{"line":8,"column":81}},"3":{"start":{"line":6,"column":4},"end":{"line":6,"column":48}},"4":{"start":{"line":7,"column":4},"end":{"line":7,"column":42}},"5":{"start":{"line":11,"column":8},"end":{"line":11,"column":23}},"6":{"start":{"line":12,"column":8},"end":{"line":12,"column":52}},"7":{"start":{"line":15,"column":0},"end":{"line":15,"column":36}},"8":{"start":{"line":18,"column":8},"end":{"line":18,"column":23}},"9":{"start":{"line":19,"column":8},"end":{"line":19,"column":53}},"10":{"start":{"line":22,"column":0},"end":{"line":22,"column":38}},"11":{"start":{"line":25,"column":8},"end":{"line":25,"column":23}},"12":{"start":{"line":26,"column":8},"end":{"line":26,"column":59}},"13":{"start":{"line":29,"column":0},"end":{"line":29,"column":50}}},"fnMap":{"0":{"name":"(anonymous_0)","decl":{"start":{"line":5,"column":1},"end":{"line":5,"column":2}},"loc":{"start":{"line":5,"column":31},"end":{"line":8,"column":1}},"line":5},"1":{"name":"(anonymous_1)","decl":{"start":{"line":10,"column":4},"end":{"line":10,"column":5}},"loc":{"start":{"line":10,"column":25},"end":{"line":13,"column":5}},"line":10},"2":{"name":"(anonymous_2)","decl":{"start":{"line":17,"column":4},"end":{"line":17,"column":5}},"loc":{"start":{"line":17,"column":25},"end":{"line":20,"column":5}},"line":17},"3":{"name":"(anonymous_3)","decl":{"start":{"line":24,"column":4},"end":{"line":24,"column":5}},"loc":{"start":{"line":24,"column":25},"end":{"line":27,"column":5}},"line":24}},"branchMap":{"0":{"loc":{"start":{"line":8,"column":3},"end":{"line":8,"column":79}},"type":"binary-expr","locations":[{"start":{"line":8,"column":3},"end":{"line":8,"column":21}},{"start":{"line":8,"column":26},"end":{"line":8,"column":78}}],"line":8}},"s":{"0":1,"1":1,"2":1,"3":1,"4":1,"5":99,"6":99,"7":1,"8":2,"9":2,"10":1,"11":10,"12":10,"13":1},"f":{"0":1,"1":99,"2":2,"3":10},"b":{"0":[1,1]},"inputSourceMap":{"version":3,"file":"/Users/dhairyads/Desktop/Main/CPSC 310/project_team216/src/controller/IInsightFacade.ts","sources":["/Users/dhairyads/Desktop/Main/CPSC 310/project_team216/src/controller/IInsightFacade.ts"],"names":[],"mappings":";;;AAMA,IAAY,kBAGX;AAHD,WAAY,kBAAkB;IAC7B,2CAAqB,CAAA;IACrB,qCAAe,CAAA;AAChB,CAAC,EAHW,kBAAkB,kCAAlB,kBAAkB,QAG7B;AAYD,MAAa,YAAa,SAAQ,KAAK;IACtC,YAAY,OAAgB;QAC3B,KAAK,CAAC,OAAO,CAAC,CAAC;QACf,KAAK,CAAC,iBAAiB,CAAC,IAAI,EAAE,YAAY,CAAC,CAAC;IAC7C,CAAC;CACD;AALD,oCAKC;AAED,MAAa,aAAc,SAAQ,KAAK;IACvC,YAAY,OAAgB;QAC3B,KAAK,CAAC,OAAO,CAAC,CAAC;QACf,KAAK,CAAC,iBAAiB,CAAC,IAAI,EAAE,aAAa,CAAC,CAAC;IAC9C,CAAC;CACD;AALD,sCAKC;AAED,MAAa,mBAAoB,SAAQ,KAAK;IAC7C,YAAY,OAAgB;QAC3B,KAAK,CAAC,OAAO,CAAC,CAAC;QACf,KAAK,CAAC,iBAAiB,CAAC,IAAI,EAAE,mBAAmB,CAAC,CAAC;IACpD,CAAC;CACD;AALD,kDAKC","sourcesContent":["/*\n * This is the primary high-level API for the project. In this folder there should be:\n * A class called InsightFacade, this should be in a file called InsightFacade.ts.\n * You should not change this interface at all or the test suite will not work.\n */\n\nexport enum InsightDatasetKind {\n\tSections = \"sections\",\n\tRooms = \"rooms\",\n}\n\nexport interface InsightDataset {\n\tid: string;\n\tkind: InsightDatasetKind;\n\tnumRows: number;\n}\n\nexport interface InsightResult {\n\t[key: string]: string | number;\n}\n\nexport class InsightError extends Error {\n\tconstructor(message?: string) {\n\t\tsuper(message);\n\t\tError.captureStackTrace(this, InsightError);\n\t}\n}\n\nexport class NotFoundError extends Error {\n\tconstructor(message?: string) {\n\t\tsuper(message);\n\t\tError.captureStackTrace(this, NotFoundError);\n\t}\n}\n\nexport class ResultTooLargeError extends Error {\n\tconstructor(message?: string) {\n\t\tsuper(message);\n\t\tError.captureStackTrace(this, ResultTooLargeError);\n\t}\n}\n\nexport interface IInsightFacade {\n\t/**\n\t * Add a dataset to insightUBC.\n\t *\n\t * @param id  The id of the dataset being added. Follows the format /^[^_]+$/\n\t * @param content  The base64 content of the dataset. This content should be in the form of a serialized zip file.\n\t * @param kind  The kind of the dataset\n\t *\n\t * @return Promise <string[]>\n\t *\n\t * The promise should fulfill on a successful add, reject for any failures.\n\t * The promise should fulfill with a string array,\n\t * containing the ids of all currently added datasets upon a successful add.\n\t * The promise should reject with an InsightError describing the error.\n\t *\n\t * An id is invalid if it contains an underscore, or is only whitespace characters.\n\t * If id is the same as the id of an already added dataset, the dataset should be rejected and not saved.\n\t *\n\t * After receiving the dataset, it should be processed into a data structure of\n\t * your design. The processed data structure should be persisted to disk; your\n\t * system should be able to load this persisted value into memory for answering\n\t * queries.\n\t *\n\t * Ultimately, a dataset must be added or loaded from disk before queries can\n\t * be successfully answered.\n\t */\n\taddDataset(id: string, content: string, kind: InsightDatasetKind): Promise<string[]>;\n\n\t/**\n\t * Remove a dataset from insightUBC.\n\t *\n\t * @param id  The id of the dataset to remove. Follows the format /^[^_]+$/\n\t *\n\t * @return Promise <string>\n\t *\n\t * The promise should fulfill upon a successful removal, reject on any error.\n\t * Attempting to remove a dataset that hasn't been added yet counts as an error.\n\t *\n\t * An id is invalid if it contains an underscore, or is only whitespace characters.\n\t *\n\t * The promise should fulfill the id of the dataset that was removed.\n\t * The promise should reject with a NotFoundError (if a valid id was not yet added)\n\t * or an InsightError (invalid id or any other source of failure) describing the error.\n\t *\n\t * This will delete both disk and memory caches for the dataset for the id meaning\n\t * that subsequent queries for that id should fail unless a new addDataset happens first.\n\t */\n\tremoveDataset(id: string): Promise<string>;\n\n\t/**\n\t * Perform a query on insightUBC.\n\t *\n\t * @param query  The query to be performed.\n\t *\n\t * If a query is incorrectly formatted, references a dataset not added (in memory or on disk),\n\t * or references multiple datasets, it should be rejected.\n\t *\n\t * @return Promise <InsightResult[]>\n\t *\n\t * The promise should fulfill with an array of results.\n\t * The promise should reject with a ResultTooLargeError (if the query returns too many results)\n\t * or an InsightError (for any other source of failure) describing the error.\n\t */\n\tperformQuery(query: unknown): Promise<InsightResult[]>;\n\n\t/**\n\t * List all currently added datasets, their types, and number of rows.\n\t *\n\t * @return Promise <InsightDataset[]>\n\t * The promise should fulfill an array of currently added InsightDatasets, and will only fulfill.\n\t */\n\tlistDatasets(): Promise<InsightDataset[]>;\n}\n"]},"_coverageSchema":"1a1c01bbd47fc00a2c39e90264f33305004495a9","hash":"1d8116108fa110c4d7b43bcaee5dedd2301fcba9","contentHash":"c76608078feb6ec9ceec2803d9e4c43f8b4e7e20141feea4136203e9aa9e5596"},"/Users/dhairyads/Desktop/Main/CPSC 310/project_team216/src/controller/InsightFacade.ts":{"path":"/Users/dhairyads/Desktop/Main/CPSC 310/project_team216/src/controller/InsightFacade.ts","statementMap":{"0":{"start":{"line":2,"column":22},"end":{"line":4,"column":1}},"1":{"start":{"line":3,"column":4},"end":{"line":3,"column":62}},"2":{"start":{"line":5,"column":0},"end":{"line":5,"column":62}},"3":{"start":{"line":6,"column":25},"end":{"line":6,"column":52}},"4":{"start":{"line":7,"column":24},"end":{"line":7,"column":77}},"5":{"start":{"line":8,"column":23},"end":{"line":8,"column":75}},"6":{"start":{"line":9,"column":26},"end":{"line":9,"column":71}},"7":{"start":{"line":10,"column":25},"end":{"line":10,"column":69}},"8":{"start":{"line":12,"column":21},"end":{"line":12,"column":51}},"9":{"start":{"line":14,"column":26},"end":{"line":14,"column":57}},"10":{"start":{"line":16,"column":25},"end":{"line":16,"column":66}},"11":{"start":{"line":17,"column":8},"end":{"line":33,"column":9}},"12":{"start":{"line":18,"column":24},"end":{"line":18,"column":74}},"13":{"start":{"line":19,"column":12},"end":{"line":29,"column":13}},"14":{"start":{"line":20,"column":16},"end":{"line":20,"column":54}},"15":{"start":{"line":21,"column":16},"end":{"line":23,"column":17}},"16":{"start":{"line":22,"column":20},"end":{"line":22,"column":67}},"17":{"start":{"line":24,"column":29},"end":{"line":24,"column":70}},"18":{"start":{"line":25,"column":16},"end":{"line":25,"column":47}},"19":{"start":{"line":28,"column":16},"end":{"line":28,"column":93}},"20":{"start":{"line":32,"column":12},"end":{"line":32,"column":84}},"21":{"start":{"line":36,"column":23},"end":{"line":36,"column":79}},"22":{"start":{"line":37,"column":22},"end":{"line":37,"column":27}},"23":{"start":{"line":38,"column":23},"end":{"line":38,"column":57}},"24":{"start":{"line":39,"column":22},"end":{"line":39,"column":65}},"25":{"start":{"line":40,"column":22},"end":{"line":40,"column":24}},"26":{"start":{"line":41,"column":8},"end":{"line":58,"column":9}},"27":{"start":{"line":42,"column":12},"end":{"line":42,"column":47}},"28":{"start":{"line":43,"column":12},"end":{"line":45,"column":13}},"29":{"start":{"line":44,"column":16},"end":{"line":44,"column":73}},"30":{"start":{"line":46,"column":12},"end":{"line":46,"column":51}},"31":{"start":{"line":49,"column":12},"end":{"line":57,"column":13}},"32":{"start":{"line":50,"column":16},"end":{"line":50,"column":24}},"33":{"start":{"line":52,"column":17},"end":{"line":57,"column":13}},"34":{"start":{"line":53,"column":16},"end":{"line":53,"column":24}},"35":{"start":{"line":56,"column":16},"end":{"line":56,"column":84}},"36":{"start":{"line":59,"column":8},"end":{"line":59,"column":40}},"37":{"start":{"line":62,"column":23},"end":{"line":62,"column":68}},"38":{"start":{"line":63,"column":8},"end":{"line":63,"column":39}},"39":{"start":{"line":66,"column":8},"end":{"line":72,"column":9}},"40":{"start":{"line":67,"column":25},"end":{"line":67,"column":68}},"41":{"start":{"line":68,"column":12},"end":{"line":68,"column":43}},"42":{"start":{"line":71,"column":12},"end":{"line":71,"column":95}},"43":{"start":{"line":75,"column":0},"end":{"line":75,"column":32}}},"fnMap":{"0":{"name":"(anonymous_0)","decl":{"start":{"line":2,"column":56},"end":{"line":2,"column":57}},"loc":{"start":{"line":2,"column":71},"end":{"line":4,"column":1}},"line":2},"1":{"name":"(anonymous_1)","decl":{"start":{"line":13,"column":4},"end":{"line":13,"column":5}},"loc":{"start":{"line":13,"column":40},"end":{"line":34,"column":5}},"line":13},"2":{"name":"(anonymous_2)","decl":{"start":{"line":35,"column":4},"end":{"line":35,"column":5}},"loc":{"start":{"line":35,"column":30},"end":{"line":60,"column":5}},"line":35},"3":{"name":"(anonymous_3)","decl":{"start":{"line":61,"column":4},"end":{"line":61,"column":5}},"loc":{"start":{"line":61,"column":25},"end":{"line":64,"column":5}},"line":61},"4":{"name":"(anonymous_4)","decl":{"start":{"line":65,"column":4},"end":{"line":65,"column":5}},"loc":{"start":{"line":65,"column":28},"end":{"line":73,"column":5}},"line":65}},"branchMap":{"0":{"loc":{"start":{"line":2,"column":22},"end":{"line":4,"column":1}},"type":"binary-expr","locations":[{"start":{"line":2,"column":23},"end":{"line":2,"column":27}},{"start":{"line":2,"column":31},"end":{"line":2,"column":51}},{"start":{"line":2,"column":56},"end":{"line":4,"column":1}}],"line":2},"1":{"loc":{"start":{"line":3,"column":11},"end":{"line":3,"column":61}},"type":"cond-expr","locations":[{"start":{"line":3,"column":37},"end":{"line":3,"column":40}},{"start":{"line":3,"column":43},"end":{"line":3,"column":61}}],"line":3},"2":{"loc":{"start":{"line":3,"column":12},"end":{"line":3,"column":33}},"type":"binary-expr","locations":[{"start":{"line":3,"column":12},"end":{"line":3,"column":15}},{"start":{"line":3,"column":19},"end":{"line":3,"column":33}}],"line":3},"3":{"loc":{"start":{"line":17,"column":8},"end":{"line":33,"column":9}},"type":"if","locations":[{"start":{"line":17,"column":8},"end":{"line":33,"column":9}},{"start":{"line":17,"column":8},"end":{"line":33,"column":9}}],"line":17},"4":{"loc":{"start":{"line":19,"column":12},"end":{"line":29,"column":13}},"type":"if","locations":[{"start":{"line":19,"column":12},"end":{"line":29,"column":13}},{"start":{"line":19,"column":12},"end":{"line":29,"column":13}}],"line":19},"5":{"loc":{"start":{"line":21,"column":16},"end":{"line":23,"column":17}},"type":"if","locations":[{"start":{"line":21,"column":16},"end":{"line":23,"column":17}},{"start":{"line":21,"column":16},"end":{"line":23,"column":17}}],"line":21},"6":{"loc":{"start":{"line":43,"column":12},"end":{"line":45,"column":13}},"type":"if","locations":[{"start":{"line":43,"column":12},"end":{"line":45,"column":13}},{"start":{"line":43,"column":12},"end":{"line":45,"column":13}}],"line":43},"7":{"loc":{"start":{"line":49,"column":12},"end":{"line":57,"column":13}},"type":"if","locations":[{"start":{"line":49,"column":12},"end":{"line":57,"column":13}},{"start":{"line":49,"column":12},"end":{"line":57,"column":13}}],"line":49},"8":{"loc":{"start":{"line":52,"column":17},"end":{"line":57,"column":13}},"type":"if","locations":[{"start":{"line":52,"column":17},"end":{"line":57,"column":13}},{"start":{"line":52,"column":17},"end":{"line":57,"column":13}}],"line":52}},"s":{"0":1,"1":4,"2":1,"3":1,"4":1,"5":1,"6":1,"7":1,"8":33,"9":35,"10":35,"11":35,"12":29,"13":29,"14":23,"15":23,"16":23,"17":23,"18":23,"19":6,"20":6,"21":141,"22":141,"23":141,"24":141,"25":141,"26":141,"27":141,"28":91,"29":0,"30":91,"31":68,"32":57,"33":11,"34":10,"35":1,"36":73,"37":15,"38":15,"39":6,"40":6,"41":5,"42":1,"43":1},"f":{"0":4,"1":35,"2":141,"3":15,"4":6},"b":{"0":[1,1,1],"1":[4,0],"2":[4,4],"3":[29,6],"4":[23,6],"5":[23,0],"6":[0,91],"7":[57,11],"8":[10,1]},"inputSourceMap":{"version":3,"file":"/Users/dhairyads/Desktop/Main/CPSC 310/project_team216/src/controller/InsightFacade.ts","sources":["/Users/dhairyads/Desktop/Main/CPSC 310/project_team216/src/controller/InsightFacade.ts"],"names":[],"mappings":";;;;;AAAA,qDAQ0B;AAE1B,8EAAsD;AAEtD,4EAAoD;AAEpD,wEAAgD;AAEhD,sEAA8C;AAG9C,MAAqB,aAAa;IACzB,cAAc,GAAmB,IAAI,wBAAc,EAAE,CAAC;IAEvD,KAAK,CAAC,UAAU,CAAC,EAAU,EAAE,OAAe,EAAE,IAAwB;QAkB5E,MAAM,SAAS,GAAG,IAAI,yBAAe,EAAE,CAAC;QACxC,IAAI,OAAiC,CAAC;QACtC,IAAI,UAAU,GAAG,MAAM,IAAI,CAAC,cAAc,CAAC,aAAa,EAAE,CAAC;QAC3D,IAAI,SAAS,CAAC,UAAU,CAAC,EAAE,EAAE,UAAU,CAAC,EAAE;YACzC,IAAI,KAAK,GAAG,MAAM,SAAS,CAAC,eAAe,CAAC,EAAE,EAAE,OAAO,EAAE,IAAI,CAAC,CAAC;YAC/D,IAAI,KAAK,EAAE;gBACV,OAAO,GAAG,SAAS,CAAC,eAAe,EAAE,CAAC;gBACtC,IAAI,OAAO,EAAE;oBACZ,MAAM,IAAI,CAAC,cAAc,CAAC,WAAW,CAAC,OAAO,CAAC,CAAC;iBAC/C;gBACD,IAAI,MAAM,GAAG,MAAM,IAAI,CAAC,cAAc,CAAC,aAAa,EAAE,CAAC;gBACvD,OAAO,OAAO,CAAC,OAAO,CAAC,MAAM,CAAC,CAAC;aAC/B;iBAAM;gBACN,OAAO,OAAO,CAAC,MAAM,CAAC,IAAI,6BAAY,CAAC,kBAAkB,CAAC,CAAC,CAAC;aAC5D;SACD;aAAM;YACN,OAAO,OAAO,CAAC,MAAM,CAAC,IAAI,6BAAY,CAAC,aAAa,CAAC,CAAC,CAAC;SACvD;IACF,CAAC;IAEM,KAAK,CAAC,YAAY,CAAC,KAAc;QACvC,IAAI,QAAQ,GAA2B,MAAM,IAAI,CAAC,cAAc,CAAC,4BAA4B,EAAE,CAAC;QAChG,IAAI,OAAO,GAAY,KAAK,CAAC;QAC7B,IAAI,QAAQ,GAAG,IAAI,uBAAa,CAAC,KAAsB,CAAC,CAAC;QACzD,IAAI,OAAO,GAAG,IAAI,sBAAY,CAAC,KAAsB,EAAE,QAAQ,CAAC,CAAC;QACjE,IAAI,OAAO,GAAoB,EAAE,CAAC;QAClC,IAAI;YACH,OAAO,GAAG,QAAQ,CAAC,aAAa,EAAE,CAAC;YAEnC,IAAI,CAAC,OAAO,EAAE;gBACb,MAAM,IAAI,6BAAY,CAAC,eAAe,CAAC,CAAC;aACxC;YAED,OAAO,GAAG,MAAM,OAAO,CAAC,YAAY,EAAE,CAAC;SACvC;QAAC,OAAO,CAAC,EAAE;YACX,IAAI,CAAC,YAAY,6BAAY,EAAE;gBAC9B,MAAM,CAAC,CAAC;aACR;iBAAM,IAAI,CAAC,YAAY,oCAAmB,EAAE;gBAC5C,MAAM,CAAC,CAAC;aACR;iBAAM;gBACN,MAAM,IAAI,6BAAY,CAAC,MAAM,CAAC,CAAC,YAAY,KAAK,CAAC,CAAC,CAAC;aACnD;SACD;QAED,OAAO,OAAO,CAAC,OAAO,CAAC,OAAO,CAAC,CAAC;IACjC,CAAC;IAEM,KAAK,CAAC,YAAY;QACxB,MAAM,MAAM,GAAG,MAAM,IAAI,CAAC,cAAc,CAAC,iBAAiB,EAAE,CAAC;QAC7D,OAAO,OAAO,CAAC,OAAO,CAAC,MAAM,CAAC,CAAC;IAChC,CAAC;IAEM,KAAK,CAAC,aAAa,CAAC,EAAU;QACpC,IAAI;YACH,IAAI,MAAM,GAAG,MAAM,IAAI,CAAC,cAAc,CAAC,aAAa,CAAC,EAAE,CAAC,CAAC;YACzD,OAAO,OAAO,CAAC,OAAO,CAAC,MAAM,CAAC,CAAC;SAC/B;QAAC,MAAM;YACP,OAAO,OAAO,CAAC,MAAM,CAAC,IAAI,8BAAa,CAAC,uBAAuB,CAAC,CAAC,CAAC;SAClE;IACF,CAAC;CACD;AAjFD,gCAiFC","sourcesContent":["import {\n\tIInsightFacade,\n\tInsightDataset,\n\tInsightDatasetKind,\n\tInsightError,\n\tInsightResult,\n\tNotFoundError,\n\tResultTooLargeError,\n} from \"./IInsightFacade\";\nimport JSZip from \"jszip\";\nimport ValidateQuery from \"../services/validateQuery\";\nimport * as fs from \"fs\";\nimport CollectQuery from \"../services/collectQuery\";\nimport * as fs_extra from \"fs-extra\";\nimport ValidateDataset from \"./validateDataset\";\nimport {DatasetEntry} from \"./DatasetEntry\";\nimport DatasetManager from \"./DatasetManager\";\nimport SectionsDatasetEntry from \"./SectionsDatasetEntry\";\n\nexport default class InsightFacade implements IInsightFacade {\n\tprivate datasetManager: DatasetManager = new DatasetManager();\n\n\tpublic async addDataset(id: string, content: string, kind: InsightDatasetKind): Promise<string[]> {\n\t\t/*\n\t\t\tThe promise should fulfill on a successful add, reject for any failures.\n\t\t\tThe promise should fulfill with a string array,\n\t\t\tcontaining the ids of all currently added datasets upon a successful add.\n\t\t\tThe promise should reject with an InsightError describing the error.\n\n\t\t\tAn id is invalid if it contains an underscore, or is only whitespace characters.\n\t\t\tIf id is the same as the id of an already added dataset, the dataset should be rejected and not saved.\n\n\t\t\tAfter receiving the dataset, it should be processed into a data structure of\n\t\t\tyour design. The processed data structure should be persisted to disk; your\n\t\t\tsystem should be able to load this persisted value into memory for answering\n\t\t\tqueries.\n\n\t\t\tUltimately, a dataset must be added or loaded from disk before queries can\n\t\t\tbe successfully answered.\n\t\t */\n\t\tconst validator = new ValidateDataset();\n\t\tlet dataset: DatasetEntry | undefined;\n\t\tlet datasetIds = await this.datasetManager.getDatasetIds();\n\t\tif (validator.validateId(id, datasetIds)) {\n\t\t\tlet valid = await validator.validateContent(id, content, kind);\n\t\t\tif (valid) {\n\t\t\t\tdataset = validator.getValidDataset();\n\t\t\t\tif (dataset) {\n\t\t\t\t\tawait this.datasetManager.saveDataset(dataset);\n\t\t\t\t}\n\t\t\t\tlet result = await this.datasetManager.getDatasetIds();\n\t\t\t\treturn Promise.resolve(result);\n\t\t\t} else {\n\t\t\t\treturn Promise.reject(new InsightError(\"Invalid content.\"));\n\t\t\t}\n\t\t} else {\n\t\t\treturn Promise.reject(new InsightError(\"Invalid id.\"));\n\t\t}\n\t}\n\n\tpublic async performQuery(query: unknown): Promise<InsightResult[]> {\n\t\tlet datasets: SectionsDatasetEntry[] = await this.datasetManager.loadSectionsDatasetsFromDisk();\n\t\tlet isValid: boolean = false;\n\t\tlet validate = new ValidateQuery(query as typeof Object);\n\t\tlet collect = new CollectQuery(query as typeof Object, datasets);\n\t\tlet results: InsightResult[] = [];\n\t\ttry {\n\t\t\tisValid = validate.validateQuery();\n\n\t\t\tif (!isValid) {\n\t\t\t\tthrow new InsightError(\"Invalid Query\");\n\t\t\t}\n\n\t\t\tresults = await collect.CollectQuery();\n\t\t} catch (e) {\n\t\t\tif (e instanceof InsightError) {\n\t\t\t\tthrow e;\n\t\t\t} else if (e instanceof ResultTooLargeError) {\n\t\t\t\tthrow e;\n\t\t\t} else {\n\t\t\t\tthrow new InsightError(String(e instanceof Error));\n\t\t\t}\n\t\t}\n\n\t\treturn Promise.resolve(results);\n\t}\n\n\tpublic async listDatasets(): Promise<InsightDataset[]> {\n\t\tconst result = await this.datasetManager.readDatasetLedger();\n\t\treturn Promise.resolve(result);\n\t}\n\n\tpublic async removeDataset(id: string): Promise<string> {\n\t\ttry {\n\t\t\tlet result = await this.datasetManager.removeDataset(id);\n\t\t\treturn Promise.resolve(result);\n\t\t} catch {\n\t\t\treturn Promise.reject(new NotFoundError(\"RemoveDataset failed.\"));\n\t\t}\n\t}\n}\n"]},"_coverageSchema":"1a1c01bbd47fc00a2c39e90264f33305004495a9","hash":"b09df2c60f496ce3fa6d8f5ba78aaad2831b87d7","contentHash":"e40df803d4531db9d833903a497f14d1d960463709d83b117b3043df62f4a798"},"/Users/dhairyads/Desktop/Main/CPSC 310/project_team216/src/services/validateQuery.ts":{"path":"/Users/dhairyads/Desktop/Main/CPSC 310/project_team216/src/services/validateQuery.ts","statementMap":{"0":{"start":{"line":2,"column":0},"end":{"line":2,"column":62}},"1":{"start":{"line":3,"column":25},"end":{"line":3,"column":64}},"2":{"start":{"line":6,"column":13},"end":{"line":6,"column":58}},"3":{"start":{"line":7,"column":13},"end":{"line":7,"column":53}},"4":{"start":{"line":9,"column":8},"end":{"line":9,"column":27}},"5":{"start":{"line":12,"column":22},"end":{"line":12,"column":27}},"6":{"start":{"line":13,"column":25},"end":{"line":13,"column":30}},"7":{"start":{"line":14,"column":22},"end":{"line":14,"column":27}},"8":{"start":{"line":16,"column":8},"end":{"line":16,"column":39}},"9":{"start":{"line":17,"column":8},"end":{"line":37,"column":9}},"10":{"start":{"line":18,"column":12},"end":{"line":36,"column":13}},"11":{"start":{"line":19,"column":16},"end":{"line":19,"column":31}},"12":{"start":{"line":20,"column":16},"end":{"line":20,"column":61}},"13":{"start":{"line":22,"column":17},"end":{"line":36,"column":13}},"14":{"start":{"line":23,"column":16},"end":{"line":23,"column":34}},"15":{"start":{"line":24,"column":16},"end":{"line":24,"column":64}},"16":{"start":{"line":27,"column":16},"end":{"line":35,"column":17}},"17":{"start":{"line":28,"column":20},"end":{"line":28,"column":79}},"18":{"start":{"line":30,"column":21},"end":{"line":35,"column":17}},"19":{"start":{"line":31,"column":20},"end":{"line":31,"column":81}},"20":{"start":{"line":34,"column":20},"end":{"line":34,"column":77}},"21":{"start":{"line":38,"column":8},"end":{"line":43,"column":9}},"22":{"start":{"line":39,"column":12},"end":{"line":39,"column":71}},"23":{"start":{"line":41,"column":13},"end":{"line":43,"column":9}},"24":{"start":{"line":42,"column":12},"end":{"line":42,"column":73}},"25":{"start":{"line":44,"column":8},"end":{"line":44,"column":23}},"26":{"start":{"line":47,"column":22},"end":{"line":47,"column":27}},"27":{"start":{"line":49,"column":8},"end":{"line":49,"column":33}},"28":{"start":{"line":50,"column":8},"end":{"line":66,"column":9}},"29":{"start":{"line":51,"column":12},"end":{"line":65,"column":13}},"30":{"start":{"line":52,"column":16},"end":{"line":52,"column":56}},"31":{"start":{"line":54,"column":17},"end":{"line":65,"column":13}},"32":{"start":{"line":55,"column":16},"end":{"line":55,"column":60}},"33":{"start":{"line":57,"column":17},"end":{"line":65,"column":13}},"34":{"start":{"line":58,"column":16},"end":{"line":58,"column":56}},"35":{"start":{"line":60,"column":17},"end":{"line":65,"column":13}},"36":{"start":{"line":61,"column":16},"end":{"line":61,"column":59}},"37":{"start":{"line":64,"column":16},"end":{"line":64,"column":73}},"38":{"start":{"line":67,"column":8},"end":{"line":67,"column":23}},"39":{"start":{"line":70,"column":22},"end":{"line":70,"column":27}},"40":{"start":{"line":72,"column":8},"end":{"line":72,"column":34}},"41":{"start":{"line":73,"column":8},"end":{"line":92,"column":9}},"42":{"start":{"line":74,"column":23},"end":{"line":74,"column":37}},"43":{"start":{"line":75,"column":12},"end":{"line":77,"column":13}},"44":{"start":{"line":76,"column":16},"end":{"line":76,"column":73}},"45":{"start":{"line":78,"column":32},"end":{"line":78,"column":62}},"46":{"start":{"line":79,"column":12},"end":{"line":81,"column":13}},"47":{"start":{"line":80,"column":16},"end":{"line":80,"column":73}},"48":{"start":{"line":82,"column":12},"end":{"line":91,"column":13}},"49":{"start":{"line":83,"column":30},"end":{"line":83,"column":40}},"50":{"start":{"line":84,"column":16},"end":{"line":86,"column":17}},"51":{"start":{"line":85,"column":20},"end":{"line":85,"column":77}},"52":{"start":{"line":87,"column":16},"end":{"line":87,"column":31}},"53":{"start":{"line":90,"column":16},"end":{"line":90,"column":73}},"54":{"start":{"line":93,"column":8},"end":{"line":93,"column":23}},"55":{"start":{"line":96,"column":22},"end":{"line":96,"column":27}},"56":{"start":{"line":98,"column":8},"end":{"line":98,"column":38}},"57":{"start":{"line":99,"column":8},"end":{"line":101,"column":9}},"58":{"start":{"line":100,"column":12},"end":{"line":100,"column":56}},"59":{"start":{"line":102,"column":8},"end":{"line":102,"column":23}},"60":{"start":{"line":105,"column":22},"end":{"line":105,"column":27}},"61":{"start":{"line":107,"column":8},"end":{"line":107,"column":34}},"62":{"start":{"line":108,"column":8},"end":{"line":127,"column":9}},"63":{"start":{"line":109,"column":23},"end":{"line":109,"column":37}},"64":{"start":{"line":110,"column":12},"end":{"line":112,"column":13}},"65":{"start":{"line":111,"column":16},"end":{"line":111,"column":73}},"66":{"start":{"line":113,"column":32},"end":{"line":113,"column":62}},"67":{"start":{"line":114,"column":12},"end":{"line":116,"column":13}},"68":{"start":{"line":115,"column":16},"end":{"line":115,"column":73}},"69":{"start":{"line":117,"column":12},"end":{"line":126,"column":13}},"70":{"start":{"line":118,"column":30},"end":{"line":118,"column":40}},"71":{"start":{"line":119,"column":16},"end":{"line":121,"column":17}},"72":{"start":{"line":120,"column":20},"end":{"line":120,"column":77}},"73":{"start":{"line":122,"column":16},"end":{"line":122,"column":58}},"74":{"start":{"line":125,"column":16},"end":{"line":125,"column":73}},"75":{"start":{"line":128,"column":8},"end":{"line":128,"column":23}},"76":{"start":{"line":131,"column":22},"end":{"line":131,"column":27}},"77":{"start":{"line":133,"column":8},"end":{"line":133,"column":32}},"78":{"start":{"line":134,"column":8},"end":{"line":136,"column":9}},"79":{"start":{"line":135,"column":12},"end":{"line":135,"column":69}},"80":{"start":{"line":137,"column":8},"end":{"line":137,"column":41}},"81":{"start":{"line":138,"column":8},"end":{"line":138,"column":23}},"82":{"start":{"line":141,"column":22},"end":{"line":141,"column":27}},"83":{"start":{"line":143,"column":8},"end":{"line":143,"column":36}},"84":{"start":{"line":144,"column":22},"end":{"line":144,"column":27}},"85":{"start":{"line":145,"column":8},"end":{"line":156,"column":9}},"86":{"start":{"line":146,"column":12},"end":{"line":155,"column":13}},"87":{"start":{"line":147,"column":16},"end":{"line":147,"column":31}},"88":{"start":{"line":148,"column":16},"end":{"line":148,"column":61}},"89":{"start":{"line":150,"column":17},"end":{"line":155,"column":13}},"90":{"start":{"line":151,"column":16},"end":{"line":151,"column":59}},"91":{"start":{"line":154,"column":16},"end":{"line":154,"column":77}},"92":{"start":{"line":157,"column":8},"end":{"line":159,"column":9}},"93":{"start":{"line":158,"column":12},"end":{"line":158,"column":79}},"94":{"start":{"line":160,"column":8},"end":{"line":160,"column":23}},"95":{"start":{"line":163,"column":22},"end":{"line":163,"column":27}},"96":{"start":{"line":164,"column":8},"end":{"line":170,"column":9}},"97":{"start":{"line":165,"column":22},"end":{"line":165,"column":36}},"98":{"start":{"line":166,"column":28},"end":{"line":166,"column":57}},"99":{"start":{"line":167,"column":12},"end":{"line":169,"column":13}},"100":{"start":{"line":168,"column":16},"end":{"line":168,"column":73}},"101":{"start":{"line":171,"column":8},"end":{"line":171,"column":23}},"102":{"start":{"line":172,"column":8},"end":{"line":172,"column":23}},"103":{"start":{"line":175,"column":22},"end":{"line":175,"column":27}},"104":{"start":{"line":176,"column":18},"end":{"line":176,"column":34}},"105":{"start":{"line":177,"column":24},"end":{"line":177,"column":53}},"106":{"start":{"line":178,"column":8},"end":{"line":180,"column":9}},"107":{"start":{"line":179,"column":12},"end":{"line":179,"column":69}},"108":{"start":{"line":181,"column":8},"end":{"line":181,"column":23}},"109":{"start":{"line":182,"column":8},"end":{"line":182,"column":23}},"110":{"start":{"line":185,"column":8},"end":{"line":187,"column":9}},"111":{"start":{"line":186,"column":12},"end":{"line":186,"column":73}},"112":{"start":{"line":188,"column":8},"end":{"line":190,"column":9}},"113":{"start":{"line":189,"column":12},"end":{"line":189,"column":73}},"114":{"start":{"line":191,"column":8},"end":{"line":191,"column":20}},"115":{"start":{"line":194,"column":22},"end":{"line":194,"column":39}},"116":{"start":{"line":195,"column":8},"end":{"line":197,"column":9}},"117":{"start":{"line":196,"column":12},"end":{"line":196,"column":76}},"118":{"start":{"line":198,"column":8},"end":{"line":198,"column":20}},"119":{"start":{"line":201,"column":8},"end":{"line":201,"column":18}},"120":{"start":{"line":204,"column":0},"end":{"line":204,"column":32}}},"fnMap":{"0":{"name":"(anonymous_0)","decl":{"start":{"line":8,"column":4},"end":{"line":8,"column":5}},"loc":{"start":{"line":8,"column":23},"end":{"line":10,"column":5}},"line":8},"1":{"name":"(anonymous_1)","decl":{"start":{"line":11,"column":4},"end":{"line":11,"column":5}},"loc":{"start":{"line":11,"column":20},"end":{"line":45,"column":5}},"line":11},"2":{"name":"(anonymous_2)","decl":{"start":{"line":46,"column":4},"end":{"line":46,"column":5}},"loc":{"start":{"line":46,"column":23},"end":{"line":68,"column":5}},"line":46},"3":{"name":"(anonymous_3)","decl":{"start":{"line":69,"column":4},"end":{"line":69,"column":5}},"loc":{"start":{"line":69,"column":25},"end":{"line":94,"column":5}},"line":69},"4":{"name":"(anonymous_4)","decl":{"start":{"line":95,"column":4},"end":{"line":95,"column":5}},"loc":{"start":{"line":95,"column":33},"end":{"line":103,"column":5}},"line":95},"5":{"name":"(anonymous_5)","decl":{"start":{"line":104,"column":4},"end":{"line":104,"column":5}},"loc":{"start":{"line":104,"column":25},"end":{"line":129,"column":5}},"line":104},"6":{"name":"(anonymous_6)","decl":{"start":{"line":130,"column":4},"end":{"line":130,"column":5}},"loc":{"start":{"line":130,"column":26},"end":{"line":139,"column":5}},"line":130},"7":{"name":"(anonymous_7)","decl":{"start":{"line":140,"column":4},"end":{"line":140,"column":5}},"loc":{"start":{"line":140,"column":29},"end":{"line":161,"column":5}},"line":140},"8":{"name":"(anonymous_8)","decl":{"start":{"line":162,"column":4},"end":{"line":162,"column":5}},"loc":{"start":{"line":162,"column":26},"end":{"line":173,"column":5}},"line":162},"9":{"name":"(anonymous_9)","decl":{"start":{"line":174,"column":4},"end":{"line":174,"column":5}},"loc":{"start":{"line":174,"column":25},"end":{"line":183,"column":5}},"line":174},"10":{"name":"(anonymous_10)","decl":{"start":{"line":184,"column":4},"end":{"line":184,"column":5}},"loc":{"start":{"line":184,"column":31},"end":{"line":192,"column":5}},"line":184},"11":{"name":"(anonymous_11)","decl":{"start":{"line":193,"column":4},"end":{"line":193,"column":5}},"loc":{"start":{"line":193,"column":37},"end":{"line":199,"column":5}},"line":193},"12":{"name":"(anonymous_12)","decl":{"start":{"line":200,"column":4},"end":{"line":200,"column":5}},"loc":{"start":{"line":200,"column":14},"end":{"line":202,"column":5}},"line":200}},"branchMap":{"0":{"loc":{"start":{"line":18,"column":12},"end":{"line":36,"column":13}},"type":"if","locations":[{"start":{"line":18,"column":12},"end":{"line":36,"column":13}},{"start":{"line":18,"column":12},"end":{"line":36,"column":13}}],"line":18},"1":{"loc":{"start":{"line":22,"column":17},"end":{"line":36,"column":13}},"type":"if","locations":[{"start":{"line":22,"column":17},"end":{"line":36,"column":13}},{"start":{"line":22,"column":17},"end":{"line":36,"column":13}}],"line":22},"2":{"loc":{"start":{"line":27,"column":16},"end":{"line":35,"column":17}},"type":"if","locations":[{"start":{"line":27,"column":16},"end":{"line":35,"column":17}},{"start":{"line":27,"column":16},"end":{"line":35,"column":17}}],"line":27},"3":{"loc":{"start":{"line":30,"column":21},"end":{"line":35,"column":17}},"type":"if","locations":[{"start":{"line":30,"column":21},"end":{"line":35,"column":17}},{"start":{"line":30,"column":21},"end":{"line":35,"column":17}}],"line":30},"4":{"loc":{"start":{"line":38,"column":8},"end":{"line":43,"column":9}},"type":"if","locations":[{"start":{"line":38,"column":8},"end":{"line":43,"column":9}},{"start":{"line":38,"column":8},"end":{"line":43,"column":9}}],"line":38},"5":{"loc":{"start":{"line":41,"column":13},"end":{"line":43,"column":9}},"type":"if","locations":[{"start":{"line":41,"column":13},"end":{"line":43,"column":9}},{"start":{"line":41,"column":13},"end":{"line":43,"column":9}}],"line":41},"6":{"loc":{"start":{"line":51,"column":12},"end":{"line":65,"column":13}},"type":"if","locations":[{"start":{"line":51,"column":12},"end":{"line":65,"column":13}},{"start":{"line":51,"column":12},"end":{"line":65,"column":13}}],"line":51},"7":{"loc":{"start":{"line":51,"column":16},"end":{"line":51,"column":60}},"type":"binary-expr","locations":[{"start":{"line":51,"column":16},"end":{"line":51,"column":28}},{"start":{"line":51,"column":32},"end":{"line":51,"column":44}},{"start":{"line":51,"column":48},"end":{"line":51,"column":60}}],"line":51},"8":{"loc":{"start":{"line":54,"column":17},"end":{"line":65,"column":13}},"type":"if","locations":[{"start":{"line":54,"column":17},"end":{"line":65,"column":13}},{"start":{"line":54,"column":17},"end":{"line":65,"column":13}}],"line":54},"9":{"loc":{"start":{"line":54,"column":21},"end":{"line":54,"column":50}},"type":"binary-expr","locations":[{"start":{"line":54,"column":21},"end":{"line":54,"column":34}},{"start":{"line":54,"column":38},"end":{"line":54,"column":50}}],"line":54},"10":{"loc":{"start":{"line":57,"column":17},"end":{"line":65,"column":13}},"type":"if","locations":[{"start":{"line":57,"column":17},"end":{"line":65,"column":13}},{"start":{"line":57,"column":17},"end":{"line":65,"column":13}}],"line":57},"11":{"loc":{"start":{"line":60,"column":17},"end":{"line":65,"column":13}},"type":"if","locations":[{"start":{"line":60,"column":17},"end":{"line":65,"column":13}},{"start":{"line":60,"column":17},"end":{"line":65,"column":13}}],"line":60},"12":{"loc":{"start":{"line":75,"column":12},"end":{"line":77,"column":13}},"type":"if","locations":[{"start":{"line":75,"column":12},"end":{"line":77,"column":13}},{"start":{"line":75,"column":12},"end":{"line":77,"column":13}}],"line":75},"13":{"loc":{"start":{"line":79,"column":12},"end":{"line":81,"column":13}},"type":"if","locations":[{"start":{"line":79,"column":12},"end":{"line":81,"column":13}},{"start":{"line":79,"column":12},"end":{"line":81,"column":13}}],"line":79},"14":{"loc":{"start":{"line":79,"column":16},"end":{"line":79,"column":64}},"type":"binary-expr","locations":[{"start":{"line":79,"column":16},"end":{"line":79,"column":30}},{"start":{"line":79,"column":34},"end":{"line":79,"column":64}}],"line":79},"15":{"loc":{"start":{"line":84,"column":16},"end":{"line":86,"column":17}},"type":"if","locations":[{"start":{"line":84,"column":16},"end":{"line":86,"column":17}},{"start":{"line":84,"column":16},"end":{"line":86,"column":17}}],"line":84},"16":{"loc":{"start":{"line":110,"column":12},"end":{"line":112,"column":13}},"type":"if","locations":[{"start":{"line":110,"column":12},"end":{"line":112,"column":13}},{"start":{"line":110,"column":12},"end":{"line":112,"column":13}}],"line":110},"17":{"loc":{"start":{"line":114,"column":12},"end":{"line":116,"column":13}},"type":"if","locations":[{"start":{"line":114,"column":12},"end":{"line":116,"column":13}},{"start":{"line":114,"column":12},"end":{"line":116,"column":13}}],"line":114},"18":{"loc":{"start":{"line":114,"column":16},"end":{"line":114,"column":64}},"type":"binary-expr","locations":[{"start":{"line":114,"column":16},"end":{"line":114,"column":30}},{"start":{"line":114,"column":34},"end":{"line":114,"column":64}}],"line":114},"19":{"loc":{"start":{"line":119,"column":16},"end":{"line":121,"column":17}},"type":"if","locations":[{"start":{"line":119,"column":16},"end":{"line":121,"column":17}},{"start":{"line":119,"column":16},"end":{"line":121,"column":17}}],"line":119},"20":{"loc":{"start":{"line":134,"column":8},"end":{"line":136,"column":9}},"type":"if","locations":[{"start":{"line":134,"column":8},"end":{"line":136,"column":9}},{"start":{"line":134,"column":8},"end":{"line":136,"column":9}}],"line":134},"21":{"loc":{"start":{"line":146,"column":12},"end":{"line":155,"column":13}},"type":"if","locations":[{"start":{"line":146,"column":12},"end":{"line":155,"column":13}},{"start":{"line":146,"column":12},"end":{"line":155,"column":13}}],"line":146},"22":{"loc":{"start":{"line":150,"column":17},"end":{"line":155,"column":13}},"type":"if","locations":[{"start":{"line":150,"column":17},"end":{"line":155,"column":13}},{"start":{"line":150,"column":17},"end":{"line":155,"column":13}}],"line":150},"23":{"loc":{"start":{"line":157,"column":8},"end":{"line":159,"column":9}},"type":"if","locations":[{"start":{"line":157,"column":8},"end":{"line":159,"column":9}},{"start":{"line":157,"column":8},"end":{"line":159,"column":9}}],"line":157},"24":{"loc":{"start":{"line":167,"column":12},"end":{"line":169,"column":13}},"type":"if","locations":[{"start":{"line":167,"column":12},"end":{"line":169,"column":13}},{"start":{"line":167,"column":12},"end":{"line":169,"column":13}}],"line":167},"25":{"loc":{"start":{"line":167,"column":16},"end":{"line":167,"column":94}},"type":"binary-expr","locations":[{"start":{"line":167,"column":16},"end":{"line":167,"column":26}},{"start":{"line":167,"column":31},"end":{"line":167,"column":60}},{"start":{"line":167,"column":64},"end":{"line":167,"column":93}}],"line":167},"26":{"loc":{"start":{"line":178,"column":8},"end":{"line":180,"column":9}},"type":"if","locations":[{"start":{"line":178,"column":8},"end":{"line":180,"column":9}},{"start":{"line":178,"column":8},"end":{"line":180,"column":9}}],"line":178},"27":{"loc":{"start":{"line":178,"column":12},"end":{"line":178,"column":90}},"type":"binary-expr","locations":[{"start":{"line":178,"column":12},"end":{"line":178,"column":22}},{"start":{"line":178,"column":27},"end":{"line":178,"column":56}},{"start":{"line":178,"column":60},"end":{"line":178,"column":89}}],"line":178},"28":{"loc":{"start":{"line":185,"column":8},"end":{"line":187,"column":9}},"type":"if","locations":[{"start":{"line":185,"column":8},"end":{"line":187,"column":9}},{"start":{"line":185,"column":8},"end":{"line":187,"column":9}}],"line":185},"29":{"loc":{"start":{"line":188,"column":8},"end":{"line":190,"column":9}},"type":"if","locations":[{"start":{"line":188,"column":8},"end":{"line":190,"column":9}},{"start":{"line":188,"column":8},"end":{"line":190,"column":9}}],"line":188},"30":{"loc":{"start":{"line":195,"column":8},"end":{"line":197,"column":9}},"type":"if","locations":[{"start":{"line":195,"column":8},"end":{"line":197,"column":9}},{"start":{"line":195,"column":8},"end":{"line":197,"column":9}}],"line":195}},"s":{"0":1,"1":1,"2":141,"3":141,"4":141,"5":141,"6":141,"7":141,"8":141,"9":141,"10":233,"11":138,"12":138,"13":95,"14":94,"15":94,"16":1,"17":1,"18":0,"19":0,"20":0,"21":92,"22":1,"23":91,"24":0,"25":91,"26":280,"27":280,"28":280,"29":279,"30":111,"31":168,"32":47,"33":121,"34":95,"35":26,"36":23,"37":3,"38":224,"39":111,"40":111,"41":111,"42":111,"43":111,"44":6,"45":105,"46":104,"47":7,"48":97,"49":97,"50":97,"51":5,"52":92,"53":5,"54":92,"55":47,"56":47,"57":47,"58":121,"59":39,"60":95,"61":95,"62":95,"63":95,"64":95,"65":4,"66":91,"67":91,"68":4,"69":87,"70":87,"71":87,"72":5,"73":82,"74":14,"75":73,"76":23,"77":23,"78":23,"79":2,"80":21,"81":19,"82":94,"83":94,"84":94,"85":94,"86":183,"87":93,"88":93,"89":90,"90":90,"91":0,"92":93,"93":1,"94":92,"95":93,"96":93,"97":352,"98":352,"99":352,"100":0,"101":93,"102":93,"103":90,"104":90,"105":89,"106":89,"107":0,"108":89,"109":89,"110":637,"111":1,"112":636,"113":0,"114":636,"115":82,"116":82,"117":9,"118":73,"119":0,"120":1},"f":{"0":141,"1":141,"2":280,"3":111,"4":47,"5":95,"6":23,"7":94,"8":93,"9":90,"10":637,"11":82,"12":0},"b":{"0":[138,95],"1":[94,1],"2":[1,0],"3":[0,0],"4":[1,91],"5":[0,91],"6":[111,168],"7":[279,203,182],"8":[47,121],"9":[168,139],"10":[95,26],"11":[23,3],"12":[6,105],"13":[7,97],"14":[104,104],"15":[5,92],"16":[4,91],"17":[4,87],"18":[91,91],"19":[5,82],"20":[2,21],"21":[93,90],"22":[90,0],"23":[1,92],"24":[0,352],"25":[352,352,202],"26":[0,89],"27":[89,89,3],"28":[1,636],"29":[0,636],"30":[9,73]},"inputSourceMap":{"version":3,"file":"/Users/dhairyads/Desktop/Main/CPSC 310/project_team216/src/services/validateQuery.ts","sources":["/Users/dhairyads/Desktop/Main/CPSC 310/project_team216/src/services/validateQuery.ts"],"names":[],"mappings":";;AACA,iEAA0D;AAE1D,MAAqB,aAAa;IACzB,KAAK,CAAS;IACd,MAAM,GAAG,CAAC,MAAM,EAAE,IAAI,EAAE,YAAY,EAAE,OAAO,EAAE,MAAM,CAAC,CAAC;IACvD,MAAM,GAAG,CAAC,KAAK,EAAE,MAAM,EAAE,MAAM,EAAE,OAAO,EAAE,MAAM,CAAC,CAAC;IAE1D,YAAY,KAAa;QACxB,IAAI,CAAC,KAAK,GAAG,KAAK,CAAC;IACpB,CAAC;IAEM,aAAa;QACnB,IAAI,OAAO,GAAY,KAAK,CAAC;QAC7B,IAAI,UAAU,GAAY,KAAK,CAAC;QAChC,IAAI,OAAO,GAAG,KAAK,CAAC;QACpB,IAAI,IAAc,CAAC;QAEnB,IAAI,GAAG,MAAM,CAAC,IAAI,CAAC,IAAI,CAAC,KAAK,CAAC,CAAC;QAE/B,KAAK,IAAI,GAAG,IAAI,IAAI,EAAE;YACrB,IAAI,GAAG,KAAK,OAAO,EAAE;gBACpB,OAAO,GAAG,IAAI,CAAC;gBACf,OAAO,GAAG,IAAI,CAAC,YAAY,CAAC,IAAI,CAAC,KAAK,CAAC,GAA8B,CAAC,CAAC,CAAC;aACxE;iBAAM,IAAI,GAAG,KAAK,SAAS,EAAE;gBAC7B,UAAU,GAAG,IAAI,CAAC;gBAClB,OAAO,GAAG,IAAI,CAAC,eAAe,CAAC,IAAI,CAAC,KAAK,CAAC,GAA8B,CAAC,CAAC,CAAC;aAC3E;iBAAM;gBACN,IAAI,CAAC,OAAO,EAAE;oBACb,MAAM,IAAI,6BAAY,CAAC,iBAAiB,CAAC,CAAC;iBAC1C;qBAAM,IAAI,CAAC,UAAU,EAAE;oBACvB,MAAM,IAAI,6BAAY,CAAC,mBAAmB,CAAC,CAAC;iBAC5C;qBAAM;oBACN,MAAM,IAAI,6BAAY,CAAC,eAAe,CAAC,CAAC;iBACxC;aACD;SACD;QAED,IAAI,CAAC,OAAO,EAAE;YACb,MAAM,IAAI,6BAAY,CAAC,iBAAiB,CAAC,CAAC;SAC1C;aAAM,IAAI,CAAC,UAAU,EAAE;YACvB,MAAM,IAAI,6BAAY,CAAC,mBAAmB,CAAC,CAAC;SAC5C;QAED,OAAO,OAAO,CAAC;IAChB,CAAC;IAEO,YAAY,CAAC,IAAY;QAChC,IAAI,OAAO,GAAG,KAAK,CAAC;QACpB,IAAI,IAAc,CAAC;QACnB,IAAI,GAAG,MAAM,CAAC,IAAI,CAAC,IAAI,CAAC,CAAC;QAGzB,KAAK,IAAI,GAAG,IAAI,IAAI,EAAE;YACrB,IAAI,GAAG,KAAK,IAAI,IAAI,GAAG,KAAK,IAAI,IAAI,GAAG,KAAK,IAAI,EAAE;gBACjD,OAAO,GAAG,IAAI,CAAC,aAAa,CAAC,IAAI,CAAC,GAAwB,CAAC,CAAC,CAAC;aAC7D;iBAAM,IAAI,GAAG,KAAK,KAAK,IAAI,GAAG,KAAK,IAAI,EAAE;gBACzC,OAAO,GAAG,IAAI,CAAC,iBAAiB,CAAC,IAAI,CAAC,GAAwB,CAAC,CAAC,CAAC;aACjE;iBAAM,IAAI,GAAG,KAAK,IAAI,EAAE;gBACxB,OAAO,GAAG,IAAI,CAAC,aAAa,CAAC,IAAI,CAAC,GAAwB,CAAC,CAAC,CAAC;aAC7D;iBAAM,IAAI,GAAG,KAAK,KAAK,EAAE;gBACzB,OAAO,GAAG,IAAI,CAAC,gBAAgB,CAAC,IAAI,CAAC,GAAwB,CAAC,CAAC,CAAC;aAChE;iBAAM;gBACN,MAAM,IAAI,6BAAY,CAAC,eAAe,CAAC,CAAC;aACxC;SACD;QAED,OAAO,OAAO,CAAC;IAChB,CAAC;IAEO,aAAa,CAAC,KAAa;QAClC,IAAI,OAAO,GAAG,KAAK,CAAC;QACpB,IAAI,IAAc,CAAC;QACnB,IAAI,GAAG,MAAM,CAAC,IAAI,CAAC,KAAK,CAAC,CAAC;QAI1B,KAAK,IAAI,GAAG,IAAI,IAAI,EAAE;YACrB,IAAI,IAAI,GAAG,GAAG,CAAC,KAAK,CAAC,GAAG,CAAC,CAAC;YAE1B,IAAI,IAAI,CAAC,MAAM,KAAK,CAAC,EAAE;gBACtB,MAAM,IAAI,6BAAY,CAAC,eAAe,CAAC,CAAC;aACxC;YACD,IAAI,aAAa,GAAG,IAAI,CAAC,gBAAgB,CAAC,IAAI,CAAC,CAAC,CAAC,CAAC,CAAC;YACnD,IAAI,CAAC,aAAa,IAAI,CAAC,IAAI,CAAC,MAAM,CAAC,QAAQ,CAAC,IAAI,CAAC,CAAC,CAAC,CAAC,EAAE;gBACrD,MAAM,IAAI,6BAAY,CAAC,eAAe,CAAC,CAAC;aACxC;YAED,IAAI;gBACH,MAAM,KAAK,GAAW,KAAK,CAAC,GAAyB,CAAC,CAAC;gBACvD,IAAI,OAAO,KAAK,CAAC,GAAyB,CAAC,KAAK,QAAQ,EAAE;oBACzD,MAAM,IAAI,6BAAY,CAAC,eAAe,CAAC,CAAC;iBACxC;gBAED,OAAO,GAAG,IAAI,CAAC;aACf;YAAC,OAAO,CAAC,EAAE;gBACX,MAAM,IAAI,6BAAY,CAAC,eAAe,CAAC,CAAC;aACxC;SACD;QACD,OAAO,OAAO,CAAC;IAChB,CAAC;IAEO,iBAAiB,CAAC,SAAiB;QAC1C,IAAI,OAAO,GAAG,KAAK,CAAC;QACpB,IAAI,IAAc,CAAC;QACnB,IAAI,GAAG,MAAM,CAAC,IAAI,CAAC,SAAS,CAAC,CAAC;QAE9B,KAAK,IAAI,GAAG,IAAI,IAAI,EAAE;YACrB,OAAO,GAAG,IAAI,CAAC,YAAY,CAAC,SAAS,CAAC,GAA6B,CAAC,CAAC,CAAC;SACtE;QAED,OAAO,OAAO,CAAC;IAChB,CAAC;IAEO,aAAa,CAAC,KAAa;QAClC,IAAI,OAAO,GAAG,KAAK,CAAC;QACpB,IAAI,IAAc,CAAC;QACnB,IAAI,GAAG,MAAM,CAAC,IAAI,CAAC,KAAK,CAAC,CAAC;QAG1B,KAAK,IAAI,GAAG,IAAI,IAAI,EAAE;YACrB,IAAI,IAAI,GAAG,GAAG,CAAC,KAAK,CAAC,GAAG,CAAC,CAAC;YAC1B,IAAI,IAAI,CAAC,MAAM,KAAK,CAAC,EAAE;gBACtB,MAAM,IAAI,6BAAY,CAAC,eAAe,CAAC,CAAC;aACxC;YACD,IAAI,aAAa,GAAG,IAAI,CAAC,gBAAgB,CAAC,IAAI,CAAC,CAAC,CAAC,CAAC,CAAC;YACnD,IAAI,CAAC,aAAa,IAAI,CAAC,IAAI,CAAC,MAAM,CAAC,QAAQ,CAAC,IAAI,CAAC,CAAC,CAAC,CAAC,EAAE;gBACrD,MAAM,IAAI,6BAAY,CAAC,eAAe,CAAC,CAAC;aACxC;YACD,IAAI;gBACH,MAAM,KAAK,GAAW,KAAK,CAAC,GAAyB,CAAC,CAAC;gBACvD,IAAI,OAAO,KAAK,CAAC,GAAyB,CAAC,KAAK,QAAQ,EAAE;oBACzD,MAAM,IAAI,6BAAY,CAAC,eAAe,CAAC,CAAC;iBACxC;gBACD,OAAO,GAAG,IAAI,CAAC,mBAAmB,CAAC,KAAK,CAAC,CAAC;aAE1C;YAAC,OAAO,CAAC,EAAE;gBACX,MAAM,IAAI,6BAAY,CAAC,eAAe,CAAC,CAAC;aACxC;SACD;QACD,OAAO,OAAO,CAAC;IAChB,CAAC;IAEO,gBAAgB,CAAC,GAAW;QACnC,IAAI,OAAO,GAAG,KAAK,CAAC;QACpB,IAAI,IAAc,CAAC;QACnB,IAAI,GAAG,MAAM,CAAC,IAAI,CAAC,GAAG,CAAC,CAAC;QAGxB,IAAI,IAAI,CAAC,MAAM,GAAG,CAAC,EAAE;YACpB,MAAM,IAAI,6BAAY,CAAC,eAAe,CAAC,CAAC;SACxC;QACD,OAAO,GAAG,IAAI,CAAC,YAAY,CAAC,GAAG,CAAC,CAAC;QAEjC,OAAO,OAAO,CAAC;IAChB,CAAC;IAEO,eAAe,CAAC,OAAe;QACtC,IAAI,OAAO,GAAY,KAAK,CAAC;QAC7B,IAAI,IAAc,CAAC;QACnB,IAAI,GAAG,MAAM,CAAC,IAAI,CAAC,OAAO,CAAC,CAAC;QAC5B,IAAI,OAAO,GAAY,KAAK,CAAC;QAE7B,KAAK,IAAI,GAAG,IAAI,IAAI,EAAE;YACrB,IAAI,GAAG,KAAK,SAAS,EAAE;gBACtB,OAAO,GAAG,IAAI,CAAC;gBACf,OAAO,GAAG,IAAI,CAAC,eAAe,CAAC,OAAO,CAAC,GAA2B,CAAC,CAAC,CAAC;aACrE;iBAAM,IAAI,GAAG,KAAK,OAAO,EAAE;gBAC3B,OAAO,GAAG,IAAI,CAAC,aAAa,CAAC,OAAO,CAAC,GAA2B,CAAC,CAAC,CAAC;aACnE;iBAAM;gBACN,MAAM,IAAI,6BAAY,CAAC,mBAAmB,CAAC,CAAC;aAC5C;SACD;QAED,IAAI,CAAC,OAAO,EAAE;YACb,MAAM,IAAI,6BAAY,CAAC,yBAAyB,CAAC,CAAC;SAClD;QAED,OAAO,OAAO,CAAC;IAChB,CAAC;IAEO,eAAe,CAAC,IAAc;QACrC,IAAI,OAAO,GAAG,KAAK,CAAC;QACpB,KAAK,IAAI,GAAG,IAAI,IAAI,EAAE;YACrB,IAAI,GAAG,GAAG,GAAG,CAAC,KAAK,CAAC,GAAG,CAAC,CAAC;YACzB,IAAI,SAAS,GAAG,IAAI,CAAC,gBAAgB,CAAC,GAAG,CAAC,CAAC,CAAC,CAAC,CAAC;YAE9C,IAAI,CAAC,SAAS,IAAI,CAAC,CAAC,IAAI,CAAC,MAAM,CAAC,QAAQ,CAAC,GAAG,CAAC,CAAC,CAAC,CAAC,IAAI,CAAC,IAAI,CAAC,MAAM,CAAC,QAAQ,CAAC,GAAG,CAAC,CAAC,CAAC,CAAC,CAAC,EAAE;gBACnF,MAAM,IAAI,6BAAY,CAAC,eAAe,CAAC,CAAC;aACxC;SACD;QAED,OAAO,GAAG,IAAI,CAAC;QACf,OAAO,OAAO,CAAC;IAChB,CAAC;IAEO,aAAa,CAAC,KAAa;QAClC,IAAI,OAAO,GAAG,KAAK,CAAC;QACpB,IAAI,GAAG,GAAG,KAAK,CAAC,KAAK,CAAC,GAAG,CAAC,CAAC;QAC3B,IAAI,SAAS,GAAG,IAAI,CAAC,gBAAgB,CAAC,GAAG,CAAC,CAAC,CAAC,CAAC,CAAC;QAE9C,IAAI,CAAC,SAAS,IAAI,CAAC,CAAC,IAAI,CAAC,MAAM,CAAC,QAAQ,CAAC,GAAG,CAAC,CAAC,CAAC,CAAC,IAAI,CAAC,IAAI,CAAC,MAAM,CAAC,QAAQ,CAAC,GAAG,CAAC,CAAC,CAAC,CAAC,CAAC,EAAE;YACnF,MAAM,IAAI,6BAAY,CAAC,eAAe,CAAC,CAAC;SACxC;QACD,OAAO,GAAG,IAAI,CAAC;QACf,OAAO,OAAO,CAAC;IAChB,CAAC;IAEO,gBAAgB,CAAC,QAAgB;QAExC,IAAI,QAAQ,CAAC,MAAM,KAAK,CAAC,EAAG;YAC3B,MAAM,IAAI,6BAAY,CAAC,mBAAmB,CAAC,CAAC;SAC5C;QACD,IAAI,QAAQ,CAAC,QAAQ,CAAC,GAAG,CAAC,EAAE;YAC3B,MAAM,IAAI,6BAAY,CAAC,mBAAmB,CAAC,CAAC;SAC5C;QACD,OAAO,IAAI,CAAC;IACb,CAAC;IAEO,mBAAmB,CAAC,WAAmB;QAE9C,MAAM,KAAK,GAAG,iBAAiB,CAAC;QAChC,IAAI,CAAC,KAAK,CAAC,IAAI,CAAC,WAAW,CAAC,EAAE;YAC7B,MAAM,IAAI,6BAAY,CAAC,sBAAsB,CAAC,CAAC;SAC/C;QACD,OAAO,IAAI,CAAC;IACb,CAAC;IAEM,OAAO;QACb,OAAO,EAAE,CAAC;IACX,CAAC;CACD;AApOD,gCAoOC","sourcesContent":["import InsightFacade from \"../controller/InsightFacade\";\nimport {InsightError} from \"../controller/IInsightFacade\";\n\nexport default class ValidateQuery {\n\tprivate query: object;\n\tprivate sfield = [\"dept\", \"id\", \"instructor\", \"title\", \"uuid\"];\n\tprivate mfield = [\"avg\", \"pass\", \"fail\", \"audit\", \"year\"];\n\n\tconstructor(query: object) {\n\t\tthis.query = query;\n\t}\n\n\tpublic validateQuery(): boolean {\n\t\tlet hasBody: boolean = false;\n\t\tlet hasOptions: boolean = false;\n\t\tlet isValid = false;\n\t\tlet keys: string[];\n\n\t\tkeys = Object.keys(this.query);\n\n\t\tfor (let key of keys) {\n\t\t\tif (key === \"WHERE\") {\n\t\t\t\thasBody = true;\n\t\t\t\tisValid = this.validateBody(this.query[key as keyof typeof this.query]);\n\t\t\t} else if (key === \"OPTIONS\") {\n\t\t\t\thasOptions = true;\n\t\t\t\tisValid = this.validateOptions(this.query[key as keyof typeof this.query]);\n\t\t\t} else {\n\t\t\t\tif (!hasBody) {\n\t\t\t\t\tthrow new InsightError(\"WHERE not found\");\n\t\t\t\t} else if (!hasOptions) {\n\t\t\t\t\tthrow new InsightError(\"OPTIONS not found\");\n\t\t\t\t} else {\n\t\t\t\t\tthrow new InsightError(\"Invalid Query\");\n\t\t\t\t}\n\t\t\t}\n\t\t}\n\n\t\tif (!hasBody) {\n\t\t\tthrow new InsightError(\"WHERE not found\");\n\t\t} else if (!hasOptions) {\n\t\t\tthrow new InsightError(\"OPTIONS not found\");\n\t\t}\n\n\t\treturn isValid;\n\t}\n\n\tprivate validateBody(body: object): boolean {\n\t\tlet isValid = false;\n\t\tlet keys: string[];\n\t\tkeys = Object.keys(body);\n\t\t// console.log(\"Body\", keys);\n\n\t\tfor (let key of keys) {\n\t\t\tif (key === \"GT\" || key === \"LT\" || key === \"EQ\") { // MCOMP\n\t\t\t\tisValid = this.validateMCOMP(body[key as keyof typeof body]);\n\t\t\t} else if (key === \"AND\" || key === \"OR\") { // LOGICCOMP\n\t\t\t\tisValid = this.validateLOGICCOMP(body[key as keyof typeof body]);\n\t\t\t} else if (key === \"IS\") { // SCOMP\n\t\t\t\tisValid = this.validateSCOMP(body[key as keyof typeof body]);\n\t\t\t} else if (key === \"NOT\") { // NEGATION\n\t\t\t\tisValid = this.validateNEGATION(body[key as keyof typeof body]);\n\t\t\t} else {\n\t\t\t\tthrow new InsightError(\"Invalid Query\");\n\t\t\t}\n\t\t}\n\n\t\treturn isValid;\n\t}\n\n\tprivate validateMCOMP(mcomp: object): boolean {\n\t\tlet isValid = false;\n\t\tlet keys: string[];\n\t\tkeys = Object.keys(mcomp);\n\t\t// console.log(\"MCOMP\", keys);\n\n\n\t\tfor (let key of keys) {\n\t\t\tlet mkey = key.split(\"_\");\n\n\t\t\tif (mkey.length !== 2) {\n\t\t\t\tthrow new InsightError(\"Invalid Query\");\n\t\t\t}\n\t\t\tlet isValidString = this.validateIdString(mkey[0]);\n\t\t\tif (!isValidString || !this.mfield.includes(mkey[1])) {\n\t\t\t\tthrow new InsightError(\"Invalid Query\");\n\t\t\t}\n\n\t\t\ttry {\n\t\t\t\tconst value: number = mcomp[key as keyof typeof mcomp]; // fail if numeric string or array or empty\n\t\t\t\tif (typeof mcomp[key as keyof typeof mcomp] !== \"number\") {\n\t\t\t\t\tthrow new InsightError(\"Invalid Query\");\n\t\t\t\t}\n\t\t\t\t// console.log(\"MCOMP val\", value);\n\t\t\t\tisValid = true;\n\t\t\t} catch (e) {\n\t\t\t\tthrow new InsightError(\"Invalid Query\");\n\t\t\t}\n\t\t}\n\t\treturn isValid;\n\t}\n\n\tprivate validateLOGICCOMP(logiccomp: object): boolean {\n\t\tlet isValid = false;\n\t\tlet keys: string[];\n\t\tkeys = Object.keys(logiccomp);\n\t\t// console.log(\"Logic Comp\", keys);\n\t\tfor (let key of keys) {\n\t\t\tisValid = this.validateBody(logiccomp[key as keyof typeof logiccomp]);\n\t\t}\n\n\t\treturn isValid;\n\t}\n\n\tprivate validateSCOMP(scomp: object): boolean {\n\t\tlet isValid = false;\n\t\tlet keys: string[];\n\t\tkeys = Object.keys(scomp);\n\t\t// console.log(\"SCOMP\", keys);\n\n\t\tfor (let key of keys) {\n\t\t\tlet skey = key.split(\"_\");\n\t\t\tif (skey.length !== 2) {\n\t\t\t\tthrow new InsightError(\"Invalid Query\");\n\t\t\t}\n\t\t\tlet isValidString = this.validateIdString(skey[0]);\n\t\t\tif (!isValidString || !this.sfield.includes(skey[1])) {\n\t\t\t\tthrow new InsightError(\"Invalid Query\");\n\t\t\t}\n\t\t\ttry {\n\t\t\t\tconst value: string = scomp[key as keyof typeof scomp]; // fail if array or empty\n\t\t\t\tif (typeof scomp[key as keyof typeof scomp] !== \"string\") {\n\t\t\t\t\tthrow new InsightError(\"Invalid Query\");\n\t\t\t\t}\n\t\t\t\tisValid = this.validateInputString(value);\n\t\t\t\t// console.log(\"scomp val\", value);\n\t\t\t} catch (e) {\n\t\t\t\tthrow new InsightError(\"Invalid Query\");\n\t\t\t}\n\t\t}\n\t\treturn isValid;\n\t}\n\n\tprivate validateNEGATION(neg: object): boolean  {\n\t\tlet isValid = false;\n\t\tlet keys: string[];\n\t\tkeys = Object.keys(neg);\n\t\t// console.log(\"Negation\", keys);\n\n\t\tif (keys.length > 1) {\n\t\t\tthrow new InsightError(\"Invalid Query\");\n\t\t}\n\t\tisValid = this.validateBody(neg);\n\n\t\treturn isValid;\n\t}\n\n\tprivate validateOptions(options: object): boolean  {\n\t\tlet isValid: boolean = false;\n\t\tlet keys: string[];\n\t\tkeys = Object.keys(options);\n\t\tlet hasCols: boolean = false;\n\t\t// console.log(keys);\n\t\tfor (let key of keys) {\n\t\t\tif (key === \"COLUMNS\") {\n\t\t\t\thasCols = true;\n\t\t\t\tisValid = this.validateColumns(options[key as keyof typeof options]);\n\t\t\t} else if (key === \"ORDER\") {\n\t\t\t\tisValid = this.validateOrder(options[key as keyof typeof options]);\n\t\t\t} else {\n\t\t\t\tthrow new InsightError(\"Incorrect Options\");\n\t\t\t}\n\t\t}\n\n\t\tif (!hasCols) {\n\t\t\tthrow new InsightError(\"Options missing columns\");\n\t\t}\n\n\t\treturn isValid;\n\t}\n\n\tprivate validateColumns(cols: string[]): boolean {\n\t\tlet isValid = false;\n\t\tfor (let col of cols) {\n\t\t\tlet val = col.split(\"_\");\n\t\t\tlet isValidId = this.validateIdString(val[0]);\n\n\t\t\tif (!isValidId || (!this.mfield.includes(val[1]) && !this.sfield.includes(val[1]))) {\n\t\t\t\tthrow new InsightError(\"Invalid Query\");\n\t\t\t}\n\t\t}\n\n\t\tisValid = true;\n\t\treturn isValid;\n\t}\n\n\tprivate validateOrder(order: string) {\n\t\tlet isValid = false;\n\t\tlet val = order.split(\"_\");\n\t\tlet isValidId = this.validateIdString(val[0]);\n\n\t\tif (!isValidId || (!this.mfield.includes(val[1]) && !this.sfield.includes(val[1]))) {\n\t\t\tthrow new InsightError(\"Invalid Query\");\n\t\t}\n\t\tisValid = true;\n\t\treturn isValid;\n\t}\n\n\tprivate validateIdString(idString: string): boolean {\n\t\t// const regEx = /[a-zA-Z0-9[\\]^]+/;\n\t\tif (idString.length === 0 ) {\n\t\t\tthrow new InsightError(\"Invalid id string\");\n\t\t}\n\t\tif (idString.includes(\"_\")) {\n\t\t\tthrow new InsightError(\"Invalid id string\");\n\t\t}\n\t\treturn true;\n\t}\n\n\tprivate validateInputString(inputString: string): boolean  { // implement\n\t\t// const regEx = /^ *$|^([* A-Za-z0-9[^\\]][ A-Za-z0-9[^\\]]*[* A-Za-z0-9[^\\]]|[* A-Za-z0-9[^\\]])$/;\n\t\tconst regEx = /^[*]?[^*]*[*]?$/;\n\t\tif (!regEx.test(inputString)) {\n\t\t\tthrow new InsightError(\"Invalid input string\");\n\t\t}\n\t\treturn true;\n\t}\n\n\tpublic getCols(): string[] {\n\t\treturn [];\n\t}\n}\n"]},"_coverageSchema":"1a1c01bbd47fc00a2c39e90264f33305004495a9","hash":"39ca9d78f39d858409c581ab25f76982683d68b8","contentHash":"a6a27789f8c03285fb0855204b9d94a53b42b1b05596907dc3d22807329eb72b"},"/Users/dhairyads/Desktop/Main/CPSC 310/project_team216/src/services/collectQuery.ts":{"path":"/Users/dhairyads/Desktop/Main/CPSC 310/project_team216/src/services/collectQuery.ts","statementMap":{"0":{"start":{"line":2,"column":22},"end":{"line":4,"column":1}},"1":{"start":{"line":3,"column":4},"end":{"line":3,"column":62}},"2":{"start":{"line":5,"column":0},"end":{"line":5,"column":62}},"3":{"start":{"line":6,"column":25},"end":{"line":6,"column":64}},"4":{"start":{"line":7,"column":23},"end":{"line":7,"column":65}},"5":{"start":{"line":8,"column":23},"end":{"line":8,"column":65}},"6":{"start":{"line":9,"column":27},"end":{"line":9,"column":73}},"7":{"start":{"line":10,"column":28},"end":{"line":10,"column":58}},"8":{"start":{"line":11,"column":21},"end":{"line":11,"column":61}},"9":{"start":{"line":12,"column":25},"end":{"line":12,"column":69}},"10":{"start":{"line":15,"column":21},"end":{"line":15,"column":23}},"11":{"start":{"line":17,"column":8},"end":{"line":17,"column":27}},"12":{"start":{"line":18,"column":8},"end":{"line":18,"column":45}},"13":{"start":{"line":21,"column":20},"end":{"line":21,"column":22}},"14":{"start":{"line":22,"column":25},"end":{"line":22,"column":67}},"15":{"start":{"line":23,"column":16},"end":{"line":23,"column":53}},"16":{"start":{"line":24,"column":22},"end":{"line":24,"column":43}},"17":{"start":{"line":25,"column":23},"end":{"line":25,"column":39}},"18":{"start":{"line":26,"column":8},"end":{"line":28,"column":9}},"19":{"start":{"line":27,"column":12},"end":{"line":27,"column":120}},"20":{"start":{"line":29,"column":8},"end":{"line":31,"column":9}},"21":{"start":{"line":30,"column":12},"end":{"line":30,"column":42}},"22":{"start":{"line":32,"column":8},"end":{"line":34,"column":9}},"23":{"start":{"line":33,"column":12},"end":{"line":33,"column":87}},"24":{"start":{"line":35,"column":8},"end":{"line":35,"column":21}},"25":{"start":{"line":38,"column":23},"end":{"line":38,"column":45}},"26":{"start":{"line":40,"column":12},"end":{"line":69,"column":13}},"27":{"start":{"line":41,"column":16},"end":{"line":41,"column":96}},"28":{"start":{"line":43,"column":17},"end":{"line":69,"column":13}},"29":{"start":{"line":44,"column":16},"end":{"line":44,"column":98}},"30":{"start":{"line":46,"column":17},"end":{"line":69,"column":13}},"31":{"start":{"line":47,"column":16},"end":{"line":47,"column":98}},"32":{"start":{"line":49,"column":17},"end":{"line":69,"column":13}},"33":{"start":{"line":50,"column":16},"end":{"line":50,"column":100}},"34":{"start":{"line":52,"column":17},"end":{"line":69,"column":13}},"35":{"start":{"line":53,"column":16},"end":{"line":53,"column":98}},"36":{"start":{"line":55,"column":17},"end":{"line":69,"column":13}},"37":{"start":{"line":56,"column":16},"end":{"line":56,"column":98}},"38":{"start":{"line":58,"column":17},"end":{"line":69,"column":13}},"39":{"start":{"line":59,"column":16},"end":{"line":59,"column":94}},"40":{"start":{"line":61,"column":17},"end":{"line":69,"column":13}},"41":{"start":{"line":62,"column":16},"end":{"line":62,"column":110}},"42":{"start":{"line":64,"column":17},"end":{"line":69,"column":13}},"43":{"start":{"line":65,"column":16},"end":{"line":65,"column":100}},"44":{"start":{"line":67,"column":17},"end":{"line":69,"column":13}},"45":{"start":{"line":68,"column":16},"end":{"line":68,"column":98}},"46":{"start":{"line":70,"column":12},"end":{"line":70,"column":21}},"47":{"start":{"line":72,"column":8},"end":{"line":72,"column":43}},"48":{"start":{"line":76,"column":8},"end":{"line":76,"column":33}},"49":{"start":{"line":77,"column":30},"end":{"line":77,"column":32}},"50":{"start":{"line":78,"column":23},"end":{"line":78,"column":70}},"51":{"start":{"line":79,"column":23},"end":{"line":79,"column":70}},"52":{"start":{"line":80,"column":27},"end":{"line":80,"column":78}},"53":{"start":{"line":81,"column":22},"end":{"line":81,"column":67}},"54":{"start":{"line":82,"column":25},"end":{"line":82,"column":74}},"55":{"start":{"line":83,"column":8},"end":{"line":85,"column":9}},"56":{"start":{"line":84,"column":12},"end":{"line":84,"column":58}},"57":{"start":{"line":86,"column":8},"end":{"line":102,"column":9}},"58":{"start":{"line":87,"column":12},"end":{"line":101,"column":13}},"59":{"start":{"line":88,"column":16},"end":{"line":88,"column":72}},"60":{"start":{"line":90,"column":17},"end":{"line":101,"column":13}},"61":{"start":{"line":91,"column":16},"end":{"line":91,"column":80}},"62":{"start":{"line":93,"column":17},"end":{"line":101,"column":13}},"63":{"start":{"line":94,"column":16},"end":{"line":94,"column":67}},"64":{"start":{"line":96,"column":17},"end":{"line":101,"column":13}},"65":{"start":{"line":97,"column":16},"end":{"line":97,"column":71}},"66":{"start":{"line":100,"column":16},"end":{"line":100,"column":90}},"67":{"start":{"line":103,"column":8},"end":{"line":103,"column":31}},"68":{"start":{"line":106,"column":25},"end":{"line":106,"column":34}},"69":{"start":{"line":107,"column":19},"end":{"line":107,"column":37}},"70":{"start":{"line":108,"column":8},"end":{"line":110,"column":9}},"71":{"start":{"line":109,"column":12},"end":{"line":109,"column":32}},"72":{"start":{"line":111,"column":8},"end":{"line":111,"column":26}},"73":{"start":{"line":114,"column":0},"end":{"line":114,"column":31}}},"fnMap":{"0":{"name":"(anonymous_0)","decl":{"start":{"line":2,"column":56},"end":{"line":2,"column":57}},"loc":{"start":{"line":2,"column":71},"end":{"line":4,"column":1}},"line":2},"1":{"name":"(anonymous_1)","decl":{"start":{"line":16,"column":4},"end":{"line":16,"column":5}},"loc":{"start":{"line":16,"column":39},"end":{"line":19,"column":5}},"line":16},"2":{"name":"(anonymous_2)","decl":{"start":{"line":20,"column":4},"end":{"line":20,"column":5}},"loc":{"start":{"line":20,"column":25},"end":{"line":36,"column":5}},"line":20},"3":{"name":"(anonymous_3)","decl":{"start":{"line":37,"column":4},"end":{"line":37,"column":5}},"loc":{"start":{"line":37,"column":32},"end":{"line":73,"column":5}},"line":37},"4":{"name":"orderCompare","decl":{"start":{"line":39,"column":17},"end":{"line":39,"column":29}},"loc":{"start":{"line":39,"column":50},"end":{"line":71,"column":9}},"line":39},"5":{"name":"(anonymous_5)","decl":{"start":{"line":74,"column":4},"end":{"line":74,"column":5}},"loc":{"start":{"line":74,"column":22},"end":{"line":104,"column":5}},"line":74},"6":{"name":"(anonymous_6)","decl":{"start":{"line":105,"column":4},"end":{"line":105,"column":5}},"loc":{"start":{"line":105,"column":28},"end":{"line":112,"column":5}},"line":105}},"branchMap":{"0":{"loc":{"start":{"line":2,"column":22},"end":{"line":4,"column":1}},"type":"binary-expr","locations":[{"start":{"line":2,"column":23},"end":{"line":2,"column":27}},{"start":{"line":2,"column":31},"end":{"line":2,"column":51}},{"start":{"line":2,"column":56},"end":{"line":4,"column":1}}],"line":2},"1":{"loc":{"start":{"line":3,"column":11},"end":{"line":3,"column":61}},"type":"cond-expr","locations":[{"start":{"line":3,"column":37},"end":{"line":3,"column":40}},{"start":{"line":3,"column":43},"end":{"line":3,"column":61}}],"line":3},"2":{"loc":{"start":{"line":3,"column":12},"end":{"line":3,"column":33}},"type":"binary-expr","locations":[{"start":{"line":3,"column":12},"end":{"line":3,"column":15}},{"start":{"line":3,"column":19},"end":{"line":3,"column":33}}],"line":3},"3":{"loc":{"start":{"line":26,"column":8},"end":{"line":28,"column":9}},"type":"if","locations":[{"start":{"line":26,"column":8},"end":{"line":28,"column":9}},{"start":{"line":26,"column":8},"end":{"line":28,"column":9}}],"line":26},"4":{"loc":{"start":{"line":29,"column":8},"end":{"line":31,"column":9}},"type":"if","locations":[{"start":{"line":29,"column":8},"end":{"line":31,"column":9}},{"start":{"line":29,"column":8},"end":{"line":31,"column":9}}],"line":29},"5":{"loc":{"start":{"line":40,"column":12},"end":{"line":69,"column":13}},"type":"if","locations":[{"start":{"line":40,"column":12},"end":{"line":69,"column":13}},{"start":{"line":40,"column":12},"end":{"line":69,"column":13}}],"line":40},"6":{"loc":{"start":{"line":43,"column":17},"end":{"line":69,"column":13}},"type":"if","locations":[{"start":{"line":43,"column":17},"end":{"line":69,"column":13}},{"start":{"line":43,"column":17},"end":{"line":69,"column":13}}],"line":43},"7":{"loc":{"start":{"line":46,"column":17},"end":{"line":69,"column":13}},"type":"if","locations":[{"start":{"line":46,"column":17},"end":{"line":69,"column":13}},{"start":{"line":46,"column":17},"end":{"line":69,"column":13}}],"line":46},"8":{"loc":{"start":{"line":49,"column":17},"end":{"line":69,"column":13}},"type":"if","locations":[{"start":{"line":49,"column":17},"end":{"line":69,"column":13}},{"start":{"line":49,"column":17},"end":{"line":69,"column":13}}],"line":49},"9":{"loc":{"start":{"line":52,"column":17},"end":{"line":69,"column":13}},"type":"if","locations":[{"start":{"line":52,"column":17},"end":{"line":69,"column":13}},{"start":{"line":52,"column":17},"end":{"line":69,"column":13}}],"line":52},"10":{"loc":{"start":{"line":55,"column":17},"end":{"line":69,"column":13}},"type":"if","locations":[{"start":{"line":55,"column":17},"end":{"line":69,"column":13}},{"start":{"line":55,"column":17},"end":{"line":69,"column":13}}],"line":55},"11":{"loc":{"start":{"line":58,"column":17},"end":{"line":69,"column":13}},"type":"if","locations":[{"start":{"line":58,"column":17},"end":{"line":69,"column":13}},{"start":{"line":58,"column":17},"end":{"line":69,"column":13}}],"line":58},"12":{"loc":{"start":{"line":61,"column":17},"end":{"line":69,"column":13}},"type":"if","locations":[{"start":{"line":61,"column":17},"end":{"line":69,"column":13}},{"start":{"line":61,"column":17},"end":{"line":69,"column":13}}],"line":61},"13":{"loc":{"start":{"line":64,"column":17},"end":{"line":69,"column":13}},"type":"if","locations":[{"start":{"line":64,"column":17},"end":{"line":69,"column":13}},{"start":{"line":64,"column":17},"end":{"line":69,"column":13}}],"line":64},"14":{"loc":{"start":{"line":67,"column":17},"end":{"line":69,"column":13}},"type":"if","locations":[{"start":{"line":67,"column":17},"end":{"line":69,"column":13}},{"start":{"line":67,"column":17},"end":{"line":69,"column":13}}],"line":67},"15":{"loc":{"start":{"line":83,"column":8},"end":{"line":85,"column":9}},"type":"if","locations":[{"start":{"line":83,"column":8},"end":{"line":85,"column":9}},{"start":{"line":83,"column":8},"end":{"line":85,"column":9}}],"line":83},"16":{"loc":{"start":{"line":87,"column":12},"end":{"line":101,"column":13}},"type":"if","locations":[{"start":{"line":87,"column":12},"end":{"line":101,"column":13}},{"start":{"line":87,"column":12},"end":{"line":101,"column":13}}],"line":87},"17":{"loc":{"start":{"line":87,"column":16},"end":{"line":87,"column":60}},"type":"binary-expr","locations":[{"start":{"line":87,"column":16},"end":{"line":87,"column":28}},{"start":{"line":87,"column":32},"end":{"line":87,"column":44}},{"start":{"line":87,"column":48},"end":{"line":87,"column":60}}],"line":87},"18":{"loc":{"start":{"line":90,"column":17},"end":{"line":101,"column":13}},"type":"if","locations":[{"start":{"line":90,"column":17},"end":{"line":101,"column":13}},{"start":{"line":90,"column":17},"end":{"line":101,"column":13}}],"line":90},"19":{"loc":{"start":{"line":90,"column":21},"end":{"line":90,"column":50}},"type":"binary-expr","locations":[{"start":{"line":90,"column":21},"end":{"line":90,"column":34}},{"start":{"line":90,"column":38},"end":{"line":90,"column":50}}],"line":90},"20":{"loc":{"start":{"line":93,"column":17},"end":{"line":101,"column":13}},"type":"if","locations":[{"start":{"line":93,"column":17},"end":{"line":101,"column":13}},{"start":{"line":93,"column":17},"end":{"line":101,"column":13}}],"line":93},"21":{"loc":{"start":{"line":96,"column":17},"end":{"line":101,"column":13}},"type":"if","locations":[{"start":{"line":96,"column":17},"end":{"line":101,"column":13}},{"start":{"line":96,"column":17},"end":{"line":101,"column":13}}],"line":96}},"s":{"0":1,"1":5,"2":1,"3":1,"4":1,"5":1,"6":1,"7":1,"8":1,"9":1,"10":264,"11":264,"12":264,"13":91,"14":91,"15":91,"16":83,"17":83,"18":83,"19":10,"20":73,"21":70,"22":73,"23":2135,"24":73,"25":70,"26":9465,"27":9417,"28":48,"29":0,"30":48,"31":0,"32":48,"33":0,"34":48,"35":0,"36":48,"37":48,"38":0,"39":0,"40":0,"41":0,"42":0,"43":0,"44":0,"45":0,"46":0,"47":70,"48":214,"49":214,"50":214,"51":214,"52":214,"53":214,"54":214,"55":214,"56":1,"57":214,"58":213,"59":87,"60":126,"61":37,"62":89,"63":71,"64":18,"65":18,"66":0,"67":205,"68":91,"69":91,"70":91,"71":339,"72":91,"73":1},"f":{"0":5,"1":264,"2":91,"3":70,"4":9465,"5":214,"6":91},"b":{"0":[1,1,1],"1":[5,0],"2":[5,5],"3":[10,73],"4":[70,3],"5":[9417,48],"6":[0,48],"7":[0,48],"8":[0,48],"9":[0,48],"10":[48,0],"11":[0,0],"12":[0,0],"13":[0,0],"14":[0,0],"15":[1,213],"16":[87,126],"17":[213,154,136],"18":[37,89],"19":[126,102],"20":[71,18],"21":[18,0]},"inputSourceMap":{"version":3,"file":"/Users/dhairyads/Desktop/Main/CPSC 310/project_team216/src/services/collectQuery.ts","sources":["/Users/dhairyads/Desktop/Main/CPSC 310/project_team216/src/services/collectQuery.ts"],"names":[],"mappings":";;;;;AACA,iEAA8F;AAG9F,kEAA0C;AAC1C,kEAA0C;AAC1C,0EAAkD;AAClD,2DAAkE;AAClE,8DAAsC;AACtC,sEAA8C;AAM9C,MAAqB,YAAY;IACxB,KAAK,CAAS;IACd,cAAc,GAA2B,EAAE,CAAC;IAGpD,YAAY,KAAa,EAAE,cAAsC;QAChE,IAAI,CAAC,KAAK,GAAG,KAAK,CAAC;QACnB,IAAI,CAAC,cAAc,GAAG,cAAc,CAAC;IACtC,CAAC;IAEM,KAAK,CAAC,YAAY;QACxB,IAAI,KAAK,GAAa,EAAE,CAAC;QACzB,IAAI,UAAU,GAAgB,IAAI,CAAC,cAAc,CAAC,IAAI,CAAC,KAAK,CAAC,SAAoC,CAAC,CAAC,CAAC;QAEpG,IAAI,CAAC,GAAmB,IAAI,CAAC,WAAW,CAAC,IAAI,CAAC,KAAK,CAAC,OAAkC,CAAC,CAAC,CAAC;QAEzF,IAAI,OAAO,GAAG,IAAI,CAAC,KAAK,CAAC,SAAoC,CAAC,CAAC;QAC/D,IAAI,QAAQ,GAAuB,OAAO,CAAC,OAAgC,CAAC,CAAC;QAE7E,IAAI,CAAC,CAAC,MAAM,IAAI,IAAI,EAAE;YACrB,MAAM,IAAI,oCAAmB,CAAC,2DAA2D,CAAC,CAAC;SAC3F;QACD,IAAI,QAAQ,KAAK,SAAS,EAAE;YAC3B,CAAC,GAAG,IAAI,CAAC,OAAO,CAAC,CAAC,EAAE,QAAQ,CAAC,CAAC;SAC9B;QACD,KAAK,IAAI,GAAG,IAAI,CAAC,EAAE;YAClB,KAAK,CAAC,IAAI,CAAC,IAAA,wCAAoB,EAAC,GAAG,EAAE,UAAU,CAAC,CAAC,CAAC;SAClD;QAED,OAAO,KAAwB,CAAC;IACjC,CAAC;IAEO,OAAO,CAAC,QAAwB,EAAE,QAAgB;QACzD,IAAI,QAAQ,GAAG,QAAQ,CAAC,KAAK,CAAC,GAAG,CAAC,CAAC,CAAC,CAAC,CAAC;QACtC,SAAS,YAAY,CAAC,QAAsB,EAAE,QAAsB;YACnE,IAAI,QAAQ,KAAK,KAAK,EAAE;gBACvB,OAAO,IAAA,2BAAO,EAAC,QAAQ,CAAC,OAAO,EAAE,EAAE,QAAQ,CAAC,OAAO,EAAE,CAAC,CAAC;aACvD;iBAAM,IAAI,QAAQ,KAAK,MAAM,EAAE;gBAC/B,OAAO,IAAA,2BAAO,EAAC,QAAQ,CAAC,QAAQ,EAAE,EAAE,QAAQ,CAAC,QAAQ,EAAE,CAAC,CAAC;aACzD;iBAAM,IAAI,QAAQ,KAAK,MAAM,EAAE;gBAC/B,OAAO,IAAA,2BAAO,EAAC,QAAQ,CAAC,QAAQ,EAAE,EAAE,QAAQ,CAAC,QAAQ,EAAE,CAAC,CAAC;aACzD;iBAAM,IAAI,QAAQ,KAAK,OAAO,EAAE;gBAChC,OAAO,IAAA,2BAAO,EAAC,QAAQ,CAAC,SAAS,EAAE,EAAE,QAAQ,CAAC,SAAS,EAAE,CAAC,CAAC;aAC3D;iBAAM,IAAI,QAAQ,KAAK,MAAM,EAAE;gBAC/B,OAAO,IAAA,2BAAO,EAAC,QAAQ,CAAC,QAAQ,EAAE,EAAE,QAAQ,CAAC,QAAQ,EAAE,CAAC,CAAC;aACzD;iBAAM,IAAI,QAAQ,KAAK,MAAM,EAAE;gBAC/B,OAAO,IAAA,2BAAO,EAAC,QAAQ,CAAC,QAAQ,EAAE,EAAC,QAAQ,CAAC,QAAQ,EAAE,CAAC,CAAC;aACxD;iBAAM,IAAI,QAAQ,KAAK,IAAI,EAAE;gBAC7B,OAAO,IAAA,2BAAO,EAAC,QAAQ,CAAC,MAAM,EAAE,EAAE,QAAQ,CAAC,MAAM,EAAE,CAAC,CAAC;aACrD;iBAAM,IAAI,QAAQ,KAAK,YAAY,EAAE;gBACrC,OAAO,IAAA,2BAAO,EAAC,QAAQ,CAAC,cAAc,EAAE,EAAE,QAAQ,CAAC,cAAc,EAAE,CAAC,CAAC;aACrE;iBAAM,IAAI,QAAQ,KAAK,OAAO,EAAE;gBAChC,OAAO,IAAA,2BAAO,EAAC,QAAQ,CAAC,SAAS,EAAE,EAAE,QAAQ,CAAC,SAAS,EAAE,CAAC,CAAC;aAC3D;iBAAM,IAAI,QAAQ,KAAK,MAAM,EAAE;gBAC/B,OAAO,IAAA,2BAAO,EAAC,QAAQ,CAAC,QAAQ,EAAE,EAAE,QAAQ,CAAC,QAAQ,EAAE,CAAC,CAAC;aACzD;YACD,OAAO,CAAC,CAAC;QACV,CAAC;QACD,OAAO,QAAQ,CAAC,IAAI,CAAC,YAAY,CAAC,CAAC;IACpC,CAAC;IAEM,WAAW,CAAC,IAAY;QAC9B,IAAI,IAAc,CAAC;QACnB,IAAI,GAAG,MAAM,CAAC,IAAI,CAAC,IAAI,CAAC,CAAC;QAEzB,IAAI,eAAe,GAAmB,EAAE,CAAC;QAEzC,IAAI,QAAQ,GAAG,IAAI,sBAAY,CAAC,IAAI,CAAC,cAAc,CAAC,CAAC;QACrD,IAAI,QAAQ,GAAG,IAAI,sBAAY,CAAC,IAAI,CAAC,cAAc,CAAC,CAAC;QACrD,IAAI,YAAY,GAAG,IAAI,0BAAgB,CAAC,IAAI,CAAC,cAAc,CAAC,CAAC;QAC7D,IAAI,OAAO,GAAG,IAAI,oBAAU,CAAC,IAAI,CAAC,cAAc,CAAC,CAAC;QAClD,IAAI,UAAU,GAAG,IAAI,wBAAc,CAAC,IAAI,CAAC,cAAc,CAAC,CAAC;QAEzD,IAAI,IAAI,CAAC,MAAM,KAAK,CAAC,EAAE;YACtB,eAAe,GAAG,OAAO,CAAC,iBAAiB,EAAE,CAAC;SAC9C;QACD,KAAK,IAAI,GAAG,IAAI,IAAI,EAAE;YACrB,IAAI,GAAG,KAAK,IAAI,IAAI,GAAG,KAAK,IAAI,IAAI,GAAG,KAAK,IAAI,EAAE;gBACjD,eAAe,GAAG,QAAQ,CAAC,YAAY,CAAC,IAAI,CAAC,GAAwB,CAAC,EAAE,GAAG,CAAC,CAAC;aAC7E;iBAAM,IAAI,GAAG,KAAK,KAAK,IAAI,GAAG,KAAK,IAAI,EAAE;gBAEzC,eAAe,GAAG,YAAY,CAAC,gBAAgB,CAAC,IAAI,CAAC,GAAwB,CAAC,EAAE,GAAG,CAAC,CAAC;aACrF;iBAAM,IAAI,GAAG,KAAK,IAAI,EAAE;gBACxB,eAAe,GAAG,QAAQ,CAAC,YAAY,CAAC,IAAI,CAAC,GAAwB,CAAC,CAAC,CAAC;aACxE;iBAAM,IAAI,GAAG,KAAK,KAAK,EAAE;gBACzB,eAAe,GAAG,UAAU,CAAC,cAAc,CAAC,IAAI,CAAC,GAAwB,CAAC,CAAC,CAAC;aAC5E;iBAAM;gBACN,MAAM,IAAI,6BAAY,CAAC,gCAAgC,CAAC,CAAC;aACzD;SACD;QACD,OAAO,eAAe,CAAC;IACxB,CAAC;IAEO,cAAc,CAAC,OAAe;QACrC,IAAI,UAAU,GAAG,IAAI,GAAG,EAAU,CAAC;QAEnC,IAAI,IAAI,GAAa,OAAO,CAAC,SAAkC,CAAC,CAAC;QACjE,KAAK,IAAI,GAAG,IAAI,IAAI,EAAE;YACrB,UAAU,CAAC,GAAG,CAAC,GAAG,CAAC,CAAC;SACpB;QAED,OAAO,UAAU,CAAC;IACnB,CAAC;CACD;AAvGD,+BAuGC","sourcesContent":["import InsightFacade from \"../controller/InsightFacade\";\nimport {InsightError, InsightResult, ResultTooLargeError} from \"../controller/IInsightFacade\";\nimport SectionsDatasetEntry from \"../controller/SectionsDatasetEntry\";\nimport SectionEntry from \"../controller/SectionEntry\";\nimport CollectMcomp from \"./collectMcomp\";\nimport CollectScomp from \"./collectScomp\";\nimport CollectLogicComp from \"./collectLogicComp\";\nimport {collectInsightResult, compare} from \"./collectionHelpers\";\nimport CollectAll from \"./collectAll\";\nimport CollectNegComp from \"./collectNegComp\";\n\nexport interface Property {\n\tkey: string,\n\tvalue: string | number\n}\nexport default class CollectQuery {\n\tprivate query: object;\n\tprivate datasetEntries: SectionsDatasetEntry[] = [];\n\t// private resultCols = new Set<string>();\n\n\tconstructor(query: object, datasetEntries: SectionsDatasetEntry[]) {\n\t\tthis.query = query;\n\t\tthis.datasetEntries = datasetEntries;\n\t}\n\n\tpublic async CollectQuery(): Promise<InsightResult[]> {\n\t\tlet final: object[] = [];\n\t\tlet resultCols: Set<string> = this.collectOptions(this.query[\"OPTIONS\" as keyof typeof this.query]);\n\n\t\tlet r: SectionEntry[] = this.collectBody(this.query[\"WHERE\" as keyof typeof this.query]);\n\n\t\tlet options = this.query[\"OPTIONS\" as keyof typeof this.query];\n\t\tlet orderCol: string | undefined = options[\"ORDER\" as keyof  typeof options];\n\n\t\tif (r.length >= 5000) {\n\t\t\tthrow new ResultTooLargeError(\"Only queries with a maximum of 5000 results are supported\");\n\t\t}\n\t\tif (orderCol !== undefined) {\n\t\t\tr = this.orderBy(r, orderCol);\n\t\t}\n\t\tfor (let sec of r) {\n\t\t\tfinal.push(collectInsightResult(sec, resultCols));\n\t\t}\n\n\t\treturn final as InsightResult[];\n\t}\n\n\tprivate orderBy(sections: SectionEntry[], orderCol: string): SectionEntry[] {\n\t\tlet keyField = orderCol.split(\"_\")[1];\n\t\tfunction orderCompare(section1: SectionEntry, section2: SectionEntry) {\n\t\t\tif (keyField === \"avg\") {\n\t\t\t\treturn compare(section1.get_avg(), section2.get_avg());\n\t\t\t} else if (keyField === \"pass\") {\n\t\t\t\treturn compare(section1.get_pass(), section2.get_pass());\n\t\t\t} else if (keyField === \"fail\") {\n\t\t\t\treturn compare(section1.get_fail(), section2.get_fail());\n\t\t\t} else if (keyField === \"audit\") {\n\t\t\t\treturn compare(section1.get_audit(), section2.get_audit());\n\t\t\t} else if (keyField === \"year\") {\n\t\t\t\treturn compare(section1.get_year(), section2.get_year());\n\t\t\t} else if (keyField === \"dept\") {\n\t\t\t\treturn compare(section1.get_dept(),section2.get_dept());\n\t\t\t} else if (keyField === \"id\") {\n\t\t\t\treturn compare(section1.get_id(), section2.get_id());\n\t\t\t} else if (keyField === \"instructor\") {\n\t\t\t\treturn compare(section1.get_instructor(), section2.get_instructor());\n\t\t\t} else if (keyField === \"title\") {\n\t\t\t\treturn compare(section1.get_title(), section2.get_title());\n\t\t\t} else if (keyField === \"uuid\") {\n\t\t\t\treturn compare(section1.get_uuid(), section2.get_uuid());\n\t\t\t}\n\t\t\treturn 0;\n\t\t}\n\t\treturn sections.sort(orderCompare);\n\t}\n\n\tpublic collectBody(body: object): SectionEntry[] {\n\t\tlet keys: string[];\n\t\tkeys = Object.keys(body);\n\n\t\tlet propertiesToAdd: SectionEntry[] = [];\n\n\t\tlet collectM = new CollectMcomp(this.datasetEntries);\n\t\tlet collectS = new CollectScomp(this.datasetEntries);\n\t\tlet collectLogic = new CollectLogicComp(this.datasetEntries);\n\t\tlet collect = new CollectAll(this.datasetEntries);\n\t\tlet collectNeg = new CollectNegComp(this.datasetEntries);\n\n\t\tif (keys.length === 0) {\n\t\t\tpropertiesToAdd = collect.collectAllQueries();\n\t\t}\n\t\tfor (let key of keys) {\n\t\t\tif (key === \"GT\" || key === \"LT\" || key === \"EQ\") { // MCOMP\n\t\t\t\tpropertiesToAdd = collectM.collectMCOMP(body[key as keyof typeof body], key);\n\t\t\t} else if (key === \"AND\" || key === \"OR\") { // LOGICCOMP\n\t\t\t\t// console.log(\"key body\", key);\n\t\t\t\tpropertiesToAdd = collectLogic.collectLogicComp(body[key as keyof typeof body], key);\n\t\t\t} else if (key === \"IS\") { // SCOMP\n\t\t\t\tpropertiesToAdd = collectS.collectSCOMP(body[key as keyof typeof body]);\n\t\t\t} else if (key === \"NOT\") { // NEGATION\n\t\t\t\tpropertiesToAdd = collectNeg.collectNegComp(body[key as keyof typeof body]);\n\t\t\t} else {\n\t\t\t\tthrow new InsightError(\"Invalid Query - Failed in Body\");\n\t\t\t}\n\t\t}\n\t\treturn propertiesToAdd;\n\t}\n\n\tprivate collectOptions(options: object): Set<string>  {\n\t\tlet resultCols = new Set<string>();\n\n\t\tlet cols: string[] = options[\"COLUMNS\" as keyof  typeof options];\n\t\tfor (let col of cols) {\n\t\t\tresultCols.add(col);\n\t\t}\n\n\t\treturn resultCols;\n\t}\n}\n"]},"_coverageSchema":"1a1c01bbd47fc00a2c39e90264f33305004495a9","hash":"1178e5a68aeaf0a0a7b2115d68a4e50bd9399fef","contentHash":"4a057f7be130857f9e668b3aedeb4858a761623152255d98eeb5146fae1f3d20"},"/Users/dhairyads/Desktop/Main/CPSC 310/project_team216/src/services/collectMcomp.ts":{"path":"/Users/dhairyads/Desktop/Main/CPSC 310/project_team216/src/services/collectMcomp.ts","statementMap":{"0":{"start":{"line":2,"column":0},"end":{"line":2,"column":62}},"1":{"start":{"line":3,"column":25},"end":{"line":3,"column":64}},"2":{"start":{"line":5,"column":21},"end":{"line":5,"column":23}},"3":{"start":{"line":7,"column":8},"end":{"line":7,"column":45}},"4":{"start":{"line":10,"column":30},"end":{"line":10,"column":32}},"5":{"start":{"line":11,"column":23},"end":{"line":11,"column":41}},"6":{"start":{"line":12,"column":26},"end":{"line":12,"column":51}},"7":{"start":{"line":13,"column":24},"end":{"line":13,"column":29}},"8":{"start":{"line":14,"column":30},"end":{"line":14,"column":55}},"9":{"start":{"line":15,"column":22},"end":{"line":15,"column":40}},"10":{"start":{"line":16,"column":8},"end":{"line":28,"column":9}},"11":{"start":{"line":17,"column":12},"end":{"line":27,"column":13}},"12":{"start":{"line":18,"column":16},"end":{"line":18,"column":33}},"13":{"start":{"line":19,"column":16},"end":{"line":26,"column":17}},"14":{"start":{"line":20,"column":20},"end":{"line":25,"column":21}},"15":{"start":{"line":21,"column":43},"end":{"line":21,"column":97}},"16":{"start":{"line":22,"column":24},"end":{"line":24,"column":25}},"17":{"start":{"line":23,"column":28},"end":{"line":23,"column":63}},"18":{"start":{"line":29,"column":8},"end":{"line":31,"column":9}},"19":{"start":{"line":30,"column":12},"end":{"line":30,"column":74}},"20":{"start":{"line":32,"column":8},"end":{"line":32,"column":31}},"21":{"start":{"line":35,"column":8},"end":{"line":37,"column":9}},"22":{"start":{"line":36,"column":12},"end":{"line":36,"column":27}},"23":{"start":{"line":38,"column":8},"end":{"line":38,"column":20}},"24":{"start":{"line":41,"column":8},"end":{"line":43,"column":9}},"25":{"start":{"line":42,"column":12},"end":{"line":42,"column":27}},"26":{"start":{"line":44,"column":8},"end":{"line":44,"column":20}},"27":{"start":{"line":47,"column":8},"end":{"line":49,"column":9}},"28":{"start":{"line":48,"column":12},"end":{"line":48,"column":27}},"29":{"start":{"line":50,"column":8},"end":{"line":50,"column":20}},"30":{"start":{"line":53,"column":21},"end":{"line":53,"column":25}},"31":{"start":{"line":54,"column":8},"end":{"line":108,"column":9}},"32":{"start":{"line":55,"column":12},"end":{"line":63,"column":13}},"33":{"start":{"line":56,"column":16},"end":{"line":56,"column":73}},"34":{"start":{"line":58,"column":17},"end":{"line":63,"column":13}},"35":{"start":{"line":59,"column":16},"end":{"line":59,"column":73}},"36":{"start":{"line":61,"column":17},"end":{"line":63,"column":13}},"37":{"start":{"line":62,"column":16},"end":{"line":62,"column":73}},"38":{"start":{"line":65,"column":13},"end":{"line":108,"column":9}},"39":{"start":{"line":66,"column":12},"end":{"line":74,"column":13}},"40":{"start":{"line":67,"column":16},"end":{"line":67,"column":74}},"41":{"start":{"line":69,"column":17},"end":{"line":74,"column":13}},"42":{"start":{"line":70,"column":16},"end":{"line":70,"column":74}},"43":{"start":{"line":72,"column":17},"end":{"line":74,"column":13}},"44":{"start":{"line":73,"column":16},"end":{"line":73,"column":74}},"45":{"start":{"line":76,"column":13},"end":{"line":108,"column":9}},"46":{"start":{"line":77,"column":12},"end":{"line":85,"column":13}},"47":{"start":{"line":78,"column":16},"end":{"line":78,"column":74}},"48":{"start":{"line":80,"column":17},"end":{"line":85,"column":13}},"49":{"start":{"line":81,"column":16},"end":{"line":8
[...]
line":37,"column":53}},"22":{"start":{"line":38,"column":8},"end":{"line":40,"column":11}},"23":{"start":{"line":39,"column":12},"end":{"line":39,"column":37}},"24":{"start":{"line":41,"column":8},"end":{"line":41,"column":30}},"25":{"start":{"line":42,"column":8},"end":{"line":42,"column":47}},"26":{"start":{"line":43,"column":8},"end":{"line":43,"column":33}},"27":{"start":{"line":46,"column":22},"end":{"line":46,"column":46}},"28":{"start":{"line":47,"column":8},"end":{"line":53,"column":9}},"29":{"start":{"line":48,"column":12},"end":{"line":48,"column":82}},"30":{"start":{"line":49,"column":12},"end":{"line":49,"column":37}},"31":{"start":{"line":52,"column":12},"end":{"line":52,"column":97}},"32":{"start":{"line":56,"column":8},"end":{"line":66,"column":9}},"33":{"start":{"line":57,"column":27},"end":{"line":57,"column":68}},"34":{"start":{"line":58,"column":28},"end":{"line":60,"column":17}},"35":{"start":{"line":59,"column":16},"end":{"line":59,"column":42}},"36":{"start":{"line":61,"column":12},"end":{"line":61,"column":71}},"37":{"start":{"line":62,"column":12},"end":{"line":62,"column":37}},"38":{"start":{"line":65,"column":12},"end":{"line":65,"column":97}},"39":{"start":{"line":69,"column":23},"end":{"line":69,"column":25}},"40":{"start":{"line":70,"column":8},"end":{"line":80,"column":9}},"41":{"start":{"line":71,"column":25},"end":{"line":71,"column":75}},"42":{"start":{"line":72,"column":29},"end":{"line":72,"column":45}},"43":{"start":{"line":73,"column":12},"end":{"line":75,"column":13}},"44":{"start":{"line":74,"column":16},"end":{"line":74,"column":43}},"45":{"start":{"line":76,"column":12},"end":{"line":76,"column":58}},"46":{"start":{"line":79,"column":12},"end":{"line":79,"column":58}},"47":{"start":{"line":81,"column":8},"end":{"line":81,"column":47}},"48":{"start":{"line":82,"column":8},"end":{"line":82,"column":33}},"49":{"start":{"line":85,"column":23},"end":{"line":85,"column":25}},"50":{"start":{"line":86,"column":8},"end":{"line":101,"column":9}},"51":{"start":{"line":87,"column":12},"end":{"line":97,"column":13}},"52":{"start":{"line":88,"column":37},"end":{"line":88,"column":87}},"53":{"start":{"line":89,"column":33},"end":{"line":89,"column":57}},"54":{"start":{"line":90,"column":16},"end":{"line":92,"column":17}},"55":{"start":{"line":91,"column":20},"end":{"line":91,"column":43}},"56":{"start":{"line":93,"column":16},"end":{"line":93,"column":49}},"57":{"start":{"line":96,"column":16},"end":{"line":96,"column":43}},"58":{"start":{"line":100,"column":12},"end":{"line":100,"column":39}},"59":{"start":{"line":104,"column":25},"end":{"line":104,"column":27}},"60":{"start":{"line":105,"column":8},"end":{"line":120,"column":9}},"61":{"start":{"line":106,"column":12},"end":{"line":116,"column":13}},"62":{"start":{"line":107,"column":37},"end":{"line":107,"column":87}},"63":{"start":{"line":108,"column":33},"end":{"line":108,"column":57}},"64":{"start":{"line":109,"column":16},"end":{"line":111,"column":17}},"65":{"start":{"line":110,"column":20},"end":{"line":110,"column":51}},"66":{"start":{"line":112,"column":16},"end":{"line":112,"column":51}},"67":{"start":{"line":115,"column":16},"end":{"line":115,"column":43}},"68":{"start":{"line":119,"column":12},"end":{"line":119,"column":39}},"69":{"start":{"line":123,"column":8},"end":{"line":138,"column":9}},"70":{"start":{"line":124,"column":27},"end":{"line":124,"column":68}},"71":{"start":{"line":125,"column":12},"end":{"line":127,"column":15}},"72":{"start":{"line":126,"column":16},"end":{"line":126,"column":54}},"73":{"start":{"line":128,"column":40},"end":{"line":128,"column":42}},"74":{"start":{"line":129,"column":12},"end":{"line":132,"column":13}},"75":{"start":{"line":130,"column":32},"end":{"line":130,"column":53}},"76":{"start":{"line":131,"column":16},"end":{"line":131,"column":52}},"77":{"start":{"line":133,"column":33},"end":{"line":133,"column":73}},"78":{"start":{"line":134,"column":12},"end":{"line":134,"column":51}},"79":{"start":{"line":137,"column":12},"end":{"line":137,"column":97}},"80":{"start":{"line":141,"column":29},"end":{"line":141,"column":92}},"81":{"start":{"line":142,"column":25},"end":{"line":142,"column":49}},"82":{"start":{"line":143,"column":22},"end":{"line":143,"column":58}},"83":{"start":{"line":144,"column":8},"end":{"line":144,"column":47}},"84":{"start":{"line":145,"column":8},"end":{"line":145,"column":40}},"85":{"start":{"line":148,"column":0},"end":{"line":148,"column":33}}},"fnMap":{"0":{"name":"(anonymous_0)","decl":{"start":{"line":2,"column":56},"end":{"line":2,"column":57}},"loc":{"start":{"line":2,"column":71},"end":{"line":4,"column":1}},"line":2},"1":{"name":"(anonymous_1)","decl":{"start":{"line":11,"column":1},"end":{"line":11,"column":2}},"loc":{"start":{"line":11,"column":22},"end":{"line":14,"column":1}},"line":11},"2":{"name":"(anonymous_2)","decl":{"start":{"line":18,"column":4},"end":{"line":18,"column":5}},"loc":{"start":{"line":18,"column":18},"end":{"line":19,"column":5}},"line":18},"3":{"name":"(anonymous_3)","decl":{"start":{"line":20,"column":4},"end":{"line":20,"column":5}},"loc":{"start":{"line":20,"column":31},"end":{"line":24,"column":5}},"line":20},"4":{"name":"(anonymous_4)","decl":{"start":{"line":25,"column":4},"end":{"line":25,"column":5}},"loc":{"start":{"line":25,"column":28},"end":{"line":35,"column":5}},"line":25},"5":{"name":"(anonymous_5)","decl":{"start":{"line":36,"column":4},"end":{"line":36,"column":5}},"loc":{"start":{"line":36,"column":38},"end":{"line":44,"column":5}},"line":36},"6":{"name":"(anonymous_6)","decl":{"start":{"line":38,"column":35},"end":{"line":38,"column":36}},"loc":{"start":{"line":38,"column":54},"end":{"line":40,"column":9}},"line":38},"7":{"name":"(anonymous_7)","decl":{"start":{"line":45,"column":4},"end":{"line":45,"column":5}},"loc":{"start":{"line":45,"column":38},"end":{"line":54,"column":5}},"line":45},"8":{"name":"(anonymous_8)","decl":{"start":{"line":55,"column":4},"end":{"line":55,"column":5}},"loc":{"start":{"line":55,"column":36},"end":{"line":67,"column":5}},"line":55},"9":{"name":"(anonymous_9)","decl":{"start":{"line":58,"column":44},"end":{"line":58,"column":45}},"loc":{"start":{"line":58,"column":61},"end":{"line":60,"column":13}},"line":58},"10":{"name":"(anonymous_10)","decl":{"start":{"line":68,"column":4},"end":{"line":68,"column":5}},"loc":{"start":{"line":68,"column":35},"end":{"line":83,"column":5}},"line":68},"11":{"name":"(anonymous_11)","decl":{"start":{"line":84,"column":4},"end":{"line":84,"column":5}},"loc":{"start":{"line":84,"column":30},"end":{"line":102,"column":5}},"line":84},"12":{"name":"(anonymous_12)","decl":{"start":{"line":103,"column":4},"end":{"line":103,"column":5}},"loc":{"start":{"line":103,"column":26},"end":{"line":121,"column":5}},"line":103},"13":{"name":"(anonymous_13)","decl":{"start":{"line":122,"column":4},"end":{"line":122,"column":5}},"loc":{"start":{"line":122,"column":41},"end":{"line":139,"column":5}},"line":122},"14":{"name":"(anonymous_14)","decl":{"start":{"line":125,"column":39},"end":{"line":125,"column":40}},"loc":{"start":{"line":125,"column":56},"end":{"line":127,"column":13}},"line":125},"15":{"name":"(anonymous_15)","decl":{"start":{"line":140,"column":4},"end":{"line":140,"column":5}},"loc":{"start":{"line":140,"column":34},"end":{"line":146,"column":5}},"line":140}},"branchMap":{"0":{"loc":{"start":{"line":2,"column":22},"end":{"line":4,"column":1}},"type":"binary-expr","locations":[{"start":{"line":2,"column":23},"end":{"line":2,"column":27}},{"start":{"line":2,"column":31},"end":{"line":2,"column":51}},{"start":{"line":2,"column":56},"end":{"line":4,"column":1}}],"line":2},"1":{"loc":{"start":{"line":3,"column":11},"end":{"line":3,"column":61}},"type":"cond-expr","locations":[{"start":{"line":3,"column":37},"end":{"line":3,"column":40}},{"start":{"line":3,"column":43},"end":{"line":3,"column":61}}],"line":3},"2":{"loc":{"start":{"line":3,"column":12},"end":{"line":3,"column":33}},"type":"binary-expr","locations":[{"start":{"line":3,"column":12},"end":{"line":3,"column":15}},{"start":{"line":3,"column":19},"end":{"line":3,"column":33}}],"line":3},"3":{"loc":{"start":{"line":14,"column":3},"end":{"line":14,"column":52}},"type":"binary-expr","locations":[{"start":{"line":14,"column":3},"end":{"line":14,"column":12}},{"start":{"line":14,"column":17},"end":{"line":14,"column":51}}],"line":14},"4":{"loc":{"start":{"line":27,"column":8},"end":{"line":34,"column":9}},"type":"if","locations":[{"start":{"line":27,"column":8},"end":{"line":34,"column":9}},{"start":{"line":27,"column":8},"end":{"line":34,"column":9}}],"line":27},"5":{"loc":{"start":{"line":86,"column":8},"end":{"line":101,"column":9}},"type":"if","locations":[{"start":{"line":86,"column":8},"end":{"line":101,"column":9}},{"start":{"line":86,"column":8},"end":{"line":101,"column":9}}],"line":86},"6":{"loc":{"start":{"line":105,"column":8},"end":{"line":120,"column":9}},"type":"if","locations":[{"start":{"line":105,"column":8},"end":{"line":120,"column":9}},{"start":{"line":105,"column":8},"end":{"line":120,"column":9}}],"line":105}},"s":{"0":1,"1":2,"2":1,"3":1,"4":1,"5":1,"6":1,"7":1,"8":1,"9":1,"10":33,"11":33,"12":23,"13":23,"14":23,"15":6,"16":6,"17":5,"18":5,"19":5,"20":1,"21":5,"22":5,"23":9,"24":5,"25":5,"26":5,"27":28,"28":28,"29":28,"30":28,"31":0,"32":5,"33":5,"34":5,"35":14,"36":5,"37":5,"38":0,"39":23,"40":23,"41":23,"42":8,"43":8,"44":8,"45":8,"46":15,"47":23,"48":23,"49":20,"50":20,"51":19,"52":19,"53":19,"54":19,"55":27,"56":19,"57":0,"58":1,"59":64,"60":64,"61":36,"62":36,"63":36,"64":36,"65":48,"66":36,"67":0,"68":28,"69":141,"70":141,"71":141,"72":282,"73":141,"74":141,"75":141,"76":141,"77":141,"78":141,"79":0,"80":141,"81":141,"82":141,"83":141,"84":141,"85":1},"f":{"0":2,"1":1,"2":33,"3":23,"4":6,"5":5,"6":9,"7":28,"8":5,"9":14,"10":23,"11":20,"12":64,"13":141,"14":282,"15":141},"b":{"0":[1,1,1],"1":[1,1],"2":[2,2],"3":[1,1],"4":[5,1],"5":[19,1],"6":[36,28]},"inputSourceMap":{"version":3,"file":"/Users/dhairyads/Desktop/Main/CPSC 310/project_team216/src/controller/DatasetManager.ts","sources":["/Users/dhairyads/Desktop/Main/CPSC 310/project_team216/src/controller/DatasetManager.ts"],"names":[],"mappings":";;;;;;AACA,qDAAiG;AACjG,wDAA0B;AAC1B,kFAA0D;AAG1D,IAAY,SAGX;AAHD,WAAY,SAAS;IACpB,wBAAW,CAAA;IACX,8BAAiB,CAAA;AAClB,CAAC,EAHW,SAAS,yBAAT,SAAS,QAGpB;AAED,MAAqB,cAAc;IAC1B,IAAI,GAAG,QAAQ,CAAC;IAChB,UAAU,GAAG,IAAI,CAAC,IAAI,GAAG,qBAAqB,CAAC;IAEvD;IAKA,CAAC;IAEM,KAAK,CAAC,WAAW,CAAC,OAAqB;QAI7C,MAAM,OAAO,CAAC,WAAW,CAAC,IAAI,CAAC,IAAI,CAAC,CAAC;QACrC,MAAM,IAAI,CAAC,eAAe,CAAC,OAAO,CAAC,CAAC;QACpC,OAAO,OAAO,CAAC,OAAO,EAAE,CAAC;IAC1B,CAAC;IAEM,KAAK,CAAC,aAAa,CAAC,EAAU;QAIpC,MAAM,UAAU,GAAG,MAAM,IAAI,CAAC,aAAa,EAAE,CAAC;QAC9C,IAAI,UAAU,CAAC,QAAQ,CAAC,EAAE,CAAC,EAAE;YAC5B,MAAM,IAAI,CAAC,qBAAqB,CAAC,EAAE,CAAC,CAAC;YACrC,MAAM,IAAI,CAAC,uBAAuB,CAAC,EAAE,CAAC,CAAC;YACvC,OAAO,OAAO,CAAC,OAAO,CAAC,EAAE,CAAC,CAAC;SAC3B;aAAM;YACN,OAAO,OAAO,CAAC,MAAM,CAAC,IAAI,8BAAa,CAAC,+BAA+B,CAAC,CAAC,CAAC;SAC1E;IACF,CAAC;IAEO,KAAK,CAAC,uBAAuB,CAAC,EAAU;QAI/C,IAAI,QAAQ,GAAG,MAAM,IAAI,CAAC,iBAAiB,EAAE,CAAC;QAC9C,QAAQ,GAAG,QAAQ,CAAC,MAAM,CAAC,UAAU,OAAY;YAChD,OAAO,OAAO,CAAC,EAAE,KAAK,EAAE,CAAC;QAC1B,CAAC,CAAC,CAAC;QACH,OAAO,CAAC,GAAG,CAAC,QAAQ,CAAC,CAAC;QACtB,MAAM,IAAI,CAAC,iBAAiB,CAAC,QAAQ,CAAC,CAAC;QACvC,OAAO,OAAO,CAAC,OAAO,EAAE,CAAC;IAC1B,CAAC;IAEO,KAAK,CAAC,iBAAiB,CAAC,QAAe;QAC9C,IAAI,OAAO,GAAG,IAAI,CAAC,SAAS,CAAC,QAAQ,CAAC,CAAC;QACvC,IAAI;YACH,MAAM,kBAAE,CAAC,SAAS,CAAC,IAAI,CAAC,UAAU,EAAE,OAAO,EAAE,OAAO,CAAC,CAAC;YACtD,OAAO,OAAO,CAAC,OAAO,EAAE,CAAC;SACzB;QAAC,OAAM,GAAG,EAAE;YACZ,OAAO,OAAO,CAAC,MAAM,CAAC,IAAI,6BAAY,CAAC,0BAA0B,CAAC,CAAC,CAAC;SACpE;IACF,CAAC;IAEO,KAAK,CAAC,qBAAqB,CAAC,EAAU;QAI7C,IAAI;YACH,IAAI,QAAQ,GAAG,kBAAE,CAAC,WAAW,CAAC,IAAI,CAAC,IAAI,CAAC,CAAC;YACzC,IAAI,SAAS,GAAG,QAAQ,CAAC,MAAM,CAAC,UAAS,KAAK;gBAC7C,OAAO,KAAK,CAAC,QAAQ,CAAC,EAAE,CAAC,CAAC;YAC3B,CAAC,CAAC,CAAC,CAAC,CAAC,CAAC;YACN,kBAAE,CAAC,UAAU,CAAC,IAAI,CAAC,IAAI,GAAG,GAAG,GAAG,SAAS,CAAC,CAAC;YAC3C,OAAO,OAAO,CAAC,OAAO,EAAE,CAAC;SACzB;QAAC,MAAM;YACP,OAAO,OAAO,CAAC,MAAM,CAAC,IAAI,8BAAa,CAAC,yBAAyB,CAAC,CAAC,CAAC;SACpE;IACF,CAAC;IAEO,KAAK,CAAC,eAAe,CAAC,OAAqB;QAElD,IAAI,QAAQ,GAAU,EAAE,CAAC;QAEzB,IAAI;YACH,MAAM,IAAI,GAAG,MAAM,kBAAE,CAAC,QAAQ,CAAC,IAAI,CAAC,UAAU,CAAC,CAAC;YAChD,IAAI,UAAU,GAAG,IAAI,CAAC,KAAK,CAAC,IAAI,CAAC,CAAC;YAClC,KAAK,MAAM,WAAW,IAAI,UAAU,EAAE;gBACrC,QAAQ,CAAC,IAAI,CAAC,WAAW,CAAC,CAAC;aAC3B;YACD,QAAQ,CAAC,IAAI,CAAC,OAAO,CAAC,oBAAoB,EAAE,CAAC,CAAC;SAC9C;QAAC,MAAM;YACP,QAAQ,CAAC,IAAI,CAAC,OAAO,CAAC,oBAAoB,EAAE,CAAC,CAAC;SAC9C;QACD,MAAM,IAAI,CAAC,iBAAiB,CAAC,QAAQ,CAAC,CAAC;QACvC,OAAO,OAAO,CAAC,OAAO,EAAE,CAAC;IAC1B,CAAC;IAEM,KAAK,CAAC,iBAAiB;QAC7B,IAAI,QAAQ,GAAU,EAAE,CAAC;QACzB,IAAI,kBAAE,CAAC,UAAU,CAAC,IAAI,CAAC,UAAU,CAAC,EAAE;YACnC,IAAI;gBACH,MAAM,YAAY,GAAG,MAAM,kBAAE,CAAC,QAAQ,CAAC,IAAI,CAAC,UAAU,CAAC,CAAC;gBACxD,IAAI,UAAU,GAAG,IAAI,CAAC,KAAK,CAAC,YAAY,CAAC,CAAC;gBAC1C,KAAK,MAAM,OAAO,IAAI,UAAU,EAAE;oBACjC,QAAQ,CAAC,IAAI,CAAC,OAAO,CAAC,CAAC;iBACvB;gBACD,OAAO,OAAO,CAAC,OAAO,CAAC,QAAQ,CAAC,CAAC;aACjC;YAAC,MAAM;gBACP,OAAO,OAAO,CAAC,OAAO,CAAC,EAAE,CAAC,CAAC;aAC3B;SACD;aAAM;YACN,OAAO,OAAO,CAAC,OAAO,CAAC,EAAE,CAAC,CAAC;SAC3B;IACF,CAAC;IAEM,KAAK,CAAC,aAAa;QAEzB,IAAI,UAAU,GAAU,EAAE,CAAC;QAC3B,IAAI,kBAAE,CAAC,UAAU,CAAC,IAAI,CAAC,UAAU,CAAC,EAAE;YACnC,IAAI;gBACH,MAAM,YAAY,GAAG,MAAM,kBAAE,CAAC,QAAQ,CAAC,IAAI,CAAC,UAAU,CAAC,CAAC;gBACxD,IAAI,UAAU,GAAG,IAAI,CAAC,KAAK,CAAC,YAAY,CAAC,CAAC;gBAC1C,KAAK,MAAM,OAAO,IAAI,UAAU,EAAE;oBACjC,UAAU,CAAC,IAAI,CAAC,OAAO,CAAC,IAAI,CAAC,CAAC,CAAC;iBAC/B;gBACD,OAAO,OAAO,CAAC,OAAO,CAAC,UAAU,CAAC,CAAC;aACnC;YAAC,MAAM;gBACP,OAAO,OAAO,CAAC,OAAO,CAAC,EAAE,CAAC,CAAC;aAC3B;SACD;aAAM;YACN,OAAO,OAAO,CAAC,OAAO,CAAC,EAAE,CAAC,CAAC;SAC3B;IACF,CAAC;IAEM,KAAK,CAAC,4BAA4B;QAExC,IAAI;YACH,IAAI,QAAQ,GAAG,kBAAE,CAAC,WAAW,CAAC,IAAI,CAAC,IAAI,CAAC,CAAC;YACzC,QAAQ,GAAG,QAAQ,CAAC,MAAM,CAAC,UAAS,KAAK;gBACxC,OAAO,KAAK,KAAK,oBAAoB,CAAC;YACvC,CAAC,CAAC,CAAC;YAEH,IAAI,qBAAqB,GAAyC,EAAE,CAAC;YAErE,KAAK,MAAM,GAAG,IAAI,QAAQ,EAAE;gBAC3B,MAAM,OAAO,GAAG,IAAI,CAAC,WAAW,CAAC,GAAG,CAAC,CAAC;gBACtC,qBAAqB,CAAC,IAAI,CAAC,OAAO,CAAC,CAAC;aACpC;YAED,IAAI,cAAc,GAAG,MAAM,OAAO,CAAC,GAAG,CAAC,qBAAqB,CAAC,CAAC;YAC9D,OAAO,OAAO,CAAC,OAAO,CAAC,cAAc,CAAC,CAAC;SAEvC;QAAC,MAAM;YACP,OAAO,OAAO,CAAC,MAAM,CAAC,IAAI,6BAAY,CAAC,0BAA0B,CAAC,CAAC,CAAC;SACpE;IACF,CAAC;IAEM,KAAK,CAAC,WAAW,CAAC,UAAkB;QAE1C,MAAM,YAAY,GAAG,MAAM,kBAAE,CAAC,QAAQ,CAAC,IAAI,CAAC,IAAI,GAAG,GAAG,GAAG,UAAU,CAAC,CAAC;QACrE,IAAI,UAAU,GAAG,IAAI,CAAC,KAAK,CAAC,YAAY,CAAC,CAAC;QAC1C,IAAI,OAAO,GAAG,IAAI,8BAAoB,EAAE,CAAC;QACzC,OAAO,CAAC,kBAAkB,CAAC,UAAU,CAAC,CAAC;QACvC,OAAO,OAAO,CAAC,OAAO,CAAC,OAAO,CAAC,CAAC;IACjC,CAAC;CACD;AA/JD,iCA+JC","sourcesContent":["import {DatasetEntry} from \"./DatasetEntry\";\nimport {InsightDataset, InsightDatasetKind, InsightError, NotFoundError} from \"./IInsightFacade\";\nimport fs from \"fs-extra\";\nimport SectionsDatasetEntry from \"./SectionsDatasetEntry\";\n\n\nexport enum Operation {\n\tAdd = \"add\",\n\tRemove = \"remove\"\n}\n\nexport default class DatasetManager {\n\tprivate path = \"./data\";\n\tprivate ledgerPath = this.path + \"/datasetLedger.json\";\n\n\tconstructor() {\n\t\t/*\n\t\tLoad dataset ledger from disk.\n\t\t */\n\t\t// TODO: Load dataset ledger from disk.\n\t}\n\n\tpublic async saveDataset(dataset: DatasetEntry) {\n\t\t/*\n\t\tSave dataset onto disk, and also into ledger.\n\t\t */\n\t\tawait dataset.saveDataset(this.path);\n\t\tawait this.addDatasetEntry(dataset);\n\t\treturn Promise.resolve();\n\t}\n\n\tpublic async removeDataset(id: string) {\n\t\t/*\n\t\tRemove dataset from saved datasets.\n\t\t */\n\t\tconst datasetIds = await this.getDatasetIds();\n\t\tif (datasetIds.includes(id)) {\n\t\t\tawait this.removeDatasetFromDisk(id);\n\t\t\tawait this.removeDatasetFromLedger(id);\n\t\t\treturn Promise.resolve(id);\n\t\t} else {\n\t\t\treturn Promise.reject(new NotFoundError(\"Cannot remove nonexistent ID.\"));\n\t\t}\n\t}\n\n\tprivate async removeDatasetFromLedger(id: string) {\n\t\t/*\n\t\tRemoves dataset from on ledger storage.\n\t\t */\n\t\tlet datasets = await this.readDatasetLedger();\n\t\tdatasets = datasets.filter(function (dataset: any): boolean {\n\t\t\treturn dataset.id !== id;\n\t\t});\n\t\tconsole.log(datasets);\n\t\tawait this.saveDatasetLedger(datasets);\n\t\treturn Promise.resolve();\n\t}\n\n\tprivate async saveDatasetLedger(datasets: any[]) {\n\t\tlet content = JSON.stringify(datasets);\n\t\ttry {\n\t\t\tawait fs.writeJSON(this.ledgerPath, content, \"utf-8\");\n\t\t\treturn Promise.resolve();\n\t\t} catch(err) {\n\t\t\treturn Promise.reject(new InsightError(\"Could not write to file.\"));\n\t\t}\n\t}\n\n\tprivate async removeDatasetFromDisk(id: string) {\n\t\t/*\n\t\tRemoves dataset from on disk storage.\n\t\t */\n\t\ttry {\n\t\t\tlet dirFiles = fs.readdirSync(this.path);\n\t\t\tlet removeDir = dirFiles.filter(function(value) {\n\t\t\t\treturn value.includes(id);\n\t\t\t})[0];\n\t\t\tfs.removeSync(this.path + \"/\" + removeDir);\n\t\t\treturn Promise.resolve();\n\t\t} catch {\n\t\t\treturn Promise.reject(new NotFoundError(\"File in disk not found.\"));\n\t\t}\n\t}\n\n\tprivate async addDatasetEntry(dataset: DatasetEntry) {\n\n\t\tlet datasets: any[] = [];\n\n\t\ttry {\n\t\t\tconst file = await fs.readJSON(this.ledgerPath);\n\t\t\tlet ledgerJSON = JSON.parse(file);\n\t\t\tfor (const ledgerEntry of ledgerJSON) {\n\t\t\t\tdatasets.push(ledgerEntry);\n\t\t\t}\n\t\t\tdatasets.push(dataset.createInsightDataset());\n\t\t} catch {\n\t\t\tdatasets.push(dataset.createInsightDataset());\n\t\t}\n\t\tawait this.saveDatasetLedger(datasets);\n\t\treturn Promise.resolve();\n\t}\n\n\tpublic async readDatasetLedger(): Promise<InsightDataset[]> {\n\t\tlet datasets: any[] = [];\n\t\tif (fs.existsSync(this.ledgerPath)) {\n\t\t\ttry {\n\t\t\t\tconst fileContents = await fs.readJSON(this.ledgerPath);\n\t\t\t\tlet ledgerJSON = JSON.parse(fileContents);\n\t\t\t\tfor (const dataset of ledgerJSON) {\n\t\t\t\t\tdatasets.push(dataset);\n\t\t\t\t}\n\t\t\t\treturn Promise.resolve(datasets);\n\t\t\t} catch {\n\t\t\t\treturn Promise.resolve([]);\n\t\t\t}\n\t\t} else {\n\t\t\treturn Promise.resolve([]);\n\t\t}\n\t}\n\n\tpublic async getDatasetIds(): Promise<string[]>{\n\n\t\tlet datasetIds: any[] = [];\n\t\tif (fs.existsSync(this.ledgerPath)) {\n\t\t\ttry {\n\t\t\t\tconst fileContents = await fs.readJSON(this.ledgerPath);\n\t\t\t\tlet ledgerJSON = JSON.parse(fileContents);\n\t\t\t\tfor (const dataset of ledgerJSON) {\n\t\t\t\t\tdatasetIds.push(dataset[\"id\"]);\n\t\t\t\t}\n\t\t\t\treturn Promise.resolve(datasetIds);\n\t\t\t} catch {\n\t\t\t\treturn Promise.resolve([]);\n\t\t\t}\n\t\t} else {\n\t\t\treturn Promise.resolve([]);\n\t\t}\n\t}\n\n\tpublic async loadSectionsDatasetsFromDisk(): Promise<SectionsDatasetEntry[]> {\n\t\t// return Promise.reject(\"Could not load datasets from disk.\");\n\t\ttry {\n\t\t\tlet dirFiles = fs.readdirSync(this.path);\n\t\t\tdirFiles = dirFiles.filter(function(value) {\n\t\t\t\treturn value !== \"datasetLedger.json\";\n\t\t\t});\n\n\t\t\tlet loadedDatasetPromises: Array<Promise<SectionsDatasetEntry>> = [];\n\n\t\t\tfor (const dir of dirFiles) {\n\t\t\t\tconst dataset = this.loadDataset(dir);\n\t\t\t\tloadedDatasetPromises.push(dataset);\n\t\t\t}\n\n\t\t\tlet datasetEntries = await Promise.all(loadedDatasetPromises);\n\t\t\treturn Promise.resolve(datasetEntries);\n\n\t\t} catch {\n\t\t\treturn Promise.reject(new InsightError(\"Could not load datasets.\"));\n\t\t}\n\t}\n\n\tpublic async loadDataset(datasetDir: string): Promise<SectionsDatasetEntry> {\n\t\t// let dataset = new SectionsDatasetEntry();\n\t\tconst fileContents = await fs.readJSON(this.path + \"/\" + datasetDir);\n\t\tlet objectJSON = JSON.parse(fileContents);\n\t\tlet dataset = new SectionsDatasetEntry();\n\t\tdataset.JSONToDatasetEntry(objectJSON);\n\t\treturn Promise.resolve(dataset);\n\t}\n}\n"]},"_coverageSchema":"1a1c01bbd47fc00a2c39e90264f33305004495a9","hash":"e592e6037c656ca68c0d1e0a74c01d065d47a8bd","contentHash":"b84d44ce44bf57956093ad57879ae2cc8c902c2b7eeb14b778f653f817b408c5"}}