{"/Users/dhairyads/Desktop/Main/CPSC 310/project_team216/src/controller/IInsightFacade.ts":{"path":"/Users/dhairyads/Desktop/Main/CPSC 310/project_team216/src/controller/IInsightFacade.ts","statementMap":{"0":{"start":{"line":2,"column":0},"end":{"line":2,"column":62}},"1":{"start":{"line":3,"column":0},"end":{"line":3,"column":113}},"2":{"start":{"line":5,"column":0},"end":{"line":8,"column":81}},"3":{"start":{"line":6,"column":4},"end":{"line":6,"column":48}},"4":{"start":{"line":7,"column":4},"end":{"line":7,"column":42}},"5":{"start":{"line":11,"column":8},"end":{"line":11,"column":23}},"6":{"start":{"line":12,"column":8},"end":{"line":12,"column":52}},"7":{"start":{"line":15,"column":0},"end":{"line":15,"column":36}},"8":{"start":{"line":18,"column":8},"end":{"line":18,"column":23}},"9":{"start":{"line":19,"column":8},"end":{"line":19,"column":53}},"10":{"start":{"line":22,"column":0},"end":{"line":22,"column":38}},"11":{"start":{"line":25,"column":8},"end":{"line":25,"column":23}},"12":{"start":{"line":26,"column":8},"end":{"line":26,"column":59}},"13":{"start":{"line":29,"column":0},"end":{"line":29,"column":50}}},"fnMap":{"0":{"name":"(anonymous_0)","decl":{"start":{"line":5,"column":1},"end":{"line":5,"column":2}},"loc":{"start":{"line":5,"column":31},"end":{"line":8,"column":1}},"line":5},"1":{"name":"(anonymous_1)","decl":{"start":{"line":10,"column":4},"end":{"line":10,"column":5}},"loc":{"start":{"line":10,"column":25},"end":{"line":13,"column":5}},"line":10},"2":{"name":"(anonymous_2)","decl":{"start":{"line":17,"column":4},"end":{"line":17,"column":5}},"loc":{"start":{"line":17,"column":25},"end":{"line":20,"column":5}},"line":17},"3":{"name":"(anonymous_3)","decl":{"start":{"line":24,"column":4},"end":{"line":24,"column":5}},"loc":{"start":{"line":24,"column":25},"end":{"line":27,"column":5}},"line":24}},"branchMap":{"0":{"loc":{"start":{"line":8,"column":3},"end":{"line":8,"column":79}},"type":"binary-expr","locations":[{"start":{"line":8,"column":3},"end":{"line":8,"column":21}},{"start":{"line":8,"column":26},"end":{"line":8,"column":78}}],"line":8}},"s":{"0":1,"1":1,"2":1,"3":1,"4":1,"5":116,"6":116,"7":1,"8":2,"9":2,"10":1,"11":10,"12":10,"13":1},"f":{"0":1,"1":116,"2":2,"3":10},"b":{"0":[1,1]},"inputSourceMap":{"version":3,"file":"/Users/dhairyads/Desktop/Main/CPSC 310/project_team216/src/controller/IInsightFacade.ts","sources":["/Users/dhairyads/Desktop/Main/CPSC 310/project_team216/src/controller/IInsightFacade.ts"],"names":[],"mappings":";;;AAMA,IAAY,kBAGX;AAHD,WAAY,kBAAkB;IAC7B,2CAAqB,CAAA;IACrB,qCAAe,CAAA;AAChB,CAAC,EAHW,kBAAkB,kCAAlB,kBAAkB,QAG7B;AAYD,MAAa,YAAa,SAAQ,KAAK;IACtC,YAAY,OAAgB;QAC3B,KAAK,CAAC,OAAO,CAAC,CAAC;QACf,KAAK,CAAC,iBAAiB,CAAC,IAAI,EAAE,YAAY,CAAC,CAAC;IAC7C,CAAC;CACD;AALD,oCAKC;AAED,MAAa,aAAc,SAAQ,KAAK;IACvC,YAAY,OAAgB;QAC3B,KAAK,CAAC,OAAO,CAAC,CAAC;QACf,KAAK,CAAC,iBAAiB,CAAC,IAAI,EAAE,aAAa,CAAC,CAAC;IAC9C,CAAC;CACD;AALD,sCAKC;AAED,MAAa,mBAAoB,SAAQ,KAAK;IAC7C,YAAY,OAAgB;QAC3B,KAAK,CAAC,OAAO,CAAC,CAAC;QACf,KAAK,CAAC,iBAAiB,CAAC,IAAI,EAAE,mBAAmB,CAAC,CAAC;IACpD,CAAC;CACD;AALD,kDAKC","sourcesContent":["/*\n * This is the primary high-level API for the project. In this folder there should be:\n * A class called InsightFacade, this should be in a file called InsightFacade.ts.\n * You should not change this interface at all or the test suite will not work.\n */\n\nexport enum InsightDatasetKind {\n\tSections = \"sections\",\n\tRooms = \"rooms\",\n}\n\nexport interface InsightDataset {\n\tid: string;\n\tkind: InsightDatasetKind;\n\tnumRows: number;\n}\n\nexport interface InsightResult {\n\t[key: string]: string | number;\n}\n\nexport class InsightError extends Error {\n\tconstructor(message?: string) {\n\t\tsuper(message);\n\t\tError.captureStackTrace(this, InsightError);\n\t}\n}\n\nexport class NotFoundError extends Error {\n\tconstructor(message?: string) {\n\t\tsuper(message);\n\t\tError.captureStackTrace(this, NotFoundError);\n\t}\n}\n\nexport class ResultTooLargeError extends Error {\n\tconstructor(message?: string) {\n\t\tsuper(message);\n\t\tError.captureStackTrace(this, ResultTooLargeError);\n\t}\n}\n\nexport interface IInsightFacade {\n\t/**\n\t * Add a dataset to insightUBC.\n\t *\n\t * @param id  The id of the dataset being added. Follows the format /^[^_]+$/\n\t * @param content  The base64 content of the dataset. This content should be in the form of a serialized zip file.\n\t * @param kind  The kind of the dataset\n\t *\n\t * @return Promise <string[]>\n\t *\n\t * The promise should fulfill on a successful add, reject for any failures.\n\t * The promise should fulfill with a string array,\n\t * containing the ids of all currently added datasets upon a successful add.\n\t * The promise should reject with an InsightError describing the error.\n\t *\n\t * An id is invalid if it contains an underscore, or is only whitespace characters.\n\t * If id is the same as the id of an already added dataset, the dataset should be rejected and not saved.\n\t *\n\t * After receiving the dataset, it should be processed into a data structure of\n\t * your design. The processed data structure should be persisted to disk; your\n\t * system should be able to load this persisted value into memory for answering\n\t * queries.\n\t *\n\t * Ultimately, a dataset must be added or loaded from disk before queries can\n\t * be successfully answered.\n\t */\n\taddDataset(id: string, content: string, kind: InsightDatasetKind): Promise<string[]>;\n\n\t/**\n\t * Remove a dataset from insightUBC.\n\t *\n\t * @param id  The id of the dataset to remove. Follows the format /^[^_]+$/\n\t *\n\t * @return Promise <string>\n\t *\n\t * The promise should fulfill upon a successful removal, reject on any error.\n\t * Attempting to remove a dataset that hasn't been added yet counts as an error.\n\t *\n\t * An id is invalid if it contains an underscore, or is only whitespace characters.\n\t *\n\t * The promise should fulfill the id of the dataset that was removed.\n\t * The promise should reject with a NotFoundError (if a valid id was not yet added)\n\t * or an InsightError (invalid id or any other source of failure) describing the error.\n\t *\n\t * This will delete both disk and memory caches for the dataset for the id meaning\n\t * that subsequent queries for that id should fail unless a new addDataset happens first.\n\t */\n\tremoveDataset(id: string): Promise<string>;\n\n\t/**\n\t * Perform a query on insightUBC.\n\t *\n\t * @param query  The query to be performed.\n\t *\n\t * If a query is incorrectly formatted, references a dataset not added (in memory or on disk),\n\t * or references multiple datasets, it should be rejected.\n\t *\n\t * @return Promise <InsightResult[]>\n\t *\n\t * The promise should fulfill with an array of results.\n\t * The promise should reject with a ResultTooLargeError (if the query returns too many results)\n\t * or an InsightError (for any other source of failure) describing the error.\n\t */\n\tperformQuery(query: unknown): Promise<InsightResult[]>;\n\n\t/**\n\t * List all currently added datasets, their types, and number of rows.\n\t *\n\t * @return Promise <InsightDataset[]>\n\t * The promise should fulfill an array of currently added InsightDatasets, and will only fulfill.\n\t */\n\tlistDatasets(): Promise<InsightDataset[]>;\n}\n"]},"_coverageSchema":"1a1c01bbd47fc00a2c39e90264f33305004495a9","hash":"1d8116108fa110c4d7b43bcaee5dedd2301fcba9","contentHash":"c76608078feb6ec9ceec2803d9e4c43f8b4e7e20141feea4136203e9aa9e5596"},"/Users/dhairyads/Desktop/Main/CPSC 310/project_team216/src/controller/InsightFacade.ts":{"path":"/Users/dhairyads/Desktop/Main/CPSC 310/project_team216/src/controller/InsightFacade.ts","statementMap":{"0":{"start":{"line":2,"column":22},"end":{"line":4,"column":1}},"1":{"start":{"line":3,"column":4},"end":{"line":3,"column":62}},"2":{"start":{"line":5,"column":0},"end":{"line":5,"column":62}},"3":{"start":{"line":6,"column":25},"end":{"line":6,"column":52}},"4":{"start":{"line":7,"column":24},"end":{"line":7,"column":77}},"5":{"start":{"line":8,"column":23},"end":{"line":8,"column":75}},"6":{"start":{"line":9,"column":26},"end":{"line":9,"column":81}},"7":{"start":{"line":10,"column":25},"end":{"line":10,"column":79}},"8":{"start":{"line":12,"column":21},"end":{"line":12,"column":51}},"9":{"start":{"line":14,"column":26},"end":{"line":14,"column":57}},"10":{"start":{"line":16,"column":25},"end":{"line":16,"column":66}},"11":{"start":{"line":17,"column":8},"end":{"line":33,"column":9}},"12":{"start":{"line":18,"column":24},"end":{"line":18,"column":74}},"13":{"start":{"line":19,"column":12},"end":{"line":29,"column":13}},"14":{"start":{"line":20,"column":16},"end":{"line":20,"column":54}},"15":{"start":{"line":21,"column":16},"end":{"line":23,"column":17}},"16":{"start":{"line":22,"column":20},"end":{"line":22,"column":67}},"17":{"start":{"line":24,"column":29},"end":{"line":24,"column":70}},"18":{"start":{"line":25,"column":16},"end":{"line":25,"column":47}},"19":{"start":{"line":28,"column":16},"end":{"line":28,"column":93}},"20":{"start":{"line":32,"column":12},"end":{"line":32,"column":84}},"21":{"start":{"line":36,"column":23},"end":{"line":36,"column":70}},"22":{"start":{"line":37,"column":22},"end":{"line":37,"column":27}},"23":{"start":{"line":38,"column":23},"end":{"line":38,"column":57}},"24":{"start":{"line":39,"column":22},"end":{"line":39,"column":65}},"25":{"start":{"line":40,"column":22},"end":{"line":40,"column":24}},"26":{"start":{"line":41,"column":8},"end":{"line":75,"column":9}},"27":{"start":{"line":42,"column":34},"end":{"line":42,"column":68}},"28":{"start":{"line":44,"column":12},"end":{"line":48,"column":13}},"29":{"start":{"line":45,"column":16},"end":{"line":47,"column":17}},"30":{"start":{"line":46,"column":20},"end":{"line":46,"column":52}},"31":{"start":{"line":49,"column":12},"end":{"line":54,"column":13}},"32":{"start":{"line":50,"column":16},"end":{"line":50,"column":62}},"33":{"start":{"line":53,"column":16},"end":{"line":53,"column":32}},"34":{"start":{"line":55,"column":12},"end":{"line":57,"column":13}},"35":{"start":{"line":56,"column":16},"end":{"line":56,"column":32}},"36":{"start":{"line":58,"column":12},"end":{"line":60,"column":13}},"37":{"start":{"line":59,"column":16},"end":{"line":59,"column":73}},"38":{"start":{"line":61,"column":12},"end":{"line":63,"column":13}},"39":{"start":{"line":62,"column":16},"end":{"line":62,"column":91}},"40":{"start":{"line":66,"column":12},"end":{"line":74,"column":13}},"41":{"start":{"line":67,"column":16},"end":{"line":67,"column":24}},"42":{"start":{"line":69,"column":17},"end":{"line":74,"column":13}},"43":{"start":{"line":70,"column":16},"end":{"line":70,"column":24}},"44":{"start":{"line":73,"column":16},"end":{"line":73,"column":84}},"45":{"start":{"line":76,"column":8},"end":{"line":76,"column":40}},"46":{"start":{"line":79,"column":23},"end":{"line":79,"column":68}},"47":{"start":{"line":80,"column":8},"end":{"line":80,"column":39}},"48":{"start":{"line":83,"column":8},"end":{"line":89,"column":9}},"49":{"start":{"line":84,"column":25},"end":{"line":84,"column":68}},"50":{"start":{"line":85,"column":12},"end":{"line":85,"column":43}},"51":{"start":{"line":88,"column":12},"end":{"line":88,"column":95}},"52":{"start":{"line":92,"column":0},"end":{"line":92,"column":32}}},"fnMap":{"0":{"name":"(anonymous_0)","decl":{"start":{"line":2,"column":56},"end":{"line":2,"column":57}},"loc":{"start":{"line":2,"column":71},"end":{"line":4,"column":1}},"line":2},"1":{"name":"(anonymous_1)","decl":{"start":{"line":13,"column":4},"end":{"line":13,"column":5}},"loc":{"start":{"line":13,"column":40},"end":{"line":34,"column":5}},"line":13},"2":{"name":"(anonymous_2)","decl":{"start":{"line":35,"column":4},"end":{"line":35,"column":5}},"loc":{"start":{"line":35,"column":30},"end":{"line":77,"column":5}},"line":35},"3":{"name":"(anonymous_3)","decl":{"start":{"line":78,"column":4},"end":{"line":78,"column":5}},"loc":{"start":{"line":78,"column":25},"end":{"line":81,"column":5}},"line":78},"4":{"name":"(anonymous_4)","decl":{"start":{"line":82,"column":4},"end":{"line":82,"column":5}},"loc":{"start":{"line":82,"column":28},"end":{"line":90,"column":5}},"line":82}},"branchMap":{"0":{"loc":{"start":{"line":2,"column":22},"end":{"line":4,"column":1}},"type":"binary-expr","locations":[{"start":{"line":2,"column":23},"end":{"line":2,"column":27}},{"start":{"line":2,"column":31},"end":{"line":2,"column":51}},{"start":{"line":2,"column":56},"end":{"line":4,"column":1}}],"line":2},"1":{"loc":{"start":{"line":3,"column":11},"end":{"line":3,"column":61}},"type":"cond-expr","locations":[{"start":{"line":3,"column":37},"end":{"line":3,"column":40}},{"start":{"line":3,"column":43},"end":{"line":3,"column":61}}],"line":3},"2":{"loc":{"start":{"line":3,"column":12},"end":{"line":3,"column":33}},"type":"binary-expr","locations":[{"start":{"line":3,"column":12},"end":{"line":3,"column":15}},{"start":{"line":3,"column":19},"end":{"line":3,"column":33}}],"line":3},"3":{"loc":{"start":{"line":17,"column":8},"end":{"line":33,"column":9}},"type":"if","locations":[{"start":{"line":17,"column":8},"end":{"line":33,"column":9}},{"start":{"line":17,"column":8},"end":{"line":33,"column":9}}],"line":17},"4":{"loc":{"start":{"line":19,"column":12},"end":{"line":29,"column":13}},"type":"if","locations":[{"start":{"line":19,"column":12},"end":{"line":29,"column":13}},{"start":{"line":19,"column":12},"end":{"line":29,"column":13}}],"line":19},"5":{"loc":{"start":{"line":21,"column":16},"end":{"line":23,"column":17}},"type":"if","locations":[{"start":{"line":21,"column":16},"end":{"line":23,"column":17}},{"start":{"line":21,"column":16},"end":{"line":23,"column":17}}],"line":21},"6":{"loc":{"start":{"line":45,"column":16},"end":{"line":47,"column":17}},"type":"if","locations":[{"start":{"line":45,"column":16},"end":{"line":47,"column":17}},{"start":{"line":45,"column":16},"end":{"line":47,"column":17}}],"line":45},"7":{"loc":{"start":{"line":49,"column":12},"end":{"line":54,"column":13}},"type":"if","locations":[{"start":{"line":49,"column":12},"end":{"line":54,"column":13}},{"start":{"line":49,"column":12},"end":{"line":54,"column":13}}],"line":49},"8":{"loc":{"start":{"line":55,"column":12},"end":{"line":57,"column":13}},"type":"if","locations":[{"start":{"line":55,"column":12},"end":{"line":57,"column":13}},{"start":{"line":55,"column":12},"end":{"line":57,"column":13}}],"line":55},"9":{"loc":{"start":{"line":58,"column":12},"end":{"line":60,"column":13}},"type":"if","locations":[{"start":{"line":58,"column":12},"end":{"line":60,"column":13}},{"start":{"line":58,"column":12},"end":{"line":60,"column":13}}],"line":58},"10":{"loc":{"start":{"line":61,"column":12},"end":{"line":63,"column":13}},"type":"if","locations":[{"start":{"line":61,"column":12},"end":{"line":63,"column":13}},{"start":{"line":61,"column":12},"end":{"line":63,"column":13}}],"line":61},"11":{"loc":{"start":{"line":66,"column":12},"end":{"line":74,"column":13}},"type":"if","locations":[{"start":{"line":66,"column":12},"end":{"line":74,"column":13}},{"start":{"line":66,"column":12},"end":{"line":74,"column":13}}],"line":66},"12":{"loc":{"start":{"line":69,"column":17},"end":{"line":74,"column":13}},"type":"if","locations":[{"start":{"line":69,"column":17},"end":{"line":74,"column":13}},{"start":{"line":69,"column":17},"end":{"line":74,"column":13}}],"line":69}},"s":{"0":1,"1":4,"2":1,"3":1,"4":1,"5":1,"6":1,"7":1,"8":42,"9":45,"10":45,"11":45,"12":39,"13":39,"14":31,"15":31,"16":31,"17":31,"18":31,"19":8,"20":6,"21":188,"22":188,"23":188,"24":188,"25":188,"26":188,"27":188,"28":186,"29":372,"30":180,"31":186,"32":180,"33":6,"34":129,"35":8,"36":129,"37":16,"38":113,"39":113,"40":85,"41":71,"42":14,"43":10,"44":4,"45":103,"46":19,"47":19,"48":6,"49":6,"50":5,"51":1,"52":1},"f":{"0":4,"1":45,"2":188,"3":19,"4":6},"b":{"0":[1,1,1],"1":[4,0],"2":[4,4],"3":[39,6],"4":[31,8],"5":[31,0],"6":[180,192],"7":[180,6],"8":[8,121],"9":[16,113],"10":[113,0],"11":[71,14],"12":[10,4]},"inputSourceMap":{"version":3,"file":"/Users/dhairyads/Desktop/Main/CPSC 310/project_team216/src/controller/InsightFacade.ts","sources":["/Users/dhairyads/Desktop/Main/CPSC 310/project_team216/src/controller/InsightFacade.ts"],"names":[],"mappings":";;;;;AAAA,qDAQ0B;AAC1B,8EAAsD;AACtD,4EAAoD;AACpD,kFAA0D;AAE1D,gFAAwD;AAGxD,MAAqB,aAAa;IACzB,cAAc,GAAmB,IAAI,wBAAc,EAAE,CAAC;IAEvD,KAAK,CAAC,UAAU,CAAC,EAAU,EAAE,OAAe,EAAE,IAAwB;QAkB5E,MAAM,SAAS,GAAG,IAAI,yBAAe,EAAE,CAAC;QACxC,IAAI,OAAiC,CAAC;QACtC,IAAI,UAAU,GAAG,MAAM,IAAI,CAAC,cAAc,CAAC,aAAa,EAAE,CAAC;QAC3D,IAAI,SAAS,CAAC,UAAU,CAAC,EAAE,EAAE,UAAU,CAAC,EAAE;YACzC,IAAI,KAAK,GAAG,MAAM,SAAS,CAAC,eAAe,CAAC,EAAE,EAAE,OAAO,EAAE,IAAI,CAAC,CAAC;YAC/D,IAAI,KAAK,EAAE;gBACV,OAAO,GAAG,SAAS,CAAC,eAAe,EAAE,CAAC;gBACtC,IAAI,OAAO,EAAE;oBACZ,MAAM,IAAI,CAAC,cAAc,CAAC,WAAW,CAAC,OAAO,CAAC,CAAC;iBAC/C;gBACD,IAAI,MAAM,GAAG,MAAM,IAAI,CAAC,cAAc,CAAC,aAAa,EAAE,CAAC;gBACvD,OAAO,OAAO,CAAC,OAAO,CAAC,MAAM,CAAC,CAAC;aAC/B;iBAAM;gBACN,OAAO,OAAO,CAAC,MAAM,CAAC,IAAI,6BAAY,CAAC,kBAAkB,CAAC,CAAC,CAAC;aAC5D;SACD;aAAM;YACN,OAAO,OAAO,CAAC,MAAM,CAAC,IAAI,6BAAY,CAAC,aAAa,CAAC,CAAC,CAAC;SACvD;IACF,CAAC;IAEM,KAAK,CAAC,YAAY,CAAC,KAAc;QACvC,IAAI,QAAQ,GAAmB,MAAM,IAAI,CAAC,cAAc,CAAC,mBAAmB,EAAE,CAAC;QAC/E,IAAI,OAAO,GAAY,KAAK,CAAC;QAC7B,IAAI,QAAQ,GAAG,IAAI,uBAAa,CAAC,KAAsB,CAAC,CAAC;QACzD,IAAI,OAAO,GAAG,IAAI,sBAAY,CAAC,KAAsB,EAAE,QAAQ,CAAC,CAAC;QAEjE,IAAI,OAAO,GAAoB,EAAE,CAAC;QAClC,IAAI;YAEH,IAAI,eAAe,GAAG,QAAQ,CAAC,uBAAuB,EAAE,CAAC;YACzD,IAAI,WAA2C,CAAC;YAChD,KAAK,IAAI,OAAO,IAAI,QAAQ,EAAE;gBAC7B,IAAI,OAAO,CAAC,KAAK,EAAE,KAAK,eAAe,EAAE;oBACxC,WAAW,GAAG,OAAO,CAAC,OAAO,EAAE,CAAC;iBAChC;aACD;YACD,IAAI,WAAW,KAAK,SAAS,EAAE;gBAC9B,OAAO,GAAG,QAAQ,CAAC,aAAa,CAAC,WAAW,CAAC,CAAC;aAC9C;iBAAM;gBACN,OAAO,GAAG,KAAK,CAAC;aAChB;YACD,IAAI,QAAQ,CAAC,YAAY,EAAE,KAAK,QAAQ,CAAC,uBAAuB,EAAE,EAAE;gBACnE,OAAO,GAAG,KAAK,CAAC;aAChB;YAED,IAAI,CAAC,OAAO,EAAE;gBACb,MAAM,IAAI,6BAAY,CAAC,eAAe,CAAC,CAAC;aACxC;YACD,IAAI,WAAW,KAAK,SAAS,EAAE;gBAC9B,OAAO,GAAG,MAAM,OAAO,CAAC,YAAY,CAAC,QAAQ,CAAC,YAAY,EAAE,EAAE,WAAW,CAAC,CAAC;aAC3E;SACD;QAAC,OAAO,CAAC,EAAE;YACX,IAAI,CAAC,YAAY,6BAAY,EAAE;gBAC9B,MAAM,CAAC,CAAC;aACR;iBAAM,IAAI,CAAC,YAAY,oCAAmB,EAAE;gBAC5C,MAAM,CAAC,CAAC;aACR;iBAAM;gBACN,MAAM,IAAI,6BAAY,CAAC,MAAM,CAAC,CAAC,YAAY,KAAK,CAAC,CAAC,CAAC;aACnD;SACD;QAED,OAAO,OAAO,CAAC,OAAO,CAAC,OAAO,CAAC,CAAC;IACjC,CAAC;IAEM,KAAK,CAAC,YAAY;QACxB,MAAM,MAAM,GAAG,MAAM,IAAI,CAAC,cAAc,CAAC,iBAAiB,EAAE,CAAC;QAC7D,OAAO,OAAO,CAAC,OAAO,CAAC,MAAM,CAAC,CAAC;IAChC,CAAC;IAEM,KAAK,CAAC,aAAa,CAAC,EAAU;QACpC,IAAI;YACH,IAAI,MAAM,GAAG,MAAM,IAAI,CAAC,cAAc,CAAC,aAAa,CAAC,EAAE,CAAC,CAAC;YACzD,OAAO,OAAO,CAAC,OAAO,CAAC,MAAM,CAAC,CAAC;SAC/B;QAAC,MAAM;YACP,OAAO,OAAO,CAAC,MAAM,CAAC,IAAI,8BAAa,CAAC,uBAAuB,CAAC,CAAC,CAAC;SAClE;IACF,CAAC;CACD;AAlGD,gCAkGC","sourcesContent":["import {\n\tIInsightFacade,\n\tInsightDataset,\n\tInsightDatasetKind,\n\tInsightError,\n\tInsightResult,\n\tNotFoundError,\n\tResultTooLargeError,\n} from \"./IInsightFacade\";\nimport ValidateQuery from \"../services/validateQuery\";\nimport CollectQuery from \"../services/collectQuery\";\nimport ValidateDataset from \"../services/validateDataset\";\nimport {DatasetEntry} from \"../serviceHelpers/datasetConstruction/DatasetEntry\";\nimport DatasetManager from \"../services/DatasetManager\";\nimport SectionsDatasetEntry from \"../serviceHelpers/datasetConstruction/sectionsDataset/SectionsDatasetEntry\";\n\nexport default class InsightFacade implements IInsightFacade {\n\tprivate datasetManager: DatasetManager = new DatasetManager();\n\n\tpublic async addDataset(id: string, content: string, kind: InsightDatasetKind): Promise<string[]> {\n\t\t/*\n\t\t\tThe promise should fulfill on a successful add, reject for any failures.\n\t\t\tThe promise should fulfill with a string array,\n\t\t\tcontaining the ids of all currently added datasets upon a successful add.\n\t\t\tThe promise should reject with an InsightError describing the error.\n\n\t\t\tAn id is invalid if it contains an underscore, or is only whitespace characters.\n\t\t\tIf id is the same as the id of an already added dataset, the dataset should be rejected and not saved.\n\n\t\t\tAfter receiving the dataset, it should be processed into a data structure of\n\t\t\tyour design. The processed data structure should be persisted to disk; your\n\t\t\tsystem should be able to load this persisted value into memory for answering\n\t\t\tqueries.\n\n\t\t\tUltimately, a dataset must be added or loaded from disk before queries can\n\t\t\tbe successfully answered.\n\t\t */\n\t\tconst validator = new ValidateDataset();\n\t\tlet dataset: DatasetEntry | undefined;\n\t\tlet datasetIds = await this.datasetManager.getDatasetIds();\n\t\tif (validator.validateId(id, datasetIds)) {\n\t\t\tlet valid = await validator.validateContent(id, content, kind);\n\t\t\tif (valid) {\n\t\t\t\tdataset = validator.getValidDataset();\n\t\t\t\tif (dataset) {\n\t\t\t\t\tawait this.datasetManager.saveDataset(dataset);\n\t\t\t\t}\n\t\t\t\tlet result = await this.datasetManager.getDatasetIds();\n\t\t\t\treturn Promise.resolve(result);\n\t\t\t} else {\n\t\t\t\treturn Promise.reject(new InsightError(\"Invalid content.\"));\n\t\t\t}\n\t\t} else {\n\t\t\treturn Promise.reject(new InsightError(\"Invalid id.\"));\n\t\t}\n\t}\n\n\tpublic async performQuery(query: unknown): Promise<InsightResult[]> {\n\t\tlet datasets: DatasetEntry[] = await this.datasetManager.loadDatasetFromDisk();\n\t\tlet isValid: boolean = false;\n\t\tlet validate = new ValidateQuery(query as typeof Object);\n\t\tlet collect = new CollectQuery(query as typeof Object, datasets);\n\n\t\tlet results: InsightResult[] = [];\n\t\ttry {\n\n\t\t\tlet prelimDatasetId = validate.getPreliminaryDatasetId();\n\t\t\tlet datasetKind: InsightDatasetKind | undefined;\n\t\t\tfor (let dataset of datasets) {\n\t\t\t\tif (dataset.getId() === prelimDatasetId) {\n\t\t\t\t\tdatasetKind = dataset.getKind();\n\t\t\t\t}\n\t\t\t}\n\t\t\tif (datasetKind !== undefined) {\n\t\t\t\tisValid = validate.ValidateQuery(datasetKind);\n\t\t\t} else {\n\t\t\t\tisValid = false;\n\t\t\t}\n\t\t\tif (validate.getDatasetId() !== validate.getPreliminaryDatasetId()) {\n\t\t\t\tisValid = false;\n\t\t\t}\n\n\t\t\tif (!isValid) {\n\t\t\t\tthrow new InsightError(\"Invalid Query\");\n\t\t\t}\n\t\t\tif (datasetKind !== undefined) {\n\t\t\t\tresults = await collect.CollectQuery(validate.getDatasetId(), datasetKind);\n\t\t\t}\n\t\t} catch (e) {\n\t\t\tif (e instanceof InsightError) {\n\t\t\t\tthrow e;\n\t\t\t} else if (e instanceof ResultTooLargeError) {\n\t\t\t\tthrow e;\n\t\t\t} else {\n\t\t\t\tthrow new InsightError(String(e instanceof Error));\n\t\t\t}\n\t\t}\n\n\t\treturn Promise.resolve(results);\n\t}\n\n\tpublic async listDatasets(): Promise<InsightDataset[]> {\n\t\tconst result = await this.datasetManager.readDatasetLedger();\n\t\treturn Promise.resolve(result);\n\t}\n\n\tpublic async removeDataset(id: string): Promise<string> {\n\t\ttry {\n\t\t\tlet result = await this.datasetManager.removeDataset(id);\n\t\t\treturn Promise.resolve(result);\n\t\t} catch {\n\t\t\treturn Promise.reject(new NotFoundError(\"RemoveDataset failed.\"));\n\t\t}\n\t}\n}\n"]},"_coverageSchema":"1a1c01bbd47fc00a2c39e90264f33305004495a9","hash":"570230d90b072416b31bd995118bcb8280d62682","contentHash":"ceb86a9bd710b85da93e0ccb37cc46d76544afc13d6560bd5bcc46b5179376d3"},"/Users/dhairyads/Desktop/Main/CPSC 310/project_team216/src/services/validateQuery.ts":{"path":"/Users/dhairyads/Desktop/Main/CPSC 310/project_team216/src/services/validateQuery.ts","statementMap":{"0":{"start":{"line":2,"column":22},"end":{"line":4,"column":1}},"1":{"start":{"line":3,"column":4},"end":{"line":3,"column":62}},"2":{"start":{"line":5,"column":0},"end":{"line":5,"column":62}},"3":{"start":{"line":6,"column":25},"end":{"line":6,"column":64}},"4":{"start":{"line":7,"column":28},"end":{"line":7,"column":82}},"5":{"start":{"line":8,"column":34},"end":{"line":8,"column":126}},"6":{"start":{"line":9,"column":26},"end":{"line":9,"column":110}},"7":{"start":{"line":12,"column":16},"end":{"line":12,"column":18}},"8":{"start":{"line":13,"column":19},"end":{"line":13,"column":58}},"9":{"start":{"line":14,"column":21},"end":{"line":14,"column":23}},"10":{"start":{"line":16,"column":8},"end":{"line":16,"column":27}},"11":{"start":{"line":19,"column":33},"end":{"line":19,"column":38}},"12":{"start":{"line":20,"column":22},"end":{"line":20,"column":27}},"13":{"start":{"line":22,"column":8},"end":{"line":22,"column":39}},"14":{"start":{"line":23,"column":8},"end":{"line":23,"column":71}},"15":{"start":{"line":23,"column":38},"end":{"line":23,"column":69}},"16":{"start":{"line":24,"column":8},"end":{"line":26,"column":9}},"17":{"start":{"line":25,"column":12},"end":{"line":25,"column":27}},"18":{"start":{"line":27,"column":8},"end":{"line":36,"column":9}},"19":{"start":{"line":28,"column":42},"end":{"line":28,"column":123}},"20":{"start":{"line":29,"column":12},"end":{"line":29,"column":57}},"21":{"start":{"line":30,"column":12},"end":{"line":32,"column":13}},"22":{"start":{"line":31,"column":16},"end":{"line":31,"column":31}},"23":{"start":{"line":33,"column":12},"end":{"line":33,"column":80}},"24":{"start":{"line":34,"column":12},"end":{"line":34,"column":70}},"25":{"start":{"line":35,"column":12},"end":{"line":35,"column":38}},"26":{"start":{"line":37,"column":30},"end":{"line":37,"column":162}},"27":{"start":{"line":38,"column":8},"end":{"line":38,"column":45}},"28":{"start":{"line":39,"column":8},"end":{"line":41,"column":9}},"29":{"start":{"line":40,"column":12},"end":{"line":40,"column":27}},"30":{"start":{"line":42,"column":8},"end":{"line":42,"column":58}},"31":{"start":{"line":43,"column":8},"end":{"line":43,"column":91}},"32":{"start":{"line":44,"column":8},"end":{"line":46,"column":9}},"33":{"start":{"line":45,"column":12},"end":{"line":45,"column":27}},"34":{"start":{"line":47,"column":8},"end":{"line":47,"column":23}},"35":{"start":{"line":50,"column":22},"end":{"line":50,"column":26}},"36":{"start":{"line":52,"column":8},"end":{"line":52,"column":33}},"37":{"start":{"line":53,"column":8},"end":{"line":81,"column":9}},"38":{"start":{"line":54,"column":12},"end":{"line":80,"column":13}},"39":{"start":{"line":55,"column":16},"end":{"line":55,"column":80}},"40":{"start":{"line":56,"column":16},"end":{"line":58,"column":17}},"41":{"start":{"line":57,"column":20},"end":{"line":57,"column":35}},"42":{"start":{"line":60,"column":17},"end":{"line":80,"column":13}},"43":{"start":{"line":61,"column":16},"end":{"line":61,"column":84}},"44":{"start":{"line":62,"column":16},"end":{"line":64,"column":17}},"45":{"start":{"line":63,"column":20},"end":{"line":63,"column":35}},"46":{"start":{"line":66,"column":17},"end":{"line":80,"column":13}},"47":{"start":{"line":67,"column":16},"end":{"line":67,"column":80}},"48":{"start":{"line":68,"column":16},"end":{"line":70,"column":17}},"49":{"start":{"line":69,"column":20},"end":{"line":69,"column":35}},"50":{"start":{"line":72,"column":17},"end":{"line":80,"column":13}},"51":{"start":{"line":73,"column":16},"end":{"line":73,"column":83}},"52":{"start":{"line":74,"column":16},"end":{"line":76,"column":17}},"53":{"start":{"line":75,"column":20},"end":{"line":75,"column":35}},"54":{"start":{"line":79,"column":16},"end":{"line":79,"column":73}},"55":{"start":{"line":82,"column":8},"end":{"line":82,"column":23}},"56":{"start":{"line":85,"column":22},"end":{"line":85,"column":27}},"57":{"start":{"line":87,"column":8},"end":{"line":87,"column":34}},"58":{"start":{"line":88,"column":8},"end":{"line":110,"column":9}},"59":{"start":{"line":89,"column":23},"end":{"line":89,"column":37}},"60":{"start":{"line":90,"column":12},"end":{"line":92,"column":13}},"61":{"start":{"line":91,"column":16},"end":{"line":91,"column":73}},"62":{"start":{"line":93,"column":32},"end":{"line":93,"column":61}},"63":{"start":{"line":94,"column":12},"end":{"line":96,"column":13}},"64":{"start":{"line":95,"column":16},"end":{"line":95,"column":73}},"65":{"start":{"line":97,"column":12},"end":{"line":109,"column":13}},"66":{"start":{"line":98,"column":30},"end":{"line":98,"column":40}},"67":{"start":{"line":99,"column":16},"end":{"line":101,"column":17}},"68":{"start":{"line":100,"column":20},"end":{"line":100,"column":77}},"69":{"start":{"line":102,"column":16},"end":{"line":102,"column":31}},"70":{"start":{"line":103,"column":16},"end":{"line":105,"column":17}},"71":{"start":{"line":104,"column":20},"end":{"line":104,"column":35}},"72":{"start":{"line":108,"column":16},"end":{"line":108,"column":73}},"73":{"start":{"line":111,"column":8},"end":{"line":111,"column":23}},"74":{"start":{"line":114,"column":22},"end":{"line":114,"column":27}},"75":{"start":{"line":116,"column":8},"end":{"line":116,"column":38}},"76":{"start":{"line":117,"column":8},"end":{"line":122,"column":9}},"77":{"start":{"line":118,"column":12},"end":{"line":118,"column":80}},"78":{"start":{"line":119,"column":12},"end":{"line":121,"column":13}},"79":{"start":{"line":120,"column":16},"end":{"line":120,"column":31}},"80":{"start":{"line":123,"column":8},"end":{"line":123,"column":23}},"81":{"start":{"line":126,"column":22},"end":{"line":126,"column":27}},"82":{"start":{"line":128,"column":8},"end":{"line":128,"column":34}},"83":{"start":{"line":129,"column":8},"end":{"line":151,"column":9}},"84":{"start":{"line":130,"column":23},"end":{"line":130,"column":37}},"85":{"start":{"line":131,"column":12},"end":{"line":133,"column":13}},"86":{"start":{"line":132,"column":16},"end":{"line":132,"column":73}},"87":{"start":{"line":134,"column":32},"end":{"line":134,"column":61}},"88":{"start":{"line":135,"column":12},"end":{"line":137,"column":13}},"89":{"start":{"line":136,"column":16},"end":{"line":136,"column":73}},"90":{"start":{"line":138,"column":12},"end":{"line":150,"column":13}},"91":{"start":{"line":139,"column":30},"end":{"line":139,"column":40}},"92":{"start":{"line":140,"column":16},"end":{"line":142,"column":17}},"93":{"start":{"line":141,"column":20},"end":{"line":141,"column":77}},"94":{"start":{"line":143,"column":16},"end":{"line":143,"column":58}},"95":{"start":{"line":144,"column":16},"end":{"line":146,"column":17}},"96":{"start":{"line":145,"column":20},"end":{"line":145,"column":35}},"97":{"start":{"line":149,"column":16},"end":{"line":149,"column":73}},"98":{"start":{"line":152,"column":8},"end":{"line":152,"column":23}},"99":{"start":{"line":155,"column":22},"end":{"line":155,"column":27}},"100":{"start":{"line":157,"column":8},"end":{"line":157,"column":32}},"101":{"start":{"line":158,"column":8},"end":{"line":160,"column":9}},"102":{"start":{"line":159,"column":12},"end":{"line":159,"column":69}},"103":{"start":{"line":161,"column":8},"end":{"line":161,"column":65}},"104":{"start":{"line":162,"column":8},"end":{"line":162,"column":23}},"105":{"start":{"line":165,"column":22},"end":{"line":165,"column":39}},"106":{"start":{"line":166,"column":8},"end":{"line":168,"column":9}},"107":{"start":{"line":167,"column":12},"end":{"line":167,"column":76}},"108":{"start":{"line":169,"column":8},"end":{"line":169,"column":20}},"109":{"start":{"line":172,"column":24},"end":{"line":172,"column":26}},"110":{"start":{"line":173,"column":22},"end":{"line":173,"column":43}},"111":{"start":{"line":174,"column":8},"end":{"line":174,"column":50}},"112":{"start":{"line":176,"column":23},"end":{"line":176,"column":25}},"113":{"start":{"line":177,"column":23},"end":{"line":177,"column":37}},"114":{"start":{"line":178,"column":12},"end":{"line":184,"column":13}},"115":{"start":{"line":179,"column":29},"end":{"line":179,"column":43}},"116":{"start":{"line":180,"column":16},"end":{"line":183,"column":17}},"117":{"start":{"line":181,"column":20},"end":{"line":181,"column":37}},"118":{"start":{"line":182,"column":20},"end":{"line":182,"column":26}},"119":{"start":{"line":185,"column":12},"end":{"line":185,"column":24}},"120":{"start":{"line":187,"column":8},"end":{"line":187,"column":25}},"121":{"start":{"line":190,"column":8},"end":{"line":190,"column":30}},"122":{"start":{"line":193,"column":8},"end":{"line":193,"column":28}},"123":{"start":{"line":196,"column":8},"end":{"line":196,"column":35}},"124":{"start":{"line":199,"column":8},"end":{"line":199,"column":35}},"125":{"start":{"line":202,"column":0},"end":{"line":202,"column":32}}},"fnMap":{"0":{"name":"(anonymous_0)","decl":{"start":{"line":2,"column":56},"end":{"line":2,"column":57}},"loc":{"start":{"line":2,"column":71},"end":{"line":4,"column":1}},"line":2},"1":{"name":"(anonymous_1)","decl":{"start":{"line":15,"column":4},"end":{"line":15,"column":5}},"loc":{"start":{"line":15,"column":23},"end":{"line":17,"column":5}},"line":15},"2":{"name":"(anonymous_2)","decl":{"start":{"line":18,"column":4},"end":{"line":18,"column":5}},"loc":{"start":{"line":18,"column":31},"end":{"line":48,"column":5}},"line":18},"3":{"name":"(anonymous_3)","decl":{"start":{"line":23,"column":29},"end":{"line":23,"column":30}},"loc":{"start":{"line":23,"column":38},"end":{"line":23,"column":69}},"line":23},"4":{"name":"(anonymous_4)","decl":{"start":{"line":49,"column":4},"end":{"line":49,"column":5}},"loc":{"start":{"line":49,"column":47},"end":{"line":83,"column":5}},"line":49},"5":{"name":"(anonymous_5)","decl":{"start":{"line":84,"column":4},"end":{"line":84,"column":5}},"loc":{"start":{"line":84,"column":49},"end":{"line":112,"column":5}},"line":84},"6":{"name":"(anonymous_6)","decl":{"start":{"line":113,"column":4},"end":{"line":113,"column":5}},"loc":{"start":{"line":113,"column":57},"end":{"line":124,"column":5}},"line":113},"7":{"name":"(anonymous_7)","decl":{"start":{"line":125,"column":4},"end":{"line":125,"column":5}},"loc":{"start":{"line":125,"column":49},"end":{"line":153,"column":5}},"line":125},"8":{"name":"(anonymous_8)","decl":{"start":{"line":154,"column":4},"end":{"line":154,"column":5}},"loc":{"start":{"line":154,"column":50},"end":{"line":163,"column":5}},"line":154},"9":{"name":"(anonymous_9)","decl":{"start":{"line":164,"column":4},"end":{"line":164,"column":5}},"loc":{"start":{"line":164,"column":37},"end":{"line":170,"column":5}},"line":164},"10":{"name":"(anonymous_10)","decl":{"start":{"line":171,"column":4},"end":{"line":171,"column":5}},"loc":{"start":{"line":171,"column":30},"end":{"line":188,"column":5}},"line":171},"11":{"name":"getDatasetIdFromCols","decl":{"start":{"line":175,"column":17},"end":{"line":175,"column":37}},"loc":{"start":{"line":175,"column":43},"end":{"line":186,"column":9}},"line":175},"12":{"name":"(anonymous_12)","decl":{"start":{"line":189,"column":4},"end":{"line":189,"column":5}},"loc":{"start":{"line":189,"column":19},"end":{"line":191,"column":5}},"line":189},"13":{"name":"(anonymous_13)","decl":{"start":{"line":192,"column":4},"end":{"line":192,"column":5}},"loc":{"start":{"line":192,"column":21},"end":{"line":194,"column":5}},"line":192},"14":{"name":"(anonymous_14)","decl":{"start":{"line":195,"column":4},"end":{"line":195,"column":5}},"loc":{"start":{"line":195,"column":24},"end":{"line":197,"column":5}},"line":195},"15":{"name":"(anonymous_15)","decl":{"start":{"line":198,"column":4},"end":{"line":198,"column":5}},"loc":{"start":{"line":198,"column":28},"end":{"line":200,"column":5}},"line":198}},"branchMap":{"0":{"loc":{"start":{"line":2,"column":22},"end":{"line":4,"column":1}},"type":"binary-expr","locations":[{"start":{"line":2,"column":23},"end":{"line":2,"column":27}},{"start":{"line":2,"column":31},"end":{"line":2,"column":51}},{"start":{"line":2,"column":56},"end":{"line":4,"column":1}}],"line":2},"1":{"loc":{"start":{"line":3,"column":11},"end":{"line":3,"column":61}},"type":"cond-expr","locations":[{"start":{"line":3,"column":37},"end":{"line":3,"column":40}},{"start":{"line":3,"column":43},"end":{"line":3,"column":61}}],"line":3},"2":{"loc":{"start":{"line":3,"column":12},"end":{"line":3,"column":33}},"type":"binary-expr","locations":[{"start":{"line":3,"column":12},"end":{"line":3,"column":15}},{"start":{"line":3,"column":19},"end":{"line":3,"column":33}}],"line":3},"3":{"loc":{"start":{"line":24,"column":8},"end":{"line":26,"column":9}},"type":"if","locations":[{"start":{"line":24,"column":8},"end":{"line":26,"column":9}},{"start":{"line":24,"column":8},"end":{"line":26,"column":9}}],"line":24},"4":{"loc":{"start":{"line":27,"column":8},"end":{"line":36,"column":9}},"type":"if","locations":[{"start":{"line":27,"column":8},"end":{"line":36,"column":9}},{"start":{"line":27,"column":8},"end":{"line":36,"column":9}}],"line":27},"5":{"loc":{"start":{"line":30,"column":12},"end":{"line":32,"column":13}},"type":"if","locations":[{"start":{"line":30,"column":12},"end":{"line":32,"column":13}},{"start":{"line":30,"column":12},"end":{"line":32,"column":13}}],"line":30},"6":{"loc":{"start":{"line":39,"column":8},"end":{"line":41,"column":9}},"type":"if","locations":[{"start":{"line":39,"column":8},"end":{"line":41,"column":9}},{"start":{"line":39,"column":8},"end":{"line":41,"column":9}}],"line":39},"7":{"loc":{"start":{"line":44,"column":8},"end":{"line":46,"column":9}},"type":"if","locations":[{"start":{"line":44,"column":8},"end":{"line":46,"column":9}},{"start":{"line":44,"column":8},"end":{"line":46,"column":9}}],"line":44},"8":{"loc":{"start":{"line":54,"column":12},"end":{"line":80,"column":13}},"type":"if","locations":[{"start":{"line":54,"column":12},"end":{"line":80,"column":13}},{"start":{"line":54,"column":12},"end":{"line":80,"column":13}}],"line":54},"9":{"loc":{"start":{"line":54,"column":16},"end":{"line":54,"column":60}},"type":"binary-expr","locations":[{"start":{"line":54,"column":16},"end":{"line":54,"column":28}},{"start":{"line":54,"column":32},"end":{"line":54,"column":44}},{"start":{"line":54,"column":48},"end":{"line":54,"column":60}}],"line":54},"10":{"loc":{"start":{"line":56,"column":16},"end":{"line":58,"column":17}},"type":"if","locations":[{"start":{"line":56,"column":16},"end":{"line":58,"column":17}},{"start":{"line":56,"column":16},"end":{"line":58,"column":17}}],"line":56},"11":{"loc":{"start":{"line":60,"column":17},"end":{"line":80,"column":13}},"type":"if","locations":[{"start":{"line":60,"column":17},"end":{"line":80,"column":13}},{"start":{"line":60,"column":17},"end":{"line":80,"column":13}}],"line":60},"12":{"loc":{"start":{"line":60,"column":21},"end":{"line":60,"column":50}},"type":"binary-expr","locations":[{"start":{"line":60,"column":21},"end":{"line":60,"column":34}},{"start":{"line":60,"column":38},"end":{"line":60,"column":50}}],"line":60},"13":{"loc":{"start":{"line":62,"column":16},"end":{"line":64,"column":17}},"type":"if","locations":[{"start":{"line":62,"column":16},"end":{"line":64,"column":17}},{"start":{"line":62,"column":16},"end":{"line":64,"column":17}}],"line":62},"14":{"loc":{"start":{"line":66,"column":17},"end":{"line":80,"column":13}},"type":"if","locations":[{"start":{"line":66,"column":17},"end":{"line":80,"column":13}},{"start":{"line":66,"column":17},"end":{"line":80,"column":13}}],"line":66},"15":{"loc":{"start":{"line":68,"column":16},"end":{"line":70,"column":17}},"type":"if","locations":[{"start":{"line":68,"column":16},"end":{"line":70,"column":17}},{"start":{"line":68,"column":16},"end":{"line":70,"column":17}}],"line":68},"16":{"loc":{"start":{"line":72,"column":17},"end":{"line":80,"column":13}},"type":"if","locations":[{"start":{"line":72,"column":17},"end":{"line":80,"column":13}},{"start":{"line":72,"column":17},"end":{"line":80,"column":13}}],"line":72},"17":{"loc":{"start":{"line":74,"column":16},"end":{"line":76,"column":17}},"type":"if","locations":[{"start":{"line":74,"column":16},"end":{"line":76,"column":17}},{"start":{"line":74,"column":16},"end":{"line":76,"column":17}}],"line":74},"18":{"loc":{"start":{"line":90,"column":12},"end":{"line":92,"column":13}},"type":"if","locations":[{"start":{"line":90,"column":12},"end":{"line":92,"column":13}},{"start":{"line":90,"column":12},"end":{"line":92,"column":13}}],"line":90},"19":{"loc":{"start":{"line":94,"column":12},"end":{"line":96,"column":13}},"type":"if","locations":[{"start":{"line":94,"column":12},"end":{"line":96,"column":13}},{"start":{"line":94,"column":12},"end":{"line":96,"column":13}}],"line":94},"20":{"loc":{"start":{"line":94,"column":16},"end":{"line":94,"column":105}},"type":"binary-expr","locations":[{"start":{"line":94,"column":16},"end":{"line":94,"column":30}},{"start":{"line":94,"column":34},"end":{"line":94,"column":105}}],"line":94},"21":{"loc":{"start":{"line":99,"column":16},"end":{"line":101,"column":17}},"type":"if","locations":[{"start":{"line":99,"column":16},"end":{"line":101,"column":17}},{"start":{"line":99,"column":16},"end":{"line":101,"column":17}}],"line":99},"22":{"loc":{"start":{"line":103,"column":16},"end":{"line":105,"column":17}},"type":"if","locations":[{"start":{"line":103,"column":16},"end":{"line":105,"column":17}},{"start":{"line":103,"column":16},"end":{"line":105,"column":17}}],"line":103},"23":{"loc":{"start":{"line":119,"column":12},"end":{"line":121,"column":13}},"type":"if","locations":[{"start":{"line":119,"column":12},"end":{"line":121,"column":13}},{"start":{"line":119,"column":12},"end":{"line":121,"column":13}}],"line":119},"24":{"loc":{"start":{"line":131,"column":12},"end":{"line":133,"column":13}},"type":"if","locations":[{"start":{"line":131,"column":12},"end":{"line":133,"column":13}},{"start":{"line":131,"column":12},"end":{"line":133,"column":13}}],"line":131},"25":{"loc":{"start":{"line":135,"column":12},"end":{"line":137,"column":13}},"type":"if","locations":[{"start":{"line":135,"column":12},"end":{"line":137,"column":13}},{"start":{"line":135,"column":12},"end":{"line":137,"column":13}}],"line":135},"26":{"loc":{"start":{"line":135,"column":16},"end":{"line":135,"column":105}},"type":"binary-expr","locations":[{"start":{"line":135,"column":16},"end":{"line":135,"column":30}},{"start":{"line":135,"column":34},"end":{"line":135,"column":105}}],"line":135},"27":{"loc":{"start":{"line":140,"column":16},"end":{"line":142,"column":17}},"type":"if","locations":[{"start":{"line":140,"column":16},"end":{"line":142,"column":17}},{"start":{"line":140,"column":16},"end":{"line":142,"column":17}}],"line":140},"28":{"loc":{"start":{"line":144,"column":16},"end":{"line":146,"column":17}},"type":"if","locations":[{"start":{"line":144,"column":16},"end":{"line":146,"column":17}},{"start":{"line":144,"column":16},"end":{"line":146,"column":17}}],"line":144},"29":{"loc":{"start":{"line":158,"column":8},"end":{"line":160,"column":9}},"type":"if","locations":[{"start":{"line":158,"column":8},"end":{"line":160,"column":9}},{"start":{"line":158,"column":8},"end":{"line":160,"column":9}}],"line":158},"30":{"loc":{"start":{"line":166,"column":8},"end":{"line":168,"column":9}},"type":"if","locations":[{"start":{"line":166,"column":8},"end":{"line":168,"column":9}},{"start":{"line":166,"column":8},"end":{"line":168,"column":9}}],"line":166},"31":{"loc":{"start":{"line":180,"column":16},"end":{"line":183,"column":17}},"type":"if","locations":[{"start":{"line":180,"column":16},"end":{"line":183,"column":17}},{"start":{"line":180,"column":16},"end":{"line":183,"column":17}}],"line":180}},"s":{"0":1,"1":2,"2":1,"3":1,"4":1,"5":1,"6":1,"7":188,"8":188,"9":188,"10":188,"11":180,"12":180,"13":180,"14":180,"15":399,"16":180,"17":2,"18":178,"19":40,"20":40,"21":37,"22":4,"23":33,"24":33,"25":33,"26":171,"27":171,"28":171,"29":4,"30":167,"31":167,"32":113,"33":0,"34":113,"35":328,"36":328,"37":327,"38":326,"39":130,"40":108,"41":0,"42":196,"43":66,"44":58,"45":0,"46":130,"47":105,"48":79,"49":0,"50":25,"51":22,"52":17,"53":0,"54":3,"55":263,"56":130,"57":130,"58":130,"59":130,"60":130,"61":6,"62":124,"63":124,"64":11,"65":113,"66":113,"67":113,"68":5,"69":108,"70":108,"71":0,"72":5,"73":108,"74":66,"75":66,"76":66,"77":141,"78":133,"79":0,"80":58,"81":105,"82":105,"83":105,"84":105,"85":105,"86":4,"87":101,"88":101,"89":10,"90":91,"91":91,"92":91,"93":4,"94":87,"95":79,"96":0,"97":12,"98":79,"99":22,"100":22,"101":22,"102":2,"103":20,"104":17,"105":87,"106":87,"107":8,"108":79,"109":317,"110":317,"111":317,"112":317,"113":317,"114":316,"115":315,"116":315,"117":305,"118":305,"119":315,"120":315,"121":580,"122":200,"123":171,"124":33,"125":1},"f":{"0":2,"1":188,"2":180,"3":399,"4":328,"5":130,"6":66,"7":105,"8":22,"9":87,"10":317,"11":317,"12":580,"13":200,"14":171,"15":33},"b":{"0":[1,1,1],"1":[2,0],"2":[2,2],"3":[2,178],"4":[40,138],"5":[4,33],"6":[4,167],"7":[0,113],"8":[130,196],"9":[326,239,210],"10":[0,108],"11":[66,130],"12":[196,147],"13":[0,58],"14":[105,25],"15":[0,79],"16":[22,3],"17":[0,17],"18":[6,124],"19":[11,113],"20":[124,119],"21":[5,108],"22":[0,108],"23":[0,133],"24":[4,101],"25":[10,91],"26":[101,92],"27":[4,87],"28":[0,79],"29":[2,20],"30":[8,79],"31":[305,10]},"inputSourceMap":{"version":3,"file":"/Users/dhairyads/Desktop/Main/CPSC 310/project_team216/src/services/validateQuery.ts","sources":["/Users/dhairyads/Desktop/Main/CPSC 310/project_team216/src/services/validateQuery.ts"],"names":[],"mappings":";;;;;AAAA,iEAA8E;AAC9E,mFAIqD;AACrD,+HAAuG;AACvG,+GAAuF;AAMvF,MAAqB,aAAa;IACzB,KAAK,CAAS;IACd,SAAS,GAAW,EAAE,CAAC;IACvB,YAAY,GAAG,CAAC,OAAO,EAAE,SAAS,EAAE,iBAAiB,CAAC,CAAC;IAEvD,cAAc,GAAa,EAAE,CAAC;IAEtC,YAAY,KAAa;QACxB,IAAI,CAAC,KAAK,GAAG,KAAK,CAAC;IACpB,CAAC;IAEM,aAAa,CAAC,WAA+B;QACnD,IAAI,kBAAkB,GAAY,KAAK,CAAC;QACxC,IAAI,OAAO,GAAG,KAAK,CAAC;QACpB,IAAI,IAAc,CAAC;QAEnB,IAAI,GAAG,MAAM,CAAC,IAAI,CAAC,IAAI,CAAC,KAAK,CAAC,CAAC;QAE/B,OAAO,GAAG,IAAI,CAAC,KAAK,CAAC,CAAC,GAAG,EAAC,EAAE,CAAC,IAAI,CAAC,YAAY,CAAC,QAAQ,CAAC,GAAG,CAAC,CAAC,CAAC;QAC9D,IAAI,CAAC,OAAO,EAAE;YACb,OAAO,OAAO,CAAC;SACf;QAED,IAAI,IAAI,CAAC,QAAQ,CAAC,iBAAiB,CAAC,EAAE;YAErC,IAAI,uBAAuB,GAC1B,IAAI,iCAAuB,CAAC,IAAI,CAAC,KAAK,CAAC,iBAA4C,CAAC,EAAE,WAAW,CAAC,CAAC;YACpG,OAAO,GAAG,uBAAuB,CAAC,QAAQ,EAAE,CAAC;YAE7C,IAAI,CAAC,OAAO,EAAE;gBACb,OAAO,OAAO,CAAC;aACf;YAED,IAAI,CAAC,iBAAiB,CAAC,uBAAuB,CAAC,iBAAiB,EAAE,CAAC,CAAC;YACpE,IAAI,CAAC,YAAY,CAAC,uBAAuB,CAAC,YAAY,EAAE,CAAC,CAAC;YAC1D,kBAAkB,GAAG,IAAI,CAAC;SAC1B;QAKD,IAAI,eAAe,GAAG,IAAI,yBAAe,CAAC,IAAI,CAAC,KAAK,CAAC,SAAoC,CAAC,EACzF,kBAAkB,EAAE,WAAW,EAAE,IAAI,CAAC,iBAAiB,EAAE,EAAE,IAAI,CAAC,YAAY,EAAE,CAAC,CAAC;QACjF,OAAO,GAAG,eAAe,CAAC,QAAQ,EAAE,CAAC;QACrC,IAAI,CAAC,OAAO,EAAE;YACb,OAAO,OAAO,CAAC;SACf;QACD,IAAI,CAAC,YAAY,CAAC,eAAe,CAAC,YAAY,EAAE,CAAC,CAAC;QAKlD,OAAO,GAAG,IAAI,CAAC,YAAY,CAAC,IAAI,CAAC,KAAK,CAAC,OAAkC,CAAC,EAAE,WAAW,EAAE,IAAI,CAAC,YAAY,EAAE,CAAC,CAAC;QAC9G,IAAI,CAAC,OAAO,EAAE;YACb,OAAO,OAAO,CAAC;SACf;QAID,OAAO,OAAO,CAAC;IAChB,CAAC;IAEO,YAAY,CAAC,IAAY,EAAE,WAA+B,EAAE,SAAiB;QACpF,IAAI,OAAO,GAAG,IAAI,CAAC;QACnB,IAAI,IAAc,CAAC;QACnB,IAAI,GAAG,MAAM,CAAC,IAAI,CAAC,IAAI,CAAC,CAAC;QAGzB,KAAK,IAAI,GAAG,IAAI,IAAI,EAAE;YACrB,IAAI,GAAG,KAAK,IAAI,IAAI,GAAG,KAAK,IAAI,IAAI,GAAG,KAAK,IAAI,EAAE;gBACjD,OAAO,GAAG,IAAI,CAAC,aAAa,CAAC,IAAI,CAAC,GAAwB,CAAC,EAAE,WAAW,EAAE,SAAS,CAAC,CAAC;gBACrF,IAAI,CAAC,OAAO,EAAE;oBACb,OAAO,OAAO,CAAC;iBACf;aACD;iBAAM,IAAI,GAAG,KAAK,KAAK,IAAI,GAAG,KAAK,IAAI,EAAE;gBACzC,OAAO,GAAG,IAAI,CAAC,iBAAiB,CAAC,IAAI,CAAC,GAAwB,CAAC,EAAE,WAAW,EAAC,SAAS,CAAC,CAAC;gBACxF,IAAI,CAAC,OAAO,EAAE;oBACb,OAAO,OAAO,CAAC;iBACf;aACD;iBAAM,IAAI,GAAG,KAAK,IAAI,EAAE;gBACxB,OAAO,GAAG,IAAI,CAAC,aAAa,CAAC,IAAI,CAAC,GAAwB,CAAC,EAAE,WAAW,EAAC,SAAS,CAAC,CAAC;gBACpF,IAAI,CAAC,OAAO,EAAE;oBACb,OAAO,OAAO,CAAC;iBACf;aACD;iBAAM,IAAI,GAAG,KAAK,KAAK,EAAE;gBACzB,OAAO,GAAG,IAAI,CAAC,gBAAgB,CAAC,IAAI,CAAC,GAAwB,CAAC,EAAE,WAAW,EAAC,SAAS,CAAC,CAAC;gBACvF,IAAI,CAAC,OAAO,EAAE;oBACb,OAAO,OAAO,CAAC;iBACf;aACD;iBAAM;gBACN,MAAM,IAAI,6BAAY,CAAC,eAAe,CAAC,CAAC;aACxC;SACD;QAED,OAAO,OAAO,CAAC;IAChB,CAAC;IAEO,aAAa,CAAC,KAAa,EAAE,WAA+B,EAAE,SAAiB;QACtF,IAAI,OAAO,GAAG,KAAK,CAAC;QACpB,IAAI,IAAc,CAAC;QACnB,IAAI,GAAG,MAAM,CAAC,IAAI,CAAC,KAAK,CAAC,CAAC;QAI1B,KAAK,IAAI,GAAG,IAAI,IAAI,EAAE;YACrB,IAAI,IAAI,GAAG,GAAG,CAAC,KAAK,CAAC,GAAG,CAAC,CAAC;YAE1B,IAAI,IAAI,CAAC,MAAM,KAAK,CAAC,EAAE;gBACtB,MAAM,IAAI,6BAAY,CAAC,eAAe,CAAC,CAAC;aACxC;YACD,IAAI,aAAa,GAAG,IAAI,CAAC,CAAC,CAAC,KAAK,MAAM,CAAC,SAAS,CAAC,CAAC;YAClD,IAAI,CAAC,aAAa,IAAI,CAAC,IAAA,2CAAuB,EAAC,WAAW,EAAE,IAAI,CAAC,CAAC,CAAC,CAAC,EAAE;gBACrE,MAAM,IAAI,6BAAY,CAAC,eAAe,CAAC,CAAC;aACxC;YAED,IAAI;gBACH,MAAM,KAAK,GAAW,KAAK,CAAC,GAAyB,CAAC,CAAC;gBACvD,IAAI,OAAO,KAAK,CAAC,GAAyB,CAAC,KAAK,QAAQ,EAAE;oBACzD,MAAM,IAAI,6BAAY,CAAC,eAAe,CAAC,CAAC;iBACxC;gBAED,OAAO,GAAG,IAAI,CAAC;gBACf,IAAI,CAAC,OAAO,EAAE;oBACb,OAAO,OAAO,CAAC;iBACf;aACD;YAAC,OAAO,CAAC,EAAE;gBACX,MAAM,IAAI,6BAAY,CAAC,eAAe,CAAC,CAAC;aACxC;SACD;QACD,OAAO,OAAO,CAAC;IAChB,CAAC;IAEO,iBAAiB,CAAC,SAAiB,EAAE,WAA+B,EAAE,SAAiB;QAC9F,IAAI,OAAO,GAAG,KAAK,CAAC;QACpB,IAAI,IAAc,CAAC;QACnB,IAAI,GAAG,MAAM,CAAC,IAAI,CAAC,SAAS,CAAC,CAAC;QAE9B,KAAK,IAAI,GAAG,IAAI,IAAI,EAAE;YACrB,OAAO,GAAG,IAAI,CAAC,YAAY,CAAC,SAAS,CAAC,GAA6B,CAAC,EAAE,WAAW,EAAE,SAAS,CAAC,CAAC;YAC9F,IAAI,CAAC,OAAO,EAAE;gBACb,OAAO,OAAO,CAAC;aACf;SACD;QAED,OAAO,OAAO,CAAC;IAChB,CAAC;IAEO,aAAa,CAAC,KAAa,EAAE,WAA+B,EAAE,SAAiB;QACtF,IAAI,OAAO,GAAG,KAAK,CAAC;QACpB,IAAI,IAAc,CAAC;QACnB,IAAI,GAAG,MAAM,CAAC,IAAI,CAAC,KAAK,CAAC,CAAC;QAG1B,KAAK,IAAI,GAAG,IAAI,IAAI,EAAE;YACrB,IAAI,IAAI,GAAG,GAAG,CAAC,KAAK,CAAC,GAAG,CAAC,CAAC;YAC1B,IAAI,IAAI,CAAC,MAAM,KAAK,CAAC,EAAE;gBACtB,MAAM,IAAI,6BAAY,CAAC,eAAe,CAAC,CAAC;aACxC;YAED,IAAI,aAAa,GAAG,IAAI,CAAC,CAAC,CAAC,KAAK,MAAM,CAAC,SAAS,CAAC,CAAC;YAClD,IAAI,CAAC,aAAa,IAAI,CAAC,IAAA,2CAAuB,EAAC,WAAW,EAAC,IAAI,CAAC,CAAC,CAAC,CAAC,EAAE;gBACpE,MAAM,IAAI,6BAAY,CAAC,eAAe,CAAC,CAAC;aACxC;YACD,IAAI;gBACH,MAAM,KAAK,GAAW,KAAK,CAAC,GAAyB,CAAC,CAAC;gBACvD,IAAI,OAAO,KAAK,CAAC,GAAyB,CAAC,KAAK,QAAQ,EAAE;oBACzD,MAAM,IAAI,6BAAY,CAAC,eAAe,CAAC,CAAC;iBACxC;gBACD,OAAO,GAAG,IAAI,CAAC,mBAAmB,CAAC,KAAK,CAAC,CAAC;gBAC1C,IAAI,CAAC,OAAO,EAAE;oBACb,OAAO,OAAO,CAAC;iBACf;aACD;YAAC,OAAO,CAAC,EAAE;gBACX,MAAM,IAAI,6BAAY,CAAC,eAAe,CAAC,CAAC;aACxC;SACD;QACD,OAAO,OAAO,CAAC;IAChB,CAAC;IAEO,gBAAgB,CAAC,GAAW,EAAE,WAA+B,EAAE,SAAiB;QACvF,IAAI,OAAO,GAAG,KAAK,CAAC;QACpB,IAAI,IAAc,CAAC;QACnB,IAAI,GAAG,MAAM,CAAC,IAAI,CAAC,GAAG,CAAC,CAAC;QAGxB,IAAI,IAAI,CAAC,MAAM,GAAG,CAAC,EAAE;YACpB,MAAM,IAAI,6BAAY,CAAC,eAAe,CAAC,CAAC;SACxC;QACD,OAAO,GAAG,IAAI,CAAC,YAAY,CAAC,GAAG,EAAE,WAAW,EAAE,SAAS,CAAC,CAAC;QAEzD,OAAO,OAAO,CAAC;IAChB,CAAC;IAEO,mBAAmB,CAAC,WAAmB;QAE9C,MAAM,KAAK,GAAG,iBAAiB,CAAC;QAChC,IAAI,CAAC,KAAK,CAAC,IAAI,CAAC,WAAW,CAAC,EAAE;YAC7B,MAAM,IAAI,6BAAY,CAAC,sBAAsB,CAAC,CAAC;SAC/C;QACD,OAAO,IAAI,CAAC;IACb,CAAC;IAEM,uBAAuB;QAC7B,IAAI,SAAS,GAAG,EAAE,CAAC;QACnB,IAAI,OAAO,GAAW,IAAI,CAAC,KAAK,CAAC,SAAoC,CAAC,CAAC;QAEvE,SAAS,GAAG,oBAAoB,CAAC,OAAO,CAAC,CAAC;QAC1C,SAAS,oBAAoB,CAAC,GAAW;YACxC,IAAI,IAAI,GAAG,EAAE,CAAC;YACd,IAAI,IAAI,GAAa,GAAG,CAAC,SAA6B,CAAC,CAAC;YACxD,KAAK,IAAI,GAAG,IAAI,IAAI,EAAE;gBACrB,IAAI,MAAM,GAAG,GAAG,CAAC,KAAK,CAAC,GAAG,CAAC,CAAC;gBAC5B,IAAI,MAAM,CAAC,MAAM,KAAK,CAAC,EAAE;oBACxB,IAAI,GAAG,MAAM,CAAC,CAAC,CAAC,CAAC;oBACjB,MAAM;iBACN;aACD;YACD,OAAO,IAAI,CAAC;QACb,CAAC;QACD,OAAO,SAAS,CAAC;IAClB,CAAC;IAEM,YAAY;QAClB,OAAO,IAAI,CAAC,SAAS,CAAC;IACvB,CAAC;IAEO,YAAY,CAAC,EAAU;QAC9B,IAAI,CAAC,SAAS,GAAG,EAAE,CAAC;IACrB,CAAC;IAEO,iBAAiB;QACxB,OAAO,IAAI,CAAC,cAAc,CAAC;IAC5B,CAAC;IAEO,iBAAiB,CAAC,IAAc;QACvC,IAAI,CAAC,cAAc,GAAG,IAAI,CAAC;IAC5B,CAAC;CACD;AA7OD,gCA6OC","sourcesContent":["import {InsightDatasetKind, InsightError} from \"../controller/IInsightFacade\";\nimport {\n\tcheckMfieldsBasedOnKind,\n\tcheckSfieldsBasedOnKind,\n\tvalidateIdString\n} from \"../serviceHelpers/helpers/collectionHelpers\";\nimport ValidateTransformations from \"../serviceHelpers/queryEngine/validators/validateTransformations\";\nimport ValidateOptions from \"../serviceHelpers/queryEngine/validators/validateOptions\";\n\n// Use sections kind instead of dataset id\n//\n//\n//\nexport default class ValidateQuery {\n\tprivate query: object;\n\tprivate datasetId: string = \"\";\n\tprivate expectedKeys = [\"WHERE\", \"OPTIONS\", \"TRANSFORMATIONS\"];\n\n\tprivate allowedColumns: string[] = [];\n\n\tconstructor(query: object) {\n\t\tthis.query = query;\n\t}\n\n\tpublic ValidateQuery(datasetKind: InsightDatasetKind): boolean {\n\t\tlet hasTransformations: boolean = false;\n\t\tlet isValid = false;\n\t\tlet keys: string[];\n\n\t\tkeys = Object.keys(this.query);\n\n\t\tisValid = keys.every((key)=> this.expectedKeys.includes(key));\n\t\tif (!isValid) {\n\t\t\treturn isValid;\n\t\t}\n\n\t\tif (keys.includes(\"TRANSFORMATIONS\")) { // need to add allowedColumns\n\t\t\t// check transformations\n\t\t\tlet validateTransformations =\n\t\t\t\tnew ValidateTransformations(this.query[\"TRANSFORMATIONS\" as keyof typeof this.query], datasetKind);\n\t\t\tisValid = validateTransformations.Validate();\n\n\t\t\tif (!isValid) {\n\t\t\t\treturn isValid;\n\t\t\t}\n\n\t\t\tthis.setAllowedColumns(validateTransformations.getAllowedColumns());\n\t\t\tthis.setDatasetId(validateTransformations.getDatasetId());\n\t\t\thasTransformations = true;\n\t\t}\n\n\t\t// console.log(\"Valid Transform\");\n\n\t\t// check options\n\t\tlet validateOptions = new ValidateOptions(this.query[\"OPTIONS\" as keyof typeof this.query],\n\t\t\thasTransformations, datasetKind, this.getAllowedColumns(), this.getDatasetId());\n\t\tisValid = validateOptions.Validate();\n\t\tif (!isValid) {\n\t\t\treturn isValid;\n\t\t}\n\t\tthis.setDatasetId(validateOptions.getDatasetId());\n\n\t\t// console.log(\"Valid Options\");\n\n\t\t// check where\n\t\tisValid = this.validateBody(this.query[\"WHERE\" as keyof typeof this.query], datasetKind, this.getDatasetId());\n\t\tif (!isValid) {\n\t\t\treturn isValid;\n\t\t}\n\n\t\t// console.log(\"Valid Body\");\n\n\t\treturn isValid;\n\t}\n\n\tprivate validateBody(body: object, datasetKind: InsightDatasetKind, datasetId: string): boolean {\n\t\tlet isValid = true;\n\t\tlet keys: string[];\n\t\tkeys = Object.keys(body);\n\t\t// console.log(\"Body\", keys);\n\n\t\tfor (let key of keys) {\n\t\t\tif (key === \"GT\" || key === \"LT\" || key === \"EQ\") { // MCOMP\n\t\t\t\tisValid = this.validateMCOMP(body[key as keyof typeof body], datasetKind, datasetId);\n\t\t\t\tif (!isValid) {\n\t\t\t\t\treturn isValid;\n\t\t\t\t}\n\t\t\t} else if (key === \"AND\" || key === \"OR\") { // LOGICCOMP\n\t\t\t\tisValid = this.validateLOGICCOMP(body[key as keyof typeof body], datasetKind,datasetId);\n\t\t\t\tif (!isValid) {\n\t\t\t\t\treturn isValid;\n\t\t\t\t}\n\t\t\t} else if (key === \"IS\") { // SCOMP\n\t\t\t\tisValid = this.validateSCOMP(body[key as keyof typeof body], datasetKind,datasetId);\n\t\t\t\tif (!isValid) {\n\t\t\t\t\treturn isValid;\n\t\t\t\t}\n\t\t\t} else if (key === \"NOT\") { // NEGATION\n\t\t\t\tisValid = this.validateNEGATION(body[key as keyof typeof body], datasetKind,datasetId);\n\t\t\t\tif (!isValid) {\n\t\t\t\t\treturn isValid;\n\t\t\t\t}\n\t\t\t} else {\n\t\t\t\tthrow new InsightError(\"Invalid Query\");\n\t\t\t}\n\t\t}\n\n\t\treturn isValid;\n\t}\n\n\tprivate validateMCOMP(mcomp: object, datasetKind: InsightDatasetKind, datasetId: string): boolean {\n\t\tlet isValid = false;\n\t\tlet keys: string[];\n\t\tkeys = Object.keys(mcomp);\n\t\t// console.log(\"MCOMP\", keys);\n\n\n\t\tfor (let key of keys) {\n\t\t\tlet mkey = key.split(\"_\");\n\n\t\t\tif (mkey.length !== 2) {\n\t\t\t\tthrow new InsightError(\"Invalid Query\");\n\t\t\t}\n\t\t\tlet isValidString = mkey[0] === String(datasetId);\n\t\t\tif (!isValidString || !checkMfieldsBasedOnKind(datasetKind, mkey[1])) {\n\t\t\t\tthrow new InsightError(\"Invalid Query\");\n\t\t\t}\n\n\t\t\ttry {\n\t\t\t\tconst value: number = mcomp[key as keyof typeof mcomp]; // fail if numeric string or array or empty\n\t\t\t\tif (typeof mcomp[key as keyof typeof mcomp] !== \"number\") {\n\t\t\t\t\tthrow new InsightError(\"Invalid Query\");\n\t\t\t\t}\n\t\t\t\t// console.log(\"MCOMP val\", value);\n\t\t\t\tisValid = true;\n\t\t\t\tif (!isValid) {\n\t\t\t\t\treturn isValid;\n\t\t\t\t}\n\t\t\t} catch (e) {\n\t\t\t\tthrow new InsightError(\"Invalid Query\");\n\t\t\t}\n\t\t}\n\t\treturn isValid;\n\t}\n\n\tprivate validateLOGICCOMP(logiccomp: object, datasetKind: InsightDatasetKind, datasetId: string): boolean {\n\t\tlet isValid = false;\n\t\tlet keys: string[];\n\t\tkeys = Object.keys(logiccomp);\n\n\t\tfor (let key of keys) {\n\t\t\tisValid = this.validateBody(logiccomp[key as keyof typeof logiccomp], datasetKind, datasetId);\n\t\t\tif (!isValid) {\n\t\t\t\treturn isValid;\n\t\t\t}\n\t\t}\n\n\t\treturn isValid;\n\t}\n\n\tprivate validateSCOMP(scomp: object, datasetKind: InsightDatasetKind, datasetId: string): boolean {\n\t\tlet isValid = false;\n\t\tlet keys: string[];\n\t\tkeys = Object.keys(scomp);\n\t\t// console.log(\"SCOMP\", keys);\n\n\t\tfor (let key of keys) {\n\t\t\tlet skey = key.split(\"_\");\n\t\t\tif (skey.length !== 2) {\n\t\t\t\tthrow new InsightError(\"Invalid Query\");\n\t\t\t}\n\n\t\t\tlet isValidString = skey[0] === String(datasetId); // instead check if matches dataset id\n\t\t\tif (!isValidString || !checkSfieldsBasedOnKind(datasetKind,skey[1])) {\n\t\t\t\tthrow new InsightError(\"Invalid Query\");\n\t\t\t}\n\t\t\ttry {\n\t\t\t\tconst value: string = scomp[key as keyof typeof scomp]; // fail if array or empty\n\t\t\t\tif (typeof scomp[key as keyof typeof scomp] !== \"string\") {\n\t\t\t\t\tthrow new InsightError(\"Invalid Query\");\n\t\t\t\t}\n\t\t\t\tisValid = this.validateInputString(value);\n\t\t\t\tif (!isValid) {\n\t\t\t\t\treturn isValid;\n\t\t\t\t}\n\t\t\t} catch (e) {\n\t\t\t\tthrow new InsightError(\"Invalid Query\");\n\t\t\t}\n\t\t}\n\t\treturn isValid;\n\t}\n\n\tprivate validateNEGATION(neg: object, datasetKind: InsightDatasetKind, datasetId: string): boolean  {\n\t\tlet isValid = false;\n\t\tlet keys: string[];\n\t\tkeys = Object.keys(neg);\n\t\t// console.log(\"Negation\", keys);\n\n\t\tif (keys.length > 1) {\n\t\t\tthrow new InsightError(\"Invalid Query\");\n\t\t}\n\t\tisValid = this.validateBody(neg, datasetKind, datasetId);\n\n\t\treturn isValid;\n\t}\n\n\tprivate validateInputString(inputString: string): boolean  { // implement\n\t\t// const regEx = /^ *$|^([* A-Za-z0-9[^\\]][ A-Za-z0-9[^\\]]*[* A-Za-z0-9[^\\]]|[* A-Za-z0-9[^\\]])$/;\n\t\tconst regEx = /^[*]?[^*]*[*]?$/;\n\t\tif (!regEx.test(inputString)) {\n\t\t\tthrow new InsightError(\"Invalid input string\");\n\t\t}\n\t\treturn true;\n\t}\n\n\tpublic getPreliminaryDatasetId(): string {\n\t\tlet datasetId = \"\";\n\t\tlet options: object = this.query[\"OPTIONS\" as keyof typeof this.query];\n\n\t\tdatasetId = getDatasetIdFromCols(options);\n\t\tfunction getDatasetIdFromCols(obj: object): string {\n\t\t\tlet dtId = \"\";\n\t\t\tlet cols: string[] = obj[\"COLUMNS\" as keyof typeof obj];\n\t\t\tfor (let col of cols) {\n\t\t\t\tlet fields = col.split(\"_\");\n\t\t\t\tif (fields.length === 2) {\n\t\t\t\t\tdtId = fields[0];\n\t\t\t\t\tbreak;\n\t\t\t\t}\n\t\t\t}\n\t\t\treturn dtId;\n\t\t}\n\t\treturn datasetId;\n\t}\n\n\tpublic getDatasetId(): string {\n\t\treturn this.datasetId;\n\t}\n\n\tprivate setDatasetId(id: string) {\n\t\tthis.datasetId = id;\n\t}\n\n\tprivate getAllowedColumns(): string [] {\n\t\treturn this.allowedColumns;\n\t}\n\n\tprivate setAllowedColumns(cols: string[]) {\n\t\tthis.allowedColumns = cols;\n\t}\n}\n"]},"_coverageSchema":"1a1c01bbd47fc00a2c39e90264f33305004495a9","hash":"95fca17ec680ecd91524b8a00613d4b20c3e265f","contentHash":"8e99a5f800216809a20f6f80a48b2d66487d09794c3e0701d6ceb367dd017fbe"},"/Users/dhairyads/Desktop/Main/CPSC 310/project_team216/src/serviceHelpers/helpers/collectionHelpers.ts":{"path":"/Users/dhairyads/Desktop/Main/CPSC 310/project_team216/src/serviceHelpers/helpers/collectionHelpers.ts","statementMap":{"0":{"start":{"line":2,"column":0},"end":{"line":2,"column":62}},"1":{"start":{"line":3,"column":0},"end":{"line":3,"column":255}},"2":{"start":{"line":4,"column":25},"end":{"line":4,"column":67}},"3":{"start":{"line":6,"column":26},"end":{"line":6,"column":28}},"4":{"start":{"line":7,"column":4},"end":{"line":72,"column":5}},"5":{"start":{"line":8,"column":23},"end":{"line":8,"column":46}},"6":{"start":{"line":9,"column":8},"end":{"line":71,"column":9}},"7":{"start":{"line":10,"column":12},"end":{"line":10,"column":84}},"8":{"start":{"line":12,"column":13},"end":{"line":71,"column":9}},"9":{"start":{"line":13,"column":12},"end":{"line":13,"column":85}},"10":{"start":{"line":15,"column":13},"end":{"line":71,"column":9}},"11":{"start":{"line":16,"column":12},"end":{"line":16,"column":85}},"12":{"start":{"line":18,"column":13},"end":{"line":71,"column":9}},"13":{"start":{"line":19,"column":12},"end":{"line":19,"column":86}},"14":{"start":{"line":21,"column":13},"end":{"line":71,"column":9}},"15":{"start":{"line":22,"column":12},"end":{"line":22,"column":85}},"16":{"start":{"line":24,"column":13},"end":{"line":71,"column":9}},"17":{"start":{"line":25,"column":12},"end":{"line":25,"column":83}},"18":{"start":{"line":27,"column":13},"end":{"line":71,"column":9}},"19":{"start":{"line":28,"column":12},"end":{"line":28,"column":83}},"20":{"start":{"line":30,"column":13},"end":{"line":71,"column":9}},"21":{"start":{"line":31,"column":12},"end":{"line":31,"column":85}},"22":{"start":{"line":33,"column":13},"end":{"line":71,"column":9}},"23":{"start":{"line":34,"column":12},"end":{"line":34,"column":85}},"24":{"start":{"line":36,"column":13},"end":{"line":71,"column":9}},"25":{"start":{"line":37,"column":12},"end":{"line":37,"column":83}},"26":{"start":{"line":39,"column":13},"end":{"line":71,"column":9}},"27":{"start":{"line":40,"column":12},"end":{"line":40,"column":91}},"28":{"start":{"line":42,"column":13},"end":{"line":71,"column":9}},"29":{"start":{"line":43,"column":12},"end":{"line":43,"column":86}},"30":{"start":{"line":45,"column":13},"end":{"line":71,"column":9}},"31":{"start":{"line":46,"column":12},"end":{"line":46,"column":85}},"32":{"start":{"line":48,"column":13},"end":{"line":71,"column":9}},"33":{"start":{"line":49,"column":12},"end":{"line":49,"column":88}},"34":{"start":{"line":51,"column":13},"end":{"line":71,"column":9}},"35":{"start":{"line":52,"column":12},"end":{"line":52,"column":89}},"36":{"start":{"line":54,"column":13},"end":{"line":71,"column":9}},"37":{"start":{"line":55,"column":12},"end":{"line":55,"column":86}},"38":{"start":{"line":57,"column":13},"end":{"line":71,"column":9}},"39":{"start":{"line":58,"column":12},"end":{"line":58,"column":84}},"40":{"start":{"line":60,"column":13},"end":{"line":71,"column":9}},"41":{"start":{"line":61,"column":12},"end":{"line":61,"column":87}},"42":{"start":{"line":63,"column":13},"end":{"line":71,"column":9}},"43":{"start":{"line":64,"column":12},"end":{"line":64,"column":84}},"44":{"start":{"line":66,"column":13},"end":{"line":71,"column":9}},"45":{"start":{"line":67,"column":12},"end":{"line":67,"column":89}},"46":{"start":{"line":69,"column":13},"end":{"line":71,"column":9}},"47":{"start":{"line":70,"column":12},"end":{"line":70,"column":84}},"48":{"start":{"line":73,"column":4},"end":{"line":73,"column":27}},"49":{"start":{"line":75,"column":0},"end":{"line":75,"column":52}},"50":{"start":{"line":77,"column":4},"end":{"line":85,"column":5}},"51":{"start":{"line":78,"column":8},"end":{"line":78,"column":37}},"52":{"start":{"line":80,"column":9},"end":{"line":85,"column":5}},"53":{"start":{"line":81,"column":8},"end":{"line":81,"column":37}},"54":{"start":{"line":84,"column":8},"end":{"line":84,"column":17}},"55":{"start":{"line":87,"column":0},"end":{"line":87,"column":26}},"56":{"start":{"line":89,"column":17},"end":{"line":89,"column":19}},"57":{"start":{"line":90,"column":4},"end":{"line":92,"column":5}},"58":{"start":{"line":91,"column":8},"end":{"line":91,"column":46}},"59":{"start":{"line":93,"column":4},"end":{"line":93,"column":18}},"60":{"start":{"line":95,"column":0},"end":{"line":95,"column":68}},"61":{"start":{"line":97,"column":4},"end":{"line":114,"column":5}},"62":{"start":{"line":98,"column":29},"end":{"line":98,"column":74}},"63":{"start":{"line":99,"column":28},"end":{"line":99,"column":68}},"64":{"start":{"line":100,"column":8},"end":{"line":102,"column":9}},"65":{"start":{"line":101,"column":12},"end":{"line":101,"column":25}},"66":{"start":{"line":104,"column":9},"end":{"line":114,"column":5}},"67":{"start":{"line":105,"column":26},"end":{"line":105,"column":49}},"68":{"start":{"line":106,"column":26},"end":{"line":107,"column":40}},"69":{"start":{"line":108,"column":8},"end":{"line":110,"column":9}},"70":{"start":{"line":109,"column":12},"end":{"line":109,"column":25}},"71":{"start":{"line":113,"column":8},"end":{"line":113,"column":21}},"72":{"start":{"line":115,"column":4},"end":{"line":115,"column":16}},"73":{"start":{"line":117,"column":0},"end":{"line":117,"column":70}},"74":{"start":{"line":119,"column":4},"end":{"line":133,"column":5}},"75":{"start":{"line":120,"column":28},"end":{"line":120,"column":68}},"76":{"start":{"line":121,"column":8},"end":{"line":123,"column":9}},"77":{"start":{"line":122,"column":12},"end":{"line":122,"column":25}},"78":{"start":{"line":125,"column":9},"end":{"line":133,"column":5}},"79":{"start":{"line":126,"column":26},"end":{"line":126,"column":49}},"80":{"start":{"line":127,"column":8},"end":{"line":129,"column":9}},"81":{"start":{"line":128,"column":12},"end":{"line":128,"column":25}},"82":{"start":{"line":132,"column":8},"end":{"line":132,"column":21}},"83":{"start":{"line":134,"column":4},"end":{"line":134,"column":16}},"84":{"start":{"line":136,"column":0},"end":{"line":136,"column":58}},"85":{"start":{"line":138,"column":4},"end":{"line":153,"column":5}},"86":{"start":{"line":139,"column":29},"end":{"line":139,"column":74}},"87":{"start":{"line":140,"column":8},"end":{"line":142,"column":9}},"88":{"start":{"line":141,"column":12},"end":{"line":141,"column":25}},"89":{"start":{"line":144,"column":9},"end":{"line":153,"column":5}},"90":{"start":{"line":145,"column":26},"end":{"line":146,"column":40}},"91":{"start":{"line":147,"column":8},"end":{"line":149,"column":9}},"92":{"start":{"line":148,"column":12},"end":{"line":148,"column":25}},"93":{"start":{"line":152,"column":8},"end":{"line":152,"column":21}},"94":{"start":{"line":154,"column":4},"end":{"line":154,"column":16}},"95":{"start":{"line":156,"column":0},"end":{"line":156,"column":58}},"96":{"start":{"line":158,"column":4},"end":{"line":160,"column":5}},"97":{"start":{"line":159,"column":8},"end":{"line":159,"column":69}},"98":{"start":{"line":161,"column":4},"end":{"line":163,"column":5}},"99":{"start":{"line":162,"column":8},"end":{"line":162,"column":69}},"100":{"start":{"line":164,"column":4},"end":{"line":164,"column":16}},"101":{"start":{"line":166,"column":0},"end":{"line":166,"column":44}},"102":{"start":{"line":168,"column":19},"end":{"line":168,"column":21}},"103":{"start":{"line":169,"column":4},"end":{"line":171,"column":5}},"104":{"start":{"line":170,"column":8},"end":{"line":170,"column":20}},"105":{"start":{"line":172,"column":15},"end":{"line":172,"column":41}},"106":{"start":{"line":173,"column":23},"end":{"line":173,"column":25}},"107":{"start":{"line":174,"column":4},"end":{"line":178,"column":5}},"108":{"start":{"line":175,"column":8},"end":{"line":177,"column":9}},"109":{"start":{"line":176,"column":12},"end":{"line":176,"column":55}},"110":{"start":{"line":179,"column":4},"end":{"line":194,"column":5}},"111":{"start":{"line":180,"column":8},"end":{"line":182,"column":9}},"112":{"start":{"line":181,"column":12},"end":{"line":181,"column":66}},"113":{"start":{"line":185,"column":8},"end":{"line":193,"column":9}},"114":{"start":{"line":186,"column":27},"end":{"line":186,"column":29}},"115":{"start":{"line":187,"column":12},"end":{"line":191,"column":13}},"116":{"start":{"line":188,"column":16},"end":{"line":190,"column":17}},"117":{"start":{"line":189,"column":20},"end":{"line":189,"column":37}},"118":{"start":{"line":192,"column":12},"end":{"line":192,"column":66}},"119":{"start":{"line":195,"column":4},"end":{"line":195,"column":20}},"120":{"start":{"line":197,"column":0},"end":{"line":197,"column":40}}},"fnMap":{"0":{"name":"collectInsightResult","decl":{"start":{"line":5,"column":9},"end":{"line":5,"column":29}},"loc":{"start":{"line":5,"column":48},"end":{"line":74,"column":1}},"line":5},"1":{"name":"compare","decl":{"start":{"line":76,"column":9},"end":{"line":76,"column":16}},"loc":{"start":{"line":76,"column":33},"end":{"line":86,"column":1}},"line":76},"2":{"name":"convertArrayOfObjectToObject","decl":{"start":{"line":88,"column":9},"end":{"line":88,"column":37}},"loc":{"start":{"line":88,"column":50},"end":{"line":94,"column":1}},"line":88},"3":{"name":"checkFieldsBasedOnDatasetKind","decl":{"start":{"line":96,"column":9},"end":{"line":96,"column":38}},"loc":{"start":{"line":96,"column":59},"end":{"line":116,"column":1}},"line":96},"4":{"name":"checkMfieldsBasedOnKind","decl":{"start":{"line":118,"column":9},"end":{"line":118,"column":32}},"loc":{"start":{"line":118,"column":54},"end":{"line":135,"column":1}},"line":118},"5":{"name":"checkSfieldsBasedOnKind","decl":{"start":{"line":137,"column":9},"end":{"line":137,"column":32}},"loc":{"start":{"line":137,"column":54},"end":{"line":155,"column":1}},"line":137},"6":{"name":"validateIdString","decl":{"start":{"line":157,"column":9},"end":{"line":157,"column":25}},"loc":{"start":{"line":157,"column":36},"end":{"line":165,"column":1}},"line":157},"7":{"name":"transformOrder","decl":{"start":{"line":167,"column":9},"end":{"line":167,"column":23}},"loc":{"start":{"line":167,"column":48},"end":{"line":196,"column":1}},"line":167}},"branchMap":{"0":{"loc":{"start":{"line":9,"column":8},"end":{"line":71,"column":9}},"type":"if","locations":[{"start":{"line":9,"column":8},"end":{"line":71,"column":9}},{"start":{"line":9,"column":8},"end":{"line":71,"column":9}}],"line":9},"1":{"loc":{"start":{"line":12,"column":13},"end":{"line":71,"column":9}},"type":"if","locations":[{"start":{"line":12,"column":13},"end":{"line":71,"column":9}},{"start":{"line":12,"column":13},"end":{"line":71,"column":9}}],"line":12},"2":{"loc":{"start":{"line":15,"column":13},"end":{"line":71,"column":9}},"type":"if","locations":[{"start":{"line":15,"column":13},"end":{"line":71,"column":9}},{"start":{"line":15,"column":13},"end":{"line":71,"column":9}}],"line":15},"3":{"loc":{"start":{"line":18,"column":13},"end":{"line":71,"column":9}},"type":"if","locations":[{"start":{"line":18,"column":13},"end":{"line":71,"column":9}},{"start":{"line":18,"column":13},"end":{"line":71,"column":9}}],"line":18},"4":{"loc":{"start":{"line":21,"column":13},"end":{"line":71,"column":9}},"type":"if","locations":[{"start":{"line":21,"column":13},"end":{"line":71,"column":9}},{"start":{"line":21,"column":13},"end":{"line":71,"column":9}}],"line":21},"5":{"loc":{"start":{"line":24,"column":13},"end":{"line":71,"column":9}},"type":"if","locations":[{"start":{"line":24,"column":13},"end":{"line":71,"column":9}},{"start":{"line":24,"column":13},"end":{"line":71,"column":9}}],"line":24},"6":{"loc":{"start":{"line":27,"column":13},"end":{"line":71,"column":9}},"type":"if","locations":[{"start":{"line":27,"column":13},"end":{"line":71,"column":9}},{"start":{"line":27,"column":13},"end":{"line":71,"column":9}}],"line":27},"7":{"loc":{"start":{"line":30,"column":13},"end":{"line":71,"column":9}},"type":"if","locations":[{"start":{"line":30,"column":13},"end":{"line":71,"column":9}},{"start":{"line":30,"column":13},"end":{"line":71,"column":9}}],"line":30},"8":{"loc":{"start":{"line":33,"column":13},"end":{"line":71,"column":9}},"type":"if","locations":[{"start":{"line":33,"column":13},"end":{"line":71,"column":9}},{"start":{"line":33,"column":13},"end":{"line":71,"column":9}}],"line":33},"9":{"loc":{"start":{"line":36,"column":13},"end":{"line":71,"column":9}},"type":"if","locations":[{"start":{"line":36,"column":13},"end":{"line":71,"column":9}},{"start":{"line":36,"column":13},"end":{"line":71,"column":9}}],"line":36},"10":{"loc":{"start":{"line":39,"column":13},"end":{"line":71,"column":9}},"type":"if","locations":[{"start":{"line":39,"column":13},"end":{"line":71,"column":9}},{"start":{"line":39,"column":13},"end":{"line":71,"column":9}}],"line":39},"11":{"loc":{"start":{"line":42,"column":13},"end":{"line":71,"column":9}},"type":"if","locations":[{"start":{"line":42,"column":13},"end":{"line":71,"column":9}},{"start":{"line":42,"column":13},"end":{"line":71,"column":9}}],"line":42},"12":{"loc":{"start":{"line":45,"column":13},"end":{"line":71,"column":9}},"type":"if","locations":[{"start":{"line":45,"column":13},"end":{"line":71,"column":9}},{"start":{"line":45,"column":13},"end":{"line":71,"column":9}}],"line":45},"13":{"loc":{"start":{"line":48,"column":13},"end":{"line":71,"column":9}},"type":"if","locations":[{"start":{"line":48,"column":13},"end":{"line":71,"column":9}},{"start":{"line":48,"column":13},"end":{"line":71,"column":9}}],"line":48},"14":{"loc":{"start":{"line":51,"column":13},"end":{"line":71,"column":9}},"type":"if","locations":[{"start":{"line":51,"column":13},"end":{"line":71,"column":9}},{"start":{"line":51,"column":13},"end":{"line":71,"column":9}}],"line":51},"15":{"loc":{"start":{"line":54,"column":13},"end":{"line":71,"column":9}},"type":"if","locations":[{"start":{"line":54,"column":13},"end":{"line":71,"column":9}},{"start":{"line":54,"column":13},"end":{"line":71,"column":9}}],"line":54},"16":{"loc":{"start":{"line":57,"column":13},"end":{"line":71,"column":9}},"type":"if","locations":[{"start":{"line":57,"column":13},"end":{"line":71,"column":9}},{"start":{"line":57,"column":13},"end":{"line":71,"column":9}}],"line":57},"17":{"loc":{"start":{"line":60,"column":13},"end":{"line":71,"column":9}},"type":"if","locations":[{"start":{"line":60,"column":13},"end":{"line":71,"column":9}},{"start":{"line":60,"column":13},"end":{"line":71,"column":9}}],"line":60},"18":{"loc":{"start":{"line":63,"column":13},"end":{"line":71,"column":9}},"type":"if","locations":[{"start":{"line":63,"column":13},"end":{"line":71,"column":9}},{"start":{"line":63,"column":13},"end":{"line":71,"column":9}}],"line":63},"19":{"loc":{"start":{"line":66,"column":13},"end":{"line":71,"column":9}},"type":"if","locations":[{"start":{"line":66,"column":13},"end":{"line":71,"column":9}},{"start":{"line":66,"column":13},"end":{"line":71,"column":9}}],"line":66},"20":{"loc":{"start":{"line":69,"column":13},"end":{"line":71,"column":9}},"type":"if","locations":[{"start":{"line":69,"column":13},"end":{"line":71,"column":9}},{"start":{"line":69,"column":13},"end":{"line":71,"column":9}}],"line":69},"21":{"loc":{"start":{"line":77,"column":4},"end":{"line":85,"column":5}},"type":"if","locations":[{"start":{"line":77,"column":4},"end":{"line":85,"column":5}},{"start":{"line":77,"column":4},"end":{"line":85,"column":5}}],"line":77},"22":{"loc":{"start":{"line":78,"column":15},"end":{"line":78,"column":36}},"type":"cond-expr","locations":[{"start":{"line":78,"column":30},"end":{"line":78,"column":32}},{"start":{"line":78,"column":35},"end":{"line":78,"column":36}}],"line":78},"23":{"loc":{"start":{"line":80,"column":9},"end":{"line":85,"column":5}},"type":"if","locations":[{"start":{"line":80,"column":9},"end":{"line":85,"column":5}},{"start":{"line":80,"column":9},"end":{"line":85,"column":5}}],"line":80},"24":{"loc":{"start":{"line":81,"column":15},"end":{"line":81,"column":36}},"type":"cond-expr","locations":[{"start":{"line":81,"column":30},"end":{"line":81,"column":31}},{"start":{"line":81,"column":34},"end":{"line":81,"column":36}}],"line":81},"25":{"loc":{"start":{"line":97,"column":4},"end":{"line":114,"column":5}},"type":"if","locations":[{"start":{"line":97,"column":4},"end":{"line":114,"column":5}},{"start":{"line":97,"column":4},"end":{"line":114,"column":5}}],"line":97},"26":{"loc":{"start":{"line":100,"column":8},"end":{"line":102,"column":9}},"type":"if","locations":[{"start":{"line":100,"column":8},"end":{"line":102,"column":9}},{"start":{"line":100,"column":8},"end":{"line":102,"column":9}}],"line":100},"27":{"loc":{"start":{"line":100,"column":12},"end":{"line":100,"column":77}},"type":"binary-expr","locations":[{"start":{"line":100,"column":12},"end":{"line":100,"column":43}},{"start":{"line":100,"column":47},"end":{"line":100,"column":77}}],"line":100},"28":{"loc":{"start":{"line":104,"column":9},"end":{"line":114,"column":5}},"type":"if","locations":[{"start":{"line":104,"column":9},"end":{"line":114,"column":5}},{"start":{"line":104,"column":9},"end":{"line":114,"column":5}}],"line":104},"29":{"loc":{"start":{"line":108,"column":8},"end":{"line":110,"column":9}},"type":"if","locations":[{"start":{"line":108,"column":8},"end":{"line":110,"column":9}},{"start":{"line":108,"column":8},"end":{"line":110,"column":9}}],"line":108},"30":{"loc":{"start":{"line":108,"column":12},"end":{"line":108,"column":72}},"type":"binary-expr","locations":[{"start":{"line":108,"column":12},"end":{"line":108,"column":40}},{"start":{"line":108,"column":44},"end":{"line":108,"column":72}}],"line":108},"31":{"loc":{"start":{"line":119,"column":4},"end":{"line":133,"column":5}},"type":"if","locations":[{"start":{"line":119,"column":4},"end":{"line":133,"column":5}},{"start":{"line":119,"column":4},"end":{"line":133,"column":5}}],"line":119},"32":{"loc":{"start":{"line":121,"column":8},"end":{"line":123,"column":9}},"type":"if","locations":[{"start":{"line":121,"column":8},"end":{"line":123,"column":9}},{"start":{"line":121,"column":8},"end":{"line":123,"column":9}}],"line":121},"33":{"loc":{"start":{"line":125,"column":9},"end":{"line":133,"column":5}},"type":"if","locations":[{"start":{"line":125,"column":9},"end":{"line":133,"column":5}},{"start":{"line":125,"column":9},"end":{"line":133,"column":5}}],"line":125},"34":{"loc":{"start":{"line":127,"column":8},"end":{"line":129,"column":9}},"type":"if","locations":[{"start":{"line":127,"column":8},"end":{"line":129,"column":9}},{"start":{"line":127,"column":8},"end":{"line":129,"column":9}}],"line":127},"35":{"loc":{"start":{"line":138,"column":4},"end":{"line":153,"column":5}},"type":"if","locations":[{"start":{"line":138,"column":4},"end":{"line":153,"column":5}},{"start":{"line":138,"column":4},"end":{"line":153,"column":5}}],"line":138},"36":{"loc":{"start":{"line":140,"column":8},"end":{"line":142,"column":9}},"type":"if","locations":[{"start":{"line":140,"column":8},"end":{"line":142,"column":9}},{"start":{"line":140,"column":8},"end":{"line":142,"column":9}}],"line":140},"37":{"loc":{"start":{"line":144,"column":9},"end":{"line":153,"column":5}},"type":"if","locations":[{"start":{"line":144,"column":9},"end":{"line":153,"column":5}},{"start":{"line":144,"column":9},"end":{"line":153,"column":5}}],"line":144},"38":{"loc":{"start":{"line":147,"column":8},"end":{"line":149,"column":9}},"type":"if","locations":[{"start":{"line":147,"column":8},"end":{"line":149,"column":9}},{"start":{"line":147,"column":8},"end":{"line":149,"column":9}}],"line":147},"39":{"loc":{"start":{"line":158,"column":4},"end":{"line":160,"column":5}},"type":"if","locations":[{"start":{"line":158,"column":4},"end":{"line":160,"column":5}},{"start":{"line":158,"column":4},"end":{"line":160,"column":5}}],"line":158},"40":{"loc":{"start":{"line":161,"column":4},"end":{"line":163,"column":5}},"type":"if","locations":[{"start":{"line":161,"column":4},"end":{"line":163,"column":5}},{"start":{"line":161,"column":4},"end":{"line":163,"column":5}}],"line":161},"41":{"loc":{"start":{"line":169,"column":4},"end":{"line":171,"column":5}},"type":"if","locations":[{"start":{"line":169,"column":4},"end":{"line":171,"column":5}},{"start":{"line":169,"column":4},"end":{"line":171,"column":5}}],"line":169},"42":{"loc":{"start":{"line":175,"column":8},"end":{"line":177,"column":9}},"type":"if","locations":[{"start":{"line":175,"column":8},"end":{"line":177,"column":9}},{"start":{"line":175,"column":8},"end":{"line":177,"column":9}}],"line":175},"43":{"loc":{"start":{"line":179,"column":4},"end":{"line":194,"column":5}},"type":"if","locations":[{"start":{"line":179,"column":4},"end":{"line":194,"column":5}},{"start":{"line":179,"column":4},"end":{"line":194,"column":5}}],"line":179},"44":{"loc":{"start":{"line":188,"column":16},"end":{"line":190,"column":17}},"type":"if","locations":[{"start":{"line":188,"column":16},"end":{"line":190,"column":17}},{"start":{"line":188,"column":16},"end":{"line":190,"column":17}}],"line":188}},"s":{"0":1,"1":1,"2":1
[...]
"column":13}},"52":{"start":{"line":88,"column":37},"end":{"line":88,"column":87}},"53":{"start":{"line":89,"column":33},"end":{"line":89,"column":57}},"54":{"start":{"line":90,"column":16},"end":{"line":92,"column":17}},"55":{"start":{"line":91,"column":20},"end":{"line":91,"column":43}},"56":{"start":{"line":93,"column":16},"end":{"line":93,"column":49}},"57":{"start":{"line":96,"column":16},"end":{"line":96,"column":43}},"58":{"start":{"line":100,"column":12},"end":{"line":100,"column":39}},"59":{"start":{"line":104,"column":25},"end":{"line":104,"column":27}},"60":{"start":{"line":105,"column":8},"end":{"line":120,"column":9}},"61":{"start":{"line":106,"column":12},"end":{"line":116,"column":13}},"62":{"start":{"line":107,"column":37},"end":{"line":107,"column":87}},"63":{"start":{"line":108,"column":33},"end":{"line":108,"column":57}},"64":{"start":{"line":109,"column":16},"end":{"line":111,"column":17}},"65":{"start":{"line":110,"column":20},"end":{"line":110,"column":51}},"66":{"start":{"line":112,"column":16},"end":{"line":112,"column":51}},"67":{"start":{"line":115,"column":16},"end":{"line":115,"column":43}},"68":{"start":{"line":119,"column":12},"end":{"line":119,"column":39}},"69":{"start":{"line":123,"column":8},"end":{"line":138,"column":9}},"70":{"start":{"line":124,"column":27},"end":{"line":124,"column":68}},"71":{"start":{"line":125,"column":12},"end":{"line":127,"column":15}},"72":{"start":{"line":126,"column":16},"end":{"line":126,"column":54}},"73":{"start":{"line":128,"column":40},"end":{"line":128,"column":42}},"74":{"start":{"line":129,"column":12},"end":{"line":132,"column":13}},"75":{"start":{"line":130,"column":32},"end":{"line":130,"column":53}},"76":{"start":{"line":131,"column":16},"end":{"line":131,"column":52}},"77":{"start":{"line":133,"column":33},"end":{"line":133,"column":73}},"78":{"start":{"line":134,"column":12},"end":{"line":134,"column":51}},"79":{"start":{"line":137,"column":12},"end":{"line":137,"column":97}},"80":{"start":{"line":141,"column":29},"end":{"line":141,"column":92}},"81":{"start":{"line":142,"column":25},"end":{"line":142,"column":49}},"82":{"start":{"line":144,"column":8},"end":{"line":149,"column":9}},"83":{"start":{"line":145,"column":12},"end":{"line":145,"column":59}},"84":{"start":{"line":148,"column":12},"end":{"line":148,"column":56}},"85":{"start":{"line":150,"column":8},"end":{"line":150,"column":47}},"86":{"start":{"line":151,"column":8},"end":{"line":151,"column":40}},"87":{"start":{"line":154,"column":0},"end":{"line":154,"column":33}}},"fnMap":{"0":{"name":"(anonymous_0)","decl":{"start":{"line":2,"column":56},"end":{"line":2,"column":57}},"loc":{"start":{"line":2,"column":71},"end":{"line":4,"column":1}},"line":2},"1":{"name":"(anonymous_1)","decl":{"start":{"line":12,"column":1},"end":{"line":12,"column":2}},"loc":{"start":{"line":12,"column":22},"end":{"line":15,"column":1}},"line":12},"2":{"name":"(anonymous_2)","decl":{"start":{"line":19,"column":4},"end":{"line":19,"column":5}},"loc":{"start":{"line":19,"column":18},"end":{"line":20,"column":5}},"line":19},"3":{"name":"(anonymous_3)","decl":{"start":{"line":21,"column":4},"end":{"line":21,"column":5}},"loc":{"start":{"line":21,"column":31},"end":{"line":25,"column":5}},"line":21},"4":{"name":"(anonymous_4)","decl":{"start":{"line":26,"column":4},"end":{"line":26,"column":5}},"loc":{"start":{"line":26,"column":28},"end":{"line":36,"column":5}},"line":26},"5":{"name":"(anonymous_5)","decl":{"start":{"line":37,"column":4},"end":{"line":37,"column":5}},"loc":{"start":{"line":37,"column":38},"end":{"line":44,"column":5}},"line":37},"6":{"name":"(anonymous_6)","decl":{"start":{"line":39,"column":35},"end":{"line":39,"column":36}},"loc":{"start":{"line":39,"column":54},"end":{"line":41,"column":9}},"line":39},"7":{"name":"(anonymous_7)","decl":{"start":{"line":45,"column":4},"end":{"line":45,"column":5}},"loc":{"start":{"line":45,"column":38},"end":{"line":54,"column":5}},"line":45},"8":{"name":"(anonymous_8)","decl":{"start":{"line":55,"column":4},"end":{"line":55,"column":5}},"loc":{"start":{"line":55,"column":36},"end":{"line":67,"column":5}},"line":55},"9":{"name":"(anonymous_9)","decl":{"start":{"line":58,"column":44},"end":{"line":58,"column":45}},"loc":{"start":{"line":58,"column":61},"end":{"line":60,"column":13}},"line":58},"10":{"name":"(anonymous_10)","decl":{"start":{"line":68,"column":4},"end":{"line":68,"column":5}},"loc":{"start":{"line":68,"column":35},"end":{"line":83,"column":5}},"line":68},"11":{"name":"(anonymous_11)","decl":{"start":{"line":84,"column":4},"end":{"line":84,"column":5}},"loc":{"start":{"line":84,"column":30},"end":{"line":102,"column":5}},"line":84},"12":{"name":"(anonymous_12)","decl":{"start":{"line":103,"column":4},"end":{"line":103,"column":5}},"loc":{"start":{"line":103,"column":26},"end":{"line":121,"column":5}},"line":103},"13":{"name":"(anonymous_13)","decl":{"start":{"line":122,"column":4},"end":{"line":122,"column":5}},"loc":{"start":{"line":122,"column":32},"end":{"line":139,"column":5}},"line":122},"14":{"name":"(anonymous_14)","decl":{"start":{"line":125,"column":39},"end":{"line":125,"column":40}},"loc":{"start":{"line":125,"column":56},"end":{"line":127,"column":13}},"line":125},"15":{"name":"(anonymous_15)","decl":{"start":{"line":140,"column":4},"end":{"line":140,"column":5}},"loc":{"start":{"line":140,"column":34},"end":{"line":152,"column":5}},"line":140}},"branchMap":{"0":{"loc":{"start":{"line":2,"column":22},"end":{"line":4,"column":1}},"type":"binary-expr","locations":[{"start":{"line":2,"column":23},"end":{"line":2,"column":27}},{"start":{"line":2,"column":31},"end":{"line":2,"column":51}},{"start":{"line":2,"column":56},"end":{"line":4,"column":1}}],"line":2},"1":{"loc":{"start":{"line":3,"column":11},"end":{"line":3,"column":61}},"type":"cond-expr","locations":[{"start":{"line":3,"column":37},"end":{"line":3,"column":40}},{"start":{"line":3,"column":43},"end":{"line":3,"column":61}}],"line":3},"2":{"loc":{"start":{"line":3,"column":12},"end":{"line":3,"column":33}},"type":"binary-expr","locations":[{"start":{"line":3,"column":12},"end":{"line":3,"column":15}},{"start":{"line":3,"column":19},"end":{"line":3,"column":33}}],"line":3},"3":{"loc":{"start":{"line":15,"column":3},"end":{"line":15,"column":52}},"type":"binary-expr","locations":[{"start":{"line":15,"column":3},"end":{"line":15,"column":12}},{"start":{"line":15,"column":17},"end":{"line":15,"column":51}}],"line":15},"4":{"loc":{"start":{"line":28,"column":8},"end":{"line":35,"column":9}},"type":"if","locations":[{"start":{"line":28,"column":8},"end":{"line":35,"column":9}},{"start":{"line":28,"column":8},"end":{"line":35,"column":9}}],"line":28},"5":{"loc":{"start":{"line":86,"column":8},"end":{"line":101,"column":9}},"type":"if","locations":[{"start":{"line":86,"column":8},"end":{"line":101,"column":9}},{"start":{"line":86,"column":8},"end":{"line":101,"column":9}}],"line":86},"6":{"loc":{"start":{"line":105,"column":8},"end":{"line":120,"column":9}},"type":"if","locations":[{"start":{"line":105,"column":8},"end":{"line":120,"column":9}},{"start":{"line":105,"column":8},"end":{"line":120,"column":9}}],"line":105},"7":{"loc":{"start":{"line":144,"column":8},"end":{"line":149,"column":9}},"type":"if","locations":[{"start":{"line":144,"column":8},"end":{"line":149,"column":9}},{"start":{"line":144,"column":8},"end":{"line":149,"column":9}}],"line":144}},"s":{"0":1,"1":3,"2":1,"3":1,"4":1,"5":1,"6":1,"7":1,"8":1,"9":1,"10":1,"11":42,"12":42,"13":31,"14":31,"15":31,"16":6,"17":6,"18":5,"19":5,"20":5,"21":1,"22":5,"23":5,"24":9,"25":5,"26":5,"27":36,"28":36,"29":36,"30":36,"31":0,"32":5,"33":5,"34":5,"35":14,"36":5,"37":5,"38":0,"39":31,"40":31,"41":31,"42":11,"43":11,"44":11,"45":11,"46":20,"47":31,"48":31,"49":24,"50":24,"51":23,"52":23,"53":23,"54":23,"55":33,"56":23,"57":0,"58":1,"59":82,"60":82,"61":46,"62":46,"63":46,"64":46,"65":61,"66":46,"67":0,"68":36,"69":188,"70":188,"71":188,"72":564,"73":188,"74":188,"75":376,"76":376,"77":188,"78":188,"79":0,"80":376,"81":376,"82":376,"83":188,"84":188,"85":376,"86":376,"87":1},"f":{"0":3,"1":1,"2":42,"3":31,"4":6,"5":5,"6":9,"7":36,"8":5,"9":14,"10":31,"11":24,"12":82,"13":188,"14":564,"15":376},"b":{"0":[1,1,1],"1":[2,1],"2":[3,3],"3":[1,1],"4":[5,1],"5":[23,1],"6":[46,36],"7":[188,188]},"inputSourceMap":{"version":3,"file":"/Users/dhairyads/Desktop/Main/CPSC 310/project_team216/src/services/DatasetManager.ts","sources":["/Users/dhairyads/Desktop/Main/CPSC 310/project_team216/src/services/DatasetManager.ts"],"names":[],"mappings":";;;;;;AACA,iEAA6G;AAC7G,wDAA0B;AAC1B,sIAA8G;AAC9G,6HAAqG;AAGrG,IAAY,SAGX;AAHD,WAAY,SAAS;IACpB,wBAAW,CAAA;IACX,8BAAiB,CAAA;AAClB,CAAC,EAHW,SAAS,yBAAT,SAAS,QAGpB;AAED,MAAqB,cAAc;IAC1B,IAAI,GAAG,QAAQ,CAAC;IAChB,UAAU,GAAG,IAAI,CAAC,IAAI,GAAG,qBAAqB,CAAC;IAEvD;IAKA,CAAC;IAEM,KAAK,CAAC,WAAW,CAAC,OAAqB;QAI7C,MAAM,OAAO,CAAC,WAAW,CAAC,IAAI,CAAC,IAAI,CAAC,CAAC;QACrC,MAAM,IAAI,CAAC,eAAe,CAAC,OAAO,CAAC,CAAC;QACpC,OAAO,OAAO,CAAC,OAAO,EAAE,CAAC;IAC1B,CAAC;IAEM,KAAK,CAAC,aAAa,CAAC,EAAU;QAIpC,MAAM,UAAU,GAAG,MAAM,IAAI,CAAC,aAAa,EAAE,CAAC;QAC9C,IAAI,UAAU,CAAC,QAAQ,CAAC,EAAE,CAAC,EAAE;YAC5B,MAAM,IAAI,CAAC,qBAAqB,CAAC,EAAE,CAAC,CAAC;YACrC,MAAM,IAAI,CAAC,uBAAuB,CAAC,EAAE,CAAC,CAAC;YACvC,OAAO,OAAO,CAAC,OAAO,CAAC,EAAE,CAAC,CAAC;SAC3B;aAAM;YACN,OAAO,OAAO,CAAC,MAAM,CAAC,IAAI,8BAAa,CAAC,+BAA+B,CAAC,CAAC,CAAC;SAC1E;IACF,CAAC;IAEO,KAAK,CAAC,uBAAuB,CAAC,EAAU;QAI/C,IAAI,QAAQ,GAAG,MAAM,IAAI,CAAC,iBAAiB,EAAE,CAAC;QAC9C,QAAQ,GAAG,QAAQ,CAAC,MAAM,CAAC,UAAU,OAAY;YAChD,OAAO,OAAO,CAAC,EAAE,KAAK,EAAE,CAAC;QAC1B,CAAC,CAAC,CAAC;QACH,MAAM,IAAI,CAAC,iBAAiB,CAAC,QAAQ,CAAC,CAAC;QACvC,OAAO,OAAO,CAAC,OAAO,EAAE,CAAC;IAC1B,CAAC;IAEO,KAAK,CAAC,iBAAiB,CAAC,QAAe;QAC9C,IAAI,OAAO,GAAG,IAAI,CAAC,SAAS,CAAC,QAAQ,CAAC,CAAC;QACvC,IAAI;YACH,MAAM,kBAAE,CAAC,SAAS,CAAC,IAAI,CAAC,UAAU,EAAE,OAAO,EAAE,OAAO,CAAC,CAAC;YACtD,OAAO,OAAO,CAAC,OAAO,EAAE,CAAC;SACzB;QAAC,OAAM,GAAG,EAAE;YACZ,OAAO,OAAO,CAAC,MAAM,CAAC,IAAI,6BAAY,CAAC,0BAA0B,CAAC,CAAC,CAAC;SACpE;IACF,CAAC;IAEO,KAAK,CAAC,qBAAqB,CAAC,EAAU;QAI7C,IAAI;YACH,IAAI,QAAQ,GAAG,kBAAE,CAAC,WAAW,CAAC,IAAI,CAAC,IAAI,CAAC,CAAC;YACzC,IAAI,SAAS,GAAG,QAAQ,CAAC,MAAM,CAAC,UAAS,KAAK;gBAC7C,OAAO,KAAK,CAAC,QAAQ,CAAC,EAAE,CAAC,CAAC;YAC3B,CAAC,CAAC,CAAC,CAAC,CAAC,CAAC;YACN,kBAAE,CAAC,UAAU,CAAC,IAAI,CAAC,IAAI,GAAG,GAAG,GAAG,SAAS,CAAC,CAAC;YAC3C,OAAO,OAAO,CAAC,OAAO,EAAE,CAAC;SACzB;QAAC,MAAM;YACP,OAAO,OAAO,CAAC,MAAM,CAAC,IAAI,8BAAa,CAAC,yBAAyB,CAAC,CAAC,CAAC;SACpE;IACF,CAAC;IAEO,KAAK,CAAC,eAAe,CAAC,OAAqB;QAElD,IAAI,QAAQ,GAAU,EAAE,CAAC;QAEzB,IAAI;YACH,MAAM,IAAI,GAAG,MAAM,kBAAE,CAAC,QAAQ,CAAC,IAAI,CAAC,UAAU,CAAC,CAAC;YAChD,IAAI,UAAU,GAAG,IAAI,CAAC,KAAK,CAAC,IAAI,CAAC,CAAC;YAClC,KAAK,MAAM,WAAW,IAAI,UAAU,EAAE;gBACrC,QAAQ,CAAC,IAAI,CAAC,WAAW,CAAC,CAAC;aAC3B;YACD,QAAQ,CAAC,IAAI,CAAC,OAAO,CAAC,oBAAoB,EAAE,CAAC,CAAC;SAC9C;QAAC,MAAM;YACP,QAAQ,CAAC,IAAI,CAAC,OAAO,CAAC,oBAAoB,EAAE,CAAC,CAAC;SAC9C;QACD,MAAM,IAAI,CAAC,iBAAiB,CAAC,QAAQ,CAAC,CAAC;QACvC,OAAO,OAAO,CAAC,OAAO,EAAE,CAAC;IAC1B,CAAC;IAEM,KAAK,CAAC,iBAAiB;QAC7B,IAAI,QAAQ,GAAU,EAAE,CAAC;QACzB,IAAI,kBAAE,CAAC,UAAU,CAAC,IAAI,CAAC,UAAU,CAAC,EAAE;YACnC,IAAI;gBACH,MAAM,YAAY,GAAG,MAAM,kBAAE,CAAC,QAAQ,CAAC,IAAI,CAAC,UAAU,CAAC,CAAC;gBACxD,IAAI,UAAU,GAAG,IAAI,CAAC,KAAK,CAAC,YAAY,CAAC,CAAC;gBAC1C,KAAK,MAAM,OAAO,IAAI,UAAU,EAAE;oBACjC,QAAQ,CAAC,IAAI,CAAC,OAAO,CAAC,CAAC;iBACvB;gBACD,OAAO,OAAO,CAAC,OAAO,CAAC,QAAQ,CAAC,CAAC;aACjC;YAAC,MAAM;gBACP,OAAO,OAAO,CAAC,OAAO,CAAC,EAAE,CAAC,CAAC;aAC3B;SACD;aAAM;YACN,OAAO,OAAO,CAAC,OAAO,CAAC,EAAE,CAAC,CAAC;SAC3B;IACF,CAAC;IAEM,KAAK,CAAC,aAAa;QAEzB,IAAI,UAAU,GAAU,EAAE,CAAC;QAC3B,IAAI,kBAAE,CAAC,UAAU,CAAC,IAAI,CAAC,UAAU,CAAC,EAAE;YACnC,IAAI;gBACH,MAAM,YAAY,GAAG,MAAM,kBAAE,CAAC,QAAQ,CAAC,IAAI,CAAC,UAAU,CAAC,CAAC;gBACxD,IAAI,UAAU,GAAG,IAAI,CAAC,KAAK,CAAC,YAAY,CAAC,CAAC;gBAC1C,KAAK,MAAM,OAAO,IAAI,UAAU,EAAE;oBACjC,UAAU,CAAC,IAAI,CAAC,OAAO,CAAC,IAAI,CAAC,CAAC,CAAC;iBAC/B;gBACD,OAAO,OAAO,CAAC,OAAO,CAAC,UAAU,CAAC,CAAC;aACnC;YAAC,MAAM;gBACP,OAAO,OAAO,CAAC,OAAO,CAAC,EAAE,CAAC,CAAC;aAC3B;SACD;aAAM;YACN,OAAO,OAAO,CAAC,OAAO,CAAC,EAAE,CAAC,CAAC;SAC3B;IACF,CAAC;IAEM,KAAK,CAAC,mBAAmB;QAE/B,IAAI;YACH,IAAI,QAAQ,GAAG,kBAAE,CAAC,WAAW,CAAC,IAAI,CAAC,IAAI,CAAC,CAAC;YACzC,QAAQ,GAAG,QAAQ,CAAC,MAAM,CAAC,UAAS,KAAK;gBACxC,OAAO,KAAK,KAAK,oBAAoB,CAAC;YACvC,CAAC,CAAC,CAAC;YAEH,IAAI,qBAAqB,GAAiC,EAAE,CAAC;YAE7D,KAAK,MAAM,GAAG,IAAI,QAAQ,EAAE;gBAC3B,MAAM,OAAO,GAAG,IAAI,CAAC,WAAW,CAAC,GAAG,CAAC,CAAC;gBACtC,qBAAqB,CAAC,IAAI,CAAC,OAAO,CAAC,CAAC;aACpC;YAED,IAAI,cAAc,GAAG,MAAM,OAAO,CAAC,GAAG,CAAC,qBAAqB,CAAC,CAAC;YAC9D,OAAO,OAAO,CAAC,OAAO,CAAC,cAAc,CAAC,CAAC;SAEvC;QAAC,MAAM;YACP,OAAO,OAAO,CAAC,MAAM,CAAC,IAAI,6BAAY,CAAC,0BAA0B,CAAC,CAAC,CAAC;SACpE;IACF,CAAC;IAEM,KAAK,CAAC,WAAW,CAAC,UAAkB;QAE1C,MAAM,YAAY,GAAG,MAAM,kBAAE,CAAC,QAAQ,CAAC,IAAI,CAAC,IAAI,GAAG,GAAG,GAAG,UAAU,CAAC,CAAC;QACrE,IAAI,UAAU,GAAG,IAAI,CAAC,KAAK,CAAC,YAAY,CAAC,CAAC;QAC1C,IAAI,OAAqB,CAAC;QAC1B,IAAI,UAAU,CAAC,IAAI,KAAK,mCAAkB,CAAC,QAAQ,EAAC;YACnD,OAAO,GAAG,IAAI,8BAAoB,EAAE,CAAC;SACrC;aAAM;YACN,OAAO,GAAG,IAAI,2BAAiB,EAAE,CAAC;SAClC;QACD,OAAO,CAAC,kBAAkB,CAAC,UAAU,CAAC,CAAC;QACvC,OAAO,OAAO,CAAC,OAAO,CAAC,OAAO,CAAC,CAAC;IACjC,CAAC;CAiCD;AAnMD,iCAmMC","sourcesContent":["import {DatasetEntry} from \"../serviceHelpers/datasetConstruction/DatasetEntry\";\nimport {InsightDataset, InsightDatasetKind, InsightError, NotFoundError} from \"../controller/IInsightFacade\";\nimport fs from \"fs-extra\";\nimport SectionsDatasetEntry from \"../serviceHelpers/datasetConstruction/sectionsDataset/SectionsDatasetEntry\";\nimport RoomsDatasetEntry from \"../serviceHelpers/datasetConstruction/roomsDataset/RoomsDatasetEntry\";\n\n\nexport enum Operation {\n\tAdd = \"add\",\n\tRemove = \"remove\"\n}\n\nexport default class DatasetManager {\n\tprivate path = \"./data\";\n\tprivate ledgerPath = this.path + \"/datasetLedger.json\";\n\n\tconstructor() {\n\t\t/*\n\t\tLoad dataset ledger from disk.\n\t\t */\n\t\t// TODO: Load dataset ledger from disk.\n\t}\n\n\tpublic async saveDataset(dataset: DatasetEntry) {\n\t\t/*\n\t\tSave dataset onto disk, and also into ledger.\n\t\t */\n\t\tawait dataset.saveDataset(this.path);\n\t\tawait this.addDatasetEntry(dataset);\n\t\treturn Promise.resolve();\n\t}\n\n\tpublic async removeDataset(id: string) {\n\t\t/*\n\t\tRemove dataset from saved datasets.\n\t\t */\n\t\tconst datasetIds = await this.getDatasetIds();\n\t\tif (datasetIds.includes(id)) {\n\t\t\tawait this.removeDatasetFromDisk(id);\n\t\t\tawait this.removeDatasetFromLedger(id);\n\t\t\treturn Promise.resolve(id);\n\t\t} else {\n\t\t\treturn Promise.reject(new NotFoundError(\"Cannot remove nonexistent ID.\"));\n\t\t}\n\t}\n\n\tprivate async removeDatasetFromLedger(id: string) {\n\t\t/*\n\t\tRemoves dataset from on ledger storage.\n\t\t */\n\t\tlet datasets = await this.readDatasetLedger();\n\t\tdatasets = datasets.filter(function (dataset: any): boolean {\n\t\t\treturn dataset.id !== id;\n\t\t});\n\t\tawait this.saveDatasetLedger(datasets);\n\t\treturn Promise.resolve();\n\t}\n\n\tprivate async saveDatasetLedger(datasets: any[]) {\n\t\tlet content = JSON.stringify(datasets);\n\t\ttry {\n\t\t\tawait fs.writeJSON(this.ledgerPath, content, \"utf-8\");\n\t\t\treturn Promise.resolve();\n\t\t} catch(err) {\n\t\t\treturn Promise.reject(new InsightError(\"Could not write to file.\"));\n\t\t}\n\t}\n\n\tprivate async removeDatasetFromDisk(id: string) {\n\t\t/*\n\t\tRemoves dataset from on disk storage.\n\t\t */\n\t\ttry {\n\t\t\tlet dirFiles = fs.readdirSync(this.path);\n\t\t\tlet removeDir = dirFiles.filter(function(value) {\n\t\t\t\treturn value.includes(id);\n\t\t\t})[0];\n\t\t\tfs.removeSync(this.path + \"/\" + removeDir);\n\t\t\treturn Promise.resolve();\n\t\t} catch {\n\t\t\treturn Promise.reject(new NotFoundError(\"File in disk not found.\"));\n\t\t}\n\t}\n\n\tprivate async addDatasetEntry(dataset: DatasetEntry) {\n\n\t\tlet datasets: any[] = [];\n\n\t\ttry {\n\t\t\tconst file = await fs.readJSON(this.ledgerPath);\n\t\t\tlet ledgerJSON = JSON.parse(file);\n\t\t\tfor (const ledgerEntry of ledgerJSON) {\n\t\t\t\tdatasets.push(ledgerEntry);\n\t\t\t}\n\t\t\tdatasets.push(dataset.createInsightDataset());\n\t\t} catch {\n\t\t\tdatasets.push(dataset.createInsightDataset());\n\t\t}\n\t\tawait this.saveDatasetLedger(datasets);\n\t\treturn Promise.resolve();\n\t}\n\n\tpublic async readDatasetLedger(): Promise<InsightDataset[]> {\n\t\tlet datasets: any[] = [];\n\t\tif (fs.existsSync(this.ledgerPath)) {\n\t\t\ttry {\n\t\t\t\tconst fileContents = await fs.readJSON(this.ledgerPath);\n\t\t\t\tlet ledgerJSON = JSON.parse(fileContents);\n\t\t\t\tfor (const dataset of ledgerJSON) {\n\t\t\t\t\tdatasets.push(dataset);\n\t\t\t\t}\n\t\t\t\treturn Promise.resolve(datasets);\n\t\t\t} catch {\n\t\t\t\treturn Promise.resolve([]);\n\t\t\t}\n\t\t} else {\n\t\t\treturn Promise.resolve([]);\n\t\t}\n\t}\n\n\tpublic async getDatasetIds(): Promise<string[]>{\n\n\t\tlet datasetIds: any[] = [];\n\t\tif (fs.existsSync(this.ledgerPath)) {\n\t\t\ttry {\n\t\t\t\tconst fileContents = await fs.readJSON(this.ledgerPath);\n\t\t\t\tlet ledgerJSON = JSON.parse(fileContents);\n\t\t\t\tfor (const dataset of ledgerJSON) {\n\t\t\t\t\tdatasetIds.push(dataset[\"id\"]);\n\t\t\t\t}\n\t\t\t\treturn Promise.resolve(datasetIds);\n\t\t\t} catch {\n\t\t\t\treturn Promise.resolve([]);\n\t\t\t}\n\t\t} else {\n\t\t\treturn Promise.resolve([]);\n\t\t}\n\t}\n\n\tpublic async loadDatasetFromDisk(): Promise<DatasetEntry[]> {\n\t\t// return Promise.reject(\"Could not load datasets from disk.\");\n\t\ttry {\n\t\t\tlet dirFiles = fs.readdirSync(this.path);\n\t\t\tdirFiles = dirFiles.filter(function(value) {\n\t\t\t\treturn value !== \"datasetLedger.json\";\n\t\t\t});\n\n\t\t\tlet loadedDatasetPromises: Array<Promise<DatasetEntry>> = [];\n\n\t\t\tfor (const dir of dirFiles) {\n\t\t\t\tconst dataset = this.loadDataset(dir);\n\t\t\t\tloadedDatasetPromises.push(dataset);\n\t\t\t}\n\n\t\t\tlet datasetEntries = await Promise.all(loadedDatasetPromises);\n\t\t\treturn Promise.resolve(datasetEntries);\n\n\t\t} catch {\n\t\t\treturn Promise.reject(new InsightError(\"Could not load datasets.\"));\n\t\t}\n\t}\n\n\tpublic async loadDataset(datasetDir: string): Promise<DatasetEntry> {\n\t\t// let dataset = new SectionsDatasetEntry();\n\t\tconst fileContents = await fs.readJSON(this.path + \"/\" + datasetDir);\n\t\tlet objectJSON = JSON.parse(fileContents);\n\t\tlet dataset: DatasetEntry;\n\t\tif (objectJSON.kind === InsightDatasetKind.Sections){\n\t\t\tdataset = new SectionsDatasetEntry();\n\t\t} else {\n\t\t\tdataset = new RoomsDatasetEntry();\n\t\t}\n\t\tdataset.JSONToDatasetEntry(objectJSON);\n\t\treturn Promise.resolve(dataset);\n\t}\n\n\t// public async loadRoomsDatasetsFromDisk(): Promise<RoomsDatasetEntry[]> {\n\t// \t// return Promise.reject(\"Could not load datasets from disk.\");\n\t// \ttry {\n\t// \t\tlet dirFiles = fs.readdirSync(this.path);\n\t// \t\tdirFiles = dirFiles.filter(function(value) {\n\t// \t\t\treturn value !== \"datasetLedger.json\";\n\t// \t\t});\n\t//\n\t// \t\tlet loadedDatasetPromises: Array<Promise<RoomsDatasetEntry>> = [];\n\t//\n\t// \t\tfor (const dir of dirFiles) {\n\t// \t\t\tconst dataset = this.loadRoomsDataset(dir);\n\t// \t\t\tloadedDatasetPromises.push(dataset);\n\t// \t\t}\n\t//\n\t// \t\tlet datasetEntries = await Promise.all(loadedDatasetPromises);\n\t// \t\treturn Promise.resolve(datasetEntries);\n\t//\n\t// \t} catch {\n\t// \t\treturn Promise.reject(new InsightError(\"Could not load datasets.\"));\n\t// \t}\n\t// }\n\t//\n\t// public async loadRoomsDataset(datasetDir: string): Promise<RoomsDatasetEntry> {\n\t// \t// let dataset = new SectionsDatasetEntry();\n\t// \tconst fileContents = await fs.readJSON(this.path + \"/\" + datasetDir);\n\t// \tlet objectJSON = JSON.parse(fileContents);\n\t// \tlet dataset = new RoomsDatasetEntry();\n\t// \tdataset.JSONToDatasetEntry(objectJSON);\n\t// \treturn Promise.resolve(dataset);\n\t// }\n}\n"]},"_coverageSchema":"1a1c01bbd47fc00a2c39e90264f33305004495a9","hash":"25e7f60095c64a8ee43663c44dcfc56652d79b29","contentHash":"c1ecfd260af2ecdc96b74dcfc8fce2b126f6acb0f4cfb34faa77d6e819294a08"}}